[0.021s] Invoking command in '/home/r2/mobile/build/mobile_description': CMAKE_PREFIX_PATH=${CMAKE_PREFIX_PATH}:/home/r2/mobile/install/my_py_controllers:/opt/ros/humble /usr/bin/cmake --build /home/r2/mobile/build/mobile_description -- -j6 -l6
[0.045s] -- Found ament_cmake: 1.3.5 (/opt/ros/humble/share/ament_cmake/cmake)
[0.159s] -- Override CMake install command with custom implementation using symlinks instead of copying resources
[0.180s] -- Found rclcpp: 16.0.5 (/opt/ros/humble/share/rclcpp/cmake)
[0.225s] -- Found rosidl_generator_c: 3.1.5 (/opt/ros/humble/share/rosidl_generator_c/cmake)
[0.228s] -- Found rosidl_adapter: 3.1.5 (/opt/ros/humble/share/rosidl_adapter/cmake)
[0.238s] -- Found rosidl_generator_cpp: 3.1.5 (/opt/ros/humble/share/rosidl_generator_cpp/cmake)
[0.253s] -- Using all available rosidl_typesupport_c: rosidl_typesupport_fastrtps_c;rosidl_typesupport_introspection_c
[0.275s] -- Using all available rosidl_typesupport_cpp: rosidl_typesupport_fastrtps_cpp;rosidl_typesupport_introspection_cpp
[0.340s] -- Found rmw_implementation_cmake: 6.1.1 (/opt/ros/humble/share/rmw_implementation_cmake/cmake)
[0.343s] -- Found rmw_fastrtps_cpp: 6.2.3 (/opt/ros/humble/share/rmw_fastrtps_cpp/cmake)
[0.447s] -- Using RMW implementation 'rmw_fastrtps_cpp' as default
[0.591s] -- Found control_msgs: 4.4.0 (/opt/ros/humble/share/control_msgs/cmake)
[0.953s] -- Found nav_msgs: 4.2.3 (/opt/ros/humble/share/nav_msgs/cmake)
[1.017s] -- Found tf2_msgs: 0.25.3 (/opt/ros/humble/share/tf2_msgs/cmake)
[1.196s] -- Configuring done
[1.213s] -- Generating done
[1.215s] -- Build files have been written to: /home/r2/mobile/build/mobile_description
[1.236s] [35m[1mConsolidate compiler generated dependencies of target cmd_vel_mobile_controller[0m
[1.236s] [35m[1mConsolidate compiler generated dependencies of target cmd_joint_vel[0m
[1.247s] [ 50%] Built target cmd_vel_mobile_controller
[1.248s] [ 75%] [32mBuilding CXX object CMakeFiles/cmd_joint_vel.dir/examples/cmd_joint_vel_mobile.cpp.o[0m
[1.377s] [01m[K/home/r2/mobile/src/mobile_description/examples/cmd_joint_vel_mobile.cpp:4:10:[m[K [01;31m[Kfatal error: [m[Ktf2_msgs/msg/tf_message.hpp: No existe el archivo o el directorio
[1.377s]     4 | #include [01;31m[K"tf2_msgs/msg/tf_message.hpp"[m[K
[1.377s]       |          [01;31m[K^~~~~~~~~~~~~~~~~~~~~~~~~~~~~[m[K
[1.377s] compilation terminated.
[1.379s] gmake[2]: *** [CMakeFiles/cmd_joint_vel.dir/build.make:76: CMakeFiles/cmd_joint_vel.dir/examples/cmd_joint_vel_mobile.cpp.o] Error 1
[1.379s] gmake[1]: *** [CMakeFiles/Makefile2:165: CMakeFiles/cmd_joint_vel.dir/all] Error 2
[1.379s] gmake: *** [Makefile:146: all] Error 2
[1.382s] Invoked command in '/home/r2/mobile/build/mobile_description' returned '2': CMAKE_PREFIX_PATH=${CMAKE_PREFIX_PATH}:/home/r2/mobile/install/my_py_controllers:/opt/ros/humble /usr/bin/cmake --build /home/r2/mobile/build/mobile_description -- -j6 -l6
