[0.458s] Invoking command in '/home/r2/mobile/build/my_py_controllers': PYTHONPATH=/home/r2/mobile/build/my_py_controllers/prefix_override:/home/r2/mobile/install/my_py_controllers/lib/python3.10/site-packages:${PYTHONPATH} /usr/bin/python3 setup.py develop --uninstall --editable --build-directory /home/r2/mobile/build/my_py_controllers/build
[0.611s] running develop
[0.611s] /usr/lib/python3/dist-packages/setuptools/command/easy_install.py:158: EasyInstallDeprecationWarning: easy_install command is deprecated. Use build and pip and other standards-based tools.
[0.611s]   warnings.warn(
[0.611s] /usr/lib/python3/dist-packages/setuptools/command/install.py:34: SetuptoolsDeprecationWarning: setup.py install is deprecated. Use build and pip and other standards-based tools.
[0.611s]   warnings.warn(
[0.745s] Invoked command in '/home/r2/mobile/build/my_py_controllers' returned '0': PYTHONPATH=/home/r2/mobile/build/my_py_controllers/prefix_override:/home/r2/mobile/install/my_py_controllers/lib/python3.10/site-packages:${PYTHONPATH} /usr/bin/python3 setup.py develop --uninstall --editable --build-directory /home/r2/mobile/build/my_py_controllers/build
[0.747s] Invoking command in '/home/r2/mobile/src/my_py_controllers': PYTHONPATH=/home/r2/mobile/build/my_py_controllers/prefix_override:/home/r2/mobile/install/my_py_controllers/lib/python3.10/site-packages:${PYTHONPATH} /usr/bin/python3 setup.py egg_info --egg-base ../../build/my_py_controllers build --build-base /home/r2/mobile/build/my_py_controllers/build install --record /home/r2/mobile/build/my_py_controllers/install.log --single-version-externally-managed
[0.956s] running egg_info
[0.956s] writing ../../build/my_py_controllers/my_py_controllers.egg-info/PKG-INFO
[0.957s] writing dependency_links to ../../build/my_py_controllers/my_py_controllers.egg-info/dependency_links.txt
[0.957s] writing entry points to ../../build/my_py_controllers/my_py_controllers.egg-info/entry_points.txt
[0.957s] writing requirements to ../../build/my_py_controllers/my_py_controllers.egg-info/requires.txt
[0.957s] writing top-level names to ../../build/my_py_controllers/my_py_controllers.egg-info/top_level.txt
[0.959s] reading manifest file '../../build/my_py_controllers/my_py_controllers.egg-info/SOURCES.txt'
[0.960s] writing manifest file '../../build/my_py_controllers/my_py_controllers.egg-info/SOURCES.txt'
[0.960s] running build
[0.960s] running build_py
[0.960s] running install
[0.960s] /usr/lib/python3/dist-packages/setuptools/command/install.py:34: SetuptoolsDeprecationWarning: setup.py install is deprecated. Use build and pip and other standards-based tools.
[0.960s]   warnings.warn(
[0.961s] running install_lib
[0.962s] running install_data
[0.962s] running install_egg_info
[0.963s] removing '/home/r2/mobile/install/my_py_controllers/lib/python3.10/site-packages/my_py_controllers-0.0.0-py3.10.egg-info' (and everything under it)
[0.965s] Copying ../../build/my_py_controllers/my_py_controllers.egg-info to /home/r2/mobile/install/my_py_controllers/lib/python3.10/site-packages/my_py_controllers-0.0.0-py3.10.egg-info
[0.965s] running install_scripts
[0.982s] Installing cmd_vel_mobile_controller script to /home/r2/mobile/install/my_py_controllers/lib/my_py_controllers
[0.983s] writing list of installed files to '/home/r2/mobile/build/my_py_controllers/install.log'
[1.004s] Invoked command in '/home/r2/mobile/src/my_py_controllers' returned '0': PYTHONPATH=/home/r2/mobile/build/my_py_controllers/prefix_override:/home/r2/mobile/install/my_py_controllers/lib/python3.10/site-packages:${PYTHONPATH} /usr/bin/python3 setup.py egg_info --egg-base ../../build/my_py_controllers build --build-base /home/r2/mobile/build/my_py_controllers/build install --record /home/r2/mobile/build/my_py_controllers/install.log --single-version-externally-managed
