[0.292s] DEBUG:colcon:Command line arguments: ['/usr/bin/colcon', 'build']
[0.293s] DEBUG:colcon:Parsed command line arguments: Namespace(log_base=None, log_level=None, verb_name='build', build_base='build', install_base='install', merge_install=False, symlink_install=False, test_result_base=None, continue_on_error=False, executor='parallel', parallel_workers=6, event_handlers=None, ignore_user_meta=False, metas=['./colcon.meta'], base_paths=['.'], packages_ignore=None, packages_ignore_regex=None, paths=None, packages_up_to=None, packages_up_to_regex=None, packages_above=None, packages_above_and_dependencies=None, packages_above_depth=None, packages_select_by_dep=None, packages_skip_by_dep=None, packages_skip_up_to=None, packages_select_build_failed=False, packages_skip_build_finished=False, packages_select_test_failures=False, packages_skip_test_passed=False, packages_select=None, packages_skip=None, packages_select_regex=None, packages_skip_regex=None, packages_start=None, packages_end=None, allow_overriding=[], cmake_args=None, cmake_target=None, cmake_target_skip_unavailable=False, cmake_clean_cache=False, cmake_clean_first=False, cmake_force_configure=False, ament_cmake_args=None, catkin_cmake_args=None, catkin_skip_building_tests=False, verb_parser=<colcon_defaults.argument_parser.defaults.DefaultArgumentsDecorator object at 0x7f71e15279a0>, verb_extension=<colcon_core.verb.build.BuildVerb object at 0x7f71e16fdfc0>, main=<bound method BuildVerb.main of <colcon_core.verb.build.BuildVerb object at 0x7f71e16fdfc0>>)
[0.320s] Level 1:colcon.colcon_core.package_discovery:discover_packages(colcon_meta) check parameters
[0.320s] Level 1:colcon.colcon_core.package_discovery:discover_packages(recursive) check parameters
[0.320s] Level 1:colcon.colcon_core.package_discovery:discover_packages(ignore) check parameters
[0.320s] Level 1:colcon.colcon_core.package_discovery:discover_packages(path) check parameters
[0.320s] Level 1:colcon.colcon_core.package_discovery:discover_packages(colcon_meta) discover
[0.320s] Level 1:colcon.colcon_core.package_discovery:discover_packages(recursive) discover
[0.320s] INFO:colcon.colcon_core.package_discovery:Crawling recursively for packages in '/home/r2/mobile'
[0.320s] Level 1:colcon.colcon_core.package_identification:_identify(.) by extensions ['ignore', 'ignore_ament_install']
[0.320s] Level 1:colcon.colcon_core.package_identification:_identify(.) by extension 'ignore'
[0.320s] Level 1:colcon.colcon_core.package_identification:_identify(.) by extension 'ignore_ament_install'
[0.321s] Level 1:colcon.colcon_core.package_identification:_identify(.) by extensions ['colcon_pkg']
[0.321s] Level 1:colcon.colcon_core.package_identification:_identify(.) by extension 'colcon_pkg'
[0.321s] Level 1:colcon.colcon_core.package_identification:_identify(.) by extensions ['colcon_meta']
[0.321s] Level 1:colcon.colcon_core.package_identification:_identify(.) by extension 'colcon_meta'
[0.321s] Level 1:colcon.colcon_core.package_identification:_identify(.) by extensions ['ros']
[0.321s] Level 1:colcon.colcon_core.package_identification:_identify(.) by extension 'ros'
[0.331s] Level 1:colcon.colcon_core.package_identification:_identify(.) by extensions ['cmake', 'python']
[0.331s] Level 1:colcon.colcon_core.package_identification:_identify(.) by extension 'cmake'
[0.331s] Level 1:colcon.colcon_core.package_identification:_identify(.) by extension 'python'
[0.331s] Level 1:colcon.colcon_core.package_identification:_identify(.) by extensions ['python_setup_py']
[0.331s] Level 1:colcon.colcon_core.package_identification:_identify(.) by extension 'python_setup_py'
[0.331s] Level 1:colcon.colcon_core.package_identification:_identify(build) by extensions ['ignore', 'ignore_ament_install']
[0.331s] Level 1:colcon.colcon_core.package_identification:_identify(build) by extension 'ignore'
[0.331s] Level 1:colcon.colcon_core.package_identification:_identify(build) ignored
[0.331s] Level 1:colcon.colcon_core.package_identification:_identify(install) by extensions ['ignore', 'ignore_ament_install']
[0.331s] Level 1:colcon.colcon_core.package_identification:_identify(install) by extension 'ignore'
[0.331s] Level 1:colcon.colcon_core.package_identification:_identify(install) ignored
[0.331s] Level 1:colcon.colcon_core.package_identification:_identify(log) by extensions ['ignore', 'ignore_ament_install']
[0.332s] Level 1:colcon.colcon_core.package_identification:_identify(log) by extension 'ignore'
[0.332s] Level 1:colcon.colcon_core.package_identification:_identify(log) ignored
[0.332s] Level 1:colcon.colcon_core.package_identification:_identify(src) by extensions ['ignore', 'ignore_ament_install']
[0.332s] Level 1:colcon.colcon_core.package_identification:_identify(src) by extension 'ignore'
[0.332s] Level 1:colcon.colcon_core.package_identification:_identify(src) by extension 'ignore_ament_install'
[0.332s] Level 1:colcon.colcon_core.package_identification:_identify(src) by extensions ['colcon_pkg']
[0.332s] Level 1:colcon.colcon_core.package_identification:_identify(src) by extension 'colcon_pkg'
[0.332s] Level 1:colcon.colcon_core.package_identification:_identify(src) by extensions ['colcon_meta']
[0.332s] Level 1:colcon.colcon_core.package_identification:_identify(src) by extension 'colcon_meta'
[0.332s] Level 1:colcon.colcon_core.package_identification:_identify(src) by extensions ['ros']
[0.332s] Level 1:colcon.colcon_core.package_identification:_identify(src) by extension 'ros'
[0.332s] Level 1:colcon.colcon_core.package_identification:_identify(src) by extensions ['cmake', 'python']
[0.332s] Level 1:colcon.colcon_core.package_identification:_identify(src) by extension 'cmake'
[0.332s] Level 1:colcon.colcon_core.package_identification:_identify(src) by extension 'python'
[0.332s] Level 1:colcon.colcon_core.package_identification:_identify(src) by extensions ['python_setup_py']
[0.332s] Level 1:colcon.colcon_core.package_identification:_identify(src) by extension 'python_setup_py'
[0.332s] Level 1:colcon.colcon_core.package_identification:_identify(src/mobile_description) by extensions ['ignore', 'ignore_ament_install']
[0.332s] Level 1:colcon.colcon_core.package_identification:_identify(src/mobile_description) by extension 'ignore'
[0.332s] Level 1:colcon.colcon_core.package_identification:_identify(src/mobile_description) by extension 'ignore_ament_install'
[0.332s] Level 1:colcon.colcon_core.package_identification:_identify(src/mobile_description) by extensions ['colcon_pkg']
[0.332s] Level 1:colcon.colcon_core.package_identification:_identify(src/mobile_description) by extension 'colcon_pkg'
[0.332s] Level 1:colcon.colcon_core.package_identification:_identify(src/mobile_description) by extensions ['colcon_meta']
[0.332s] Level 1:colcon.colcon_core.package_identification:_identify(src/mobile_description) by extension 'colcon_meta'
[0.332s] Level 1:colcon.colcon_core.package_identification:_identify(src/mobile_description) by extensions ['ros']
[0.332s] Level 1:colcon.colcon_core.package_identification:_identify(src/mobile_description) by extension 'ros'
[0.335s] DEBUG:colcon.colcon_core.package_identification:Package 'src/mobile_description' with type 'ros.ament_cmake' and name 'mobile_description'
[0.335s] Level 1:colcon.colcon_core.package_identification:_identify(src/my_py_controllers) by extensions ['ignore', 'ignore_ament_install']
[0.335s] Level 1:colcon.colcon_core.package_identification:_identify(src/my_py_controllers) by extension 'ignore'
[0.335s] Level 1:colcon.colcon_core.package_identification:_identify(src/my_py_controllers) by extension 'ignore_ament_install'
[0.335s] Level 1:colcon.colcon_core.package_identification:_identify(src/my_py_controllers) by extensions ['colcon_pkg']
[0.335s] Level 1:colcon.colcon_core.package_identification:_identify(src/my_py_controllers) by extension 'colcon_pkg'
[0.335s] Level 1:colcon.colcon_core.package_identification:_identify(src/my_py_controllers) by extensions ['colcon_meta']
[0.335s] Level 1:colcon.colcon_core.package_identification:_identify(src/my_py_controllers) by extension 'colcon_meta'
[0.335s] Level 1:colcon.colcon_core.package_identification:_identify(src/my_py_controllers) by extensions ['ros']
[0.335s] Level 1:colcon.colcon_core.package_identification:_identify(src/my_py_controllers) by extension 'ros'
[0.336s] DEBUG:colcon.colcon_core.package_identification:Package 'src/my_py_controllers' with type 'ros.ament_python' and name 'my_py_controllers'
[0.336s] Level 1:colcon.colcon_core.package_discovery:discover_packages(recursive) using defaults
[0.336s] Level 1:colcon.colcon_core.package_discovery:discover_packages(ignore) discover
[0.336s] Level 1:colcon.colcon_core.package_discovery:discover_packages(ignore) using defaults
[0.336s] Level 1:colcon.colcon_core.package_discovery:discover_packages(path) discover
[0.336s] Level 1:colcon.colcon_core.package_discovery:discover_packages(path) using defaults
[0.357s] Level 1:colcon.colcon_core.package_discovery:discover_packages(prefix_path) check parameters
[0.357s] Level 1:colcon.colcon_core.package_discovery:discover_packages(prefix_path) discover
[0.359s] DEBUG:colcon.colcon_installed_package_information.package_discovery:Found 2 installed packages in /home/r2/mobile/install
[0.361s] DEBUG:colcon.colcon_installed_package_information.package_discovery:Found 322 installed packages in /opt/ros/humble
[0.363s] Level 1:colcon.colcon_core.package_discovery:discover_packages(prefix_path) using defaults
[0.426s] Level 5:colcon.colcon_core.verb:set package 'mobile_description' build argument 'cmake_args' from command line to 'None'
[0.427s] Level 5:colcon.colcon_core.verb:set package 'mobile_description' build argument 'cmake_target' from command line to 'None'
[0.427s] Level 5:colcon.colcon_core.verb:set package 'mobile_description' build argument 'cmake_target_skip_unavailable' from command line to 'False'
[0.427s] Level 5:colcon.colcon_core.verb:set package 'mobile_description' build argument 'cmake_clean_cache' from command line to 'False'
[0.427s] Level 5:colcon.colcon_core.verb:set package 'mobile_description' build argument 'cmake_clean_first' from command line to 'False'
[0.427s] Level 5:colcon.colcon_core.verb:set package 'mobile_description' build argument 'cmake_force_configure' from command line to 'False'
[0.427s] Level 5:colcon.colcon_core.verb:set package 'mobile_description' build argument 'ament_cmake_args' from command line to 'None'
[0.427s] Level 5:colcon.colcon_core.verb:set package 'mobile_description' build argument 'catkin_cmake_args' from command line to 'None'
[0.427s] Level 5:colcon.colcon_core.verb:set package 'mobile_description' build argument 'catkin_skip_building_tests' from command line to 'False'
[0.427s] DEBUG:colcon.colcon_core.verb:Building package 'mobile_description' with the following arguments: {'ament_cmake_args': None, 'build_base': '/home/r2/mobile/build/mobile_description', 'catkin_cmake_args': None, 'catkin_skip_building_tests': False, 'cmake_args': None, 'cmake_clean_cache': False, 'cmake_clean_first': False, 'cmake_force_configure': False, 'cmake_target': None, 'cmake_target_skip_unavailable': False, 'install_base': '/home/r2/mobile/install/mobile_description', 'merge_install': False, 'path': '/home/r2/mobile/src/mobile_description', 'symlink_install': False, 'test_result_base': None}
[0.428s] Level 5:colcon.colcon_core.verb:set package 'my_py_controllers' build argument 'cmake_args' from command line to 'None'
[0.428s] Level 5:colcon.colcon_core.verb:set package 'my_py_controllers' build argument 'cmake_target' from command line to 'None'
[0.428s] Level 5:colcon.colcon_core.verb:set package 'my_py_controllers' build argument 'cmake_target_skip_unavailable' from command line to 'False'
[0.428s] Level 5:colcon.colcon_core.verb:set package 'my_py_controllers' build argument 'cmake_clean_cache' from command line to 'False'
[0.428s] Level 5:colcon.colcon_core.verb:set package 'my_py_controllers' build argument 'cmake_clean_first' from command line to 'False'
[0.428s] Level 5:colcon.colcon_core.verb:set package 'my_py_controllers' build argument 'cmake_force_configure' from command line to 'False'
[0.428s] Level 5:colcon.colcon_core.verb:set package 'my_py_controllers' build argument 'ament_cmake_args' from command line to 'None'
[0.428s] Level 5:colcon.colcon_core.verb:set package 'my_py_controllers' build argument 'catkin_cmake_args' from command line to 'None'
[0.428s] Level 5:colcon.colcon_core.verb:set package 'my_py_controllers' build argument 'catkin_skip_building_tests' from command line to 'False'
[0.428s] DEBUG:colcon.colcon_core.verb:Building package 'my_py_controllers' with the following arguments: {'ament_cmake_args': None, 'build_base': '/home/r2/mobile/build/my_py_controllers', 'catkin_cmake_args': None, 'catkin_skip_building_tests': False, 'cmake_args': None, 'cmake_clean_cache': False, 'cmake_clean_first': False, 'cmake_force_configure': False, 'cmake_target': None, 'cmake_target_skip_unavailable': False, 'install_base': '/home/r2/mobile/install/my_py_controllers', 'merge_install': False, 'path': '/home/r2/mobile/src/my_py_controllers', 'symlink_install': False, 'test_result_base': None}
[0.429s] INFO:colcon.colcon_core.executor:Executing jobs using 'parallel' executor
[0.432s] DEBUG:colcon.colcon_parallel_executor.executor.parallel:run_until_complete
[0.432s] INFO:colcon.colcon_ros.task.ament_cmake.build:Building ROS package in '/home/r2/mobile/src/mobile_description' with build type 'ament_cmake'
[0.432s] INFO:colcon.colcon_cmake.task.cmake.build:Building CMake package in '/home/r2/mobile/src/mobile_description'
[0.436s] INFO:colcon.colcon_core.plugin_system:Skipping extension 'colcon_core.shell.bat': Not used on non-Windows systems
[0.436s] INFO:colcon.colcon_core.shell:Skip shell extension 'powershell' for command environment: Not usable outside of PowerShell
[0.436s] DEBUG:colcon.colcon_core.shell:Skip shell extension 'dsv' for command environment
[0.440s] INFO:colcon.colcon_ros.task.ament_python.build:Building ROS package in '/home/r2/mobile/src/my_py_controllers' with build type 'ament_python'
[0.441s] Level 1:colcon.colcon_core.shell:create_environment_hook('my_py_controllers', 'ament_prefix_path')
[0.442s] INFO:colcon.colcon_core.shell:Creating environment hook '/home/r2/mobile/install/my_py_controllers/share/my_py_controllers/hook/ament_prefix_path.ps1'
[0.443s] INFO:colcon.colcon_core.shell:Creating environment descriptor '/home/r2/mobile/install/my_py_controllers/share/my_py_controllers/hook/ament_prefix_path.dsv'
[0.443s] INFO:colcon.colcon_core.shell:Creating environment hook '/home/r2/mobile/install/my_py_controllers/share/my_py_controllers/hook/ament_prefix_path.sh'
[0.445s] INFO:colcon.colcon_core.shell:Skip shell extension 'powershell' for command environment: Not usable outside of PowerShell
[0.445s] DEBUG:colcon.colcon_core.shell:Skip shell extension 'dsv' for command environment
[0.455s] DEBUG:colcon.colcon_core.event_handler.log_command:Invoking command in '/home/r2/mobile/build/mobile_description': CMAKE_PREFIX_PATH=${CMAKE_PREFIX_PATH}:/home/r2/mobile/install/my_py_controllers:/opt/ros/humble /usr/bin/cmake --build /home/r2/mobile/build/mobile_description -- -j6 -l6
[0.678s] INFO:colcon.colcon_core.task.python.build:Building Python package in '/home/r2/mobile/src/my_py_controllers'
[0.680s] INFO:colcon.colcon_core.shell:Skip shell extension 'powershell' for command environment: Not usable outside of PowerShell
[0.680s] DEBUG:colcon.colcon_core.shell:Skip shell extension 'dsv' for command environment
[0.685s] DEBUG:colcon.colcon_core.event_handler.log_command:Invoked command in '/home/r2/mobile/build/mobile_description' returned '0': CMAKE_PREFIX_PATH=${CMAKE_PREFIX_PATH}:/home/r2/mobile/install/my_py_controllers:/opt/ros/humble /usr/bin/cmake --build /home/r2/mobile/build/mobile_description -- -j6 -l6
[0.713s] DEBUG:colcon.colcon_core.event_handler.log_command:Invoking command in '/home/r2/mobile/build/mobile_description': CMAKE_PREFIX_PATH=${CMAKE_PREFIX_PATH}:/home/r2/mobile/install/my_py_controllers:/opt/ros/humble /usr/bin/cmake --install /home/r2/mobile/build/mobile_description
[0.729s] Level 1:colcon.colcon_core.environment:create_environment_scripts_only(mobile_description)
[0.731s] DEBUG:colcon.colcon_core.event_handler.log_command:Invoked command in '/home/r2/mobile/build/mobile_description' returned '0': CMAKE_PREFIX_PATH=${CMAKE_PREFIX_PATH}:/home/r2/mobile/install/my_py_controllers:/opt/ros/humble /usr/bin/cmake --install /home/r2/mobile/build/mobile_description
[0.733s] Level 1:colcon.colcon_core.environment:checking '/home/r2/mobile/install/mobile_description' for CMake module files
[0.734s] Level 1:colcon.colcon_core.environment:checking '/home/r2/mobile/install/mobile_description' for CMake config files
[0.734s] Level 1:colcon.colcon_core.shell:create_environment_hook('mobile_description', 'cmake_prefix_path')
[0.735s] INFO:colcon.colcon_core.shell:Creating environment hook '/home/r2/mobile/install/mobile_description/share/mobile_description/hook/cmake_prefix_path.ps1'
[0.736s] INFO:colcon.colcon_core.shell:Creating environment descriptor '/home/r2/mobile/install/mobile_description/share/mobile_description/hook/cmake_prefix_path.dsv'
[0.736s] INFO:colcon.colcon_core.shell:Creating environment hook '/home/r2/mobile/install/mobile_description/share/mobile_description/hook/cmake_prefix_path.sh'
[0.737s] Level 1:colcon.colcon_core.environment:checking '/home/r2/mobile/install/mobile_description/lib'
[0.737s] Level 1:colcon.colcon_core.environment:checking '/home/r2/mobile/install/mobile_description/bin'
[0.737s] Level 1:colcon.colcon_core.environment:checking '/home/r2/mobile/install/mobile_description/lib/pkgconfig/mobile_description.pc'
[0.737s] Level 1:colcon.colcon_core.environment:checking '/home/r2/mobile/install/mobile_description/lib/python3.10/site-packages'
[0.738s] Level 1:colcon.colcon_core.environment:checking '/home/r2/mobile/install/mobile_description/bin'
[0.739s] INFO:colcon.colcon_core.shell:Creating package script '/home/r2/mobile/install/mobile_description/share/mobile_description/package.ps1'
[0.740s] INFO:colcon.colcon_core.shell:Creating package descriptor '/home/r2/mobile/install/mobile_description/share/mobile_description/package.dsv'
[0.741s] INFO:colcon.colcon_core.shell:Creating package script '/home/r2/mobile/install/mobile_description/share/mobile_description/package.sh'
[0.741s] INFO:colcon.colcon_core.shell:Creating package script '/home/r2/mobile/install/mobile_description/share/mobile_description/package.bash'
[0.742s] INFO:colcon.colcon_core.shell:Creating package script '/home/r2/mobile/install/mobile_description/share/mobile_description/package.zsh'
[0.743s] Level 1:colcon.colcon_core.environment:create_file_with_runtime_dependencies(/home/r2/mobile/install/mobile_description/share/colcon-core/packages/mobile_description)
[0.763s] Level 1:colcon.colcon_core.environment:create_environment_scripts_only(mobile_description)
[0.765s] Level 1:colcon.colcon_core.environment:checking '/home/r2/mobile/install/mobile_description' for CMake module files
[0.765s] Level 1:colcon.colcon_core.environment:checking '/home/r2/mobile/install/mobile_description' for CMake config files
[0.765s] Level 1:colcon.colcon_core.shell:create_environment_hook('mobile_description', 'cmake_prefix_path')
[0.767s] INFO:colcon.colcon_core.shell:Creating environment hook '/home/r2/mobile/install/mobile_description/share/mobile_description/hook/cmake_prefix_path.ps1'
[0.768s] INFO:colcon.colcon_core.shell:Creating environment descriptor '/home/r2/mobile/install/mobile_description/share/mobile_description/hook/cmake_prefix_path.dsv'
[0.768s] INFO:colcon.colcon_core.shell:Creating environment hook '/home/r2/mobile/install/mobile_description/share/mobile_description/hook/cmake_prefix_path.sh'
[0.769s] Level 1:colcon.colcon_core.environment:checking '/home/r2/mobile/install/mobile_description/lib'
[0.769s] Level 1:colcon.colcon_core.environment:checking '/home/r2/mobile/install/mobile_description/bin'
[0.769s] Level 1:colcon.colcon_core.environment:checking '/home/r2/mobile/install/mobile_description/lib/pkgconfig/mobile_description.pc'
[0.769s] Level 1:colcon.colcon_core.environment:checking '/home/r2/mobile/install/mobile_description/lib/python3.10/site-packages'
[0.769s] Level 1:colcon.colcon_core.environment:checking '/home/r2/mobile/install/mobile_description/bin'
[0.771s] INFO:colcon.colcon_core.shell:Creating package script '/home/r2/mobile/install/mobile_description/share/mobile_description/package.ps1'
[0.771s] INFO:colcon.colcon_core.shell:Creating package descriptor '/home/r2/mobile/install/mobile_description/share/mobile_description/package.dsv'
[0.771s] INFO:colcon.colcon_core.shell:Creating package script '/home/r2/mobile/install/mobile_description/share/mobile_description/package.sh'
[0.772s] INFO:colcon.colcon_core.shell:Creating package script '/home/r2/mobile/install/mobile_description/share/mobile_description/package.bash'
[0.772s] INFO:colcon.colcon_core.shell:Creating package script '/home/r2/mobile/install/mobile_description/share/mobile_description/package.zsh'
[0.772s] Level 1:colcon.colcon_core.environment:create_file_with_runtime_dependencies(/home/r2/mobile/install/mobile_description/share/colcon-core/packages/mobile_description)
[0.898s] DEBUG:colcon.colcon_core.event_handler.log_command:Invoking command in '/home/r2/mobile/build/my_py_controllers': PYTHONPATH=/home/r2/mobile/build/my_py_controllers/prefix_override:/home/r2/mobile/install/my_py_controllers/lib/python3.10/site-packages:${PYTHONPATH} /usr/bin/python3 setup.py develop --uninstall --editable --build-directory /home/r2/mobile/build/my_py_controllers/build
[1.281s] DEBUG:colcon.colcon_core.event_handler.log_command:Invoked command in '/home/r2/mobile/build/my_py_controllers' returned '0': PYTHONPATH=/home/r2/mobile/build/my_py_controllers/prefix_override:/home/r2/mobile/install/my_py_controllers/lib/python3.10/site-packages:${PYTHONPATH} /usr/bin/python3 setup.py develop --uninstall --editable --build-directory /home/r2/mobile/build/my_py_controllers/build
[1.283s] DEBUG:colcon.colcon_core.event_handler.log_command:Invoking command in '/home/r2/mobile/src/my_py_controllers': PYTHONPATH=/home/r2/mobile/build/my_py_controllers/prefix_override:/home/r2/mobile/install/my_py_controllers/lib/python3.10/site-packages:${PYTHONPATH} /usr/bin/python3 setup.py egg_info --egg-base ../../build/my_py_controllers build --build-base /home/r2/mobile/build/my_py_controllers/build install --record /home/r2/mobile/build/my_py_controllers/install.log --single-version-externally-managed
[1.532s] Level 1:colcon.colcon_core.environment:checking '/home/r2/mobile/install/my_py_controllers' for CMake module files
[1.532s] DEBUG:colcon.colcon_core.event_handler.log_command:Invoked command in '/home/r2/mobile/src/my_py_controllers' returned '0': PYTHONPATH=/home/r2/mobile/build/my_py_controllers/prefix_override:/home/r2/mobile/install/my_py_controllers/lib/python3.10/site-packages:${PYTHONPATH} /usr/bin/python3 setup.py egg_info --egg-base ../../build/my_py_controllers build --build-base /home/r2/mobile/build/my_py_controllers/build install --record /home/r2/mobile/build/my_py_controllers/install.log --single-version-externally-managed
[1.533s] Level 1:colcon.colcon_core.environment:checking '/home/r2/mobile/install/my_py_controllers' for CMake config files
[1.533s] Level 1:colcon.colcon_core.environment:checking '/home/r2/mobile/install/my_py_controllers/lib'
[1.533s] Level 1:colcon.colcon_core.environment:checking '/home/r2/mobile/install/my_py_controllers/bin'
[1.533s] Level 1:colcon.colcon_core.environment:checking '/home/r2/mobile/install/my_py_controllers/lib/pkgconfig/my_py_controllers.pc'
[1.533s] Level 1:colcon.colcon_core.environment:checking '/home/r2/mobile/install/my_py_controllers/lib/python3.10/site-packages'
[1.533s] Level 1:colcon.colcon_core.shell:create_environment_hook('my_py_controllers', 'pythonpath')
[1.535s] INFO:colcon.colcon_core.shell:Creating environment hook '/home/r2/mobile/install/my_py_controllers/share/my_py_controllers/hook/pythonpath.ps1'
[1.535s] INFO:colcon.colcon_core.shell:Creating environment descriptor '/home/r2/mobile/install/my_py_controllers/share/my_py_controllers/hook/pythonpath.dsv'
[1.535s] INFO:colcon.colcon_core.shell:Creating environment hook '/home/r2/mobile/install/my_py_controllers/share/my_py_controllers/hook/pythonpath.sh'
[1.536s] Level 1:colcon.colcon_core.environment:checking '/home/r2/mobile/install/my_py_controllers/bin'
[1.536s] Level 1:colcon.colcon_core.environment:create_environment_scripts_only(my_py_controllers)
[1.537s] INFO:colcon.colcon_core.shell:Creating package script '/home/r2/mobile/install/my_py_controllers/share/my_py_controllers/package.ps1'
[1.538s] INFO:colcon.colcon_core.shell:Creating package descriptor '/home/r2/mobile/install/my_py_controllers/share/my_py_controllers/package.dsv'
[1.538s] INFO:colcon.colcon_core.shell:Creating package script '/home/r2/mobile/install/my_py_controllers/share/my_py_controllers/package.sh'
[1.538s] INFO:colcon.colcon_core.shell:Creating package script '/home/r2/mobile/install/my_py_controllers/share/my_py_controllers/package.bash'
[1.539s] INFO:colcon.colcon_core.shell:Creating package script '/home/r2/mobile/install/my_py_controllers/share/my_py_controllers/package.zsh'
[1.539s] Level 1:colcon.colcon_core.environment:create_file_with_runtime_dependencies(/home/r2/mobile/install/my_py_controllers/share/colcon-core/packages/my_py_controllers)
[1.540s] DEBUG:colcon.colcon_parallel_executor.executor.parallel:closing loop
[1.540s] DEBUG:colcon.colcon_parallel_executor.executor.parallel:loop closed
[1.540s] DEBUG:colcon.colcon_parallel_executor.executor.parallel:run_until_complete finished with '0'
[1.540s] DEBUG:colcon.colcon_core.event_reactor:joining thread
[1.545s] INFO:colcon.colcon_core.plugin_system:Skipping extension 'colcon_notification.desktop_notification.terminal_notifier': Not used on non-Darwin systems
[1.545s] INFO:colcon.colcon_core.plugin_system:Skipping extension 'colcon_notification.desktop_notification.win32': Not used on non-Windows systems
[1.545s] INFO:colcon.colcon_notification.desktop_notification:Sending desktop notification using 'notify2'
[1.555s] DEBUG:colcon.colcon_core.event_reactor:joined thread
[1.556s] INFO:colcon.colcon_core.shell:Creating prefix script '/home/r2/mobile/install/local_setup.ps1'
[1.557s] INFO:colcon.colcon_core.shell:Creating prefix util module '/home/r2/mobile/install/_local_setup_util_ps1.py'
[1.559s] INFO:colcon.colcon_core.shell:Creating prefix chain script '/home/r2/mobile/install/setup.ps1'
[1.560s] INFO:colcon.colcon_core.shell:Creating prefix script '/home/r2/mobile/install/local_setup.sh'
[1.561s] INFO:colcon.colcon_core.shell:Creating prefix util module '/home/r2/mobile/install/_local_setup_util_sh.py'
[1.561s] INFO:colcon.colcon_core.shell:Creating prefix chain script '/home/r2/mobile/install/setup.sh'
[1.563s] INFO:colcon.colcon_core.shell:Creating prefix script '/home/r2/mobile/install/local_setup.bash'
[1.563s] INFO:colcon.colcon_core.shell:Creating prefix chain script '/home/r2/mobile/install/setup.bash'
[1.564s] INFO:colcon.colcon_core.shell:Creating prefix script '/home/r2/mobile/install/local_setup.zsh'
[1.565s] INFO:colcon.colcon_core.shell:Creating prefix chain script '/home/r2/mobile/install/setup.zsh'
