[0.020s] Invoking command in '/home/r2/mobile/build/mobile_description': CMAKE_PREFIX_PATH=${CMAKE_PREFIX_PATH}:/home/r2/mobile/install/my_py_controllers:/opt/ros/humble /usr/bin/cmake --build /home/r2/mobile/build/mobile_description -- -j6 -l6
[0.061s] [ 50%] Built target cmd_vel_mobile_controller
[0.061s] [ 50%] [32mBuilding CXX object CMakeFiles/cmd_joint_torque.dir/examples/cmd_joint_torque_mobile.cpp.o[0m
[0.062s] [ 83%] Built target cmd_joint_vel
[6.853s] [100%] [32m[1mLinking CXX executable cmd_joint_torque[0m
[7.175s] [100%] Built target cmd_joint_torque
[7.183s] Invoked command in '/home/r2/mobile/build/mobile_description' returned '0': CMAKE_PREFIX_PATH=${CMAKE_PREFIX_PATH}:/home/r2/mobile/install/my_py_controllers:/opt/ros/humble /usr/bin/cmake --build /home/r2/mobile/build/mobile_description -- -j6 -l6
[7.209s] Invoking command in '/home/r2/mobile/build/mobile_description': CMAKE_PREFIX_PATH=${CMAKE_PREFIX_PATH}:/home/r2/mobile/install/my_py_controllers:/opt/ros/humble /usr/bin/cmake --install /home/r2/mobile/build/mobile_description
[7.214s] -- Install configuration: ""
[7.215s] -- Execute custom install script
[7.215s] -- Up-to-date symlink: /home/r2/mobile/install/mobile_description/share/mobile_description//config/ekf.yaml
[7.215s] -- Up-to-date symlink: /home/r2/mobile/install/mobile_description/share/mobile_description//config/mobile_torque_controller.yaml
[7.215s] -- Up-to-date symlink: /home/r2/mobile/install/mobile_description/share/mobile_description//config/mobile_velocity_controller.yaml
[7.215s] -- Up-to-date symlink: /home/r2/mobile/install/mobile_description/share/mobile_description//examples/cmd_joint_torque_mobile.cpp
[7.216s] -- Up-to-date symlink: /home/r2/mobile/install/mobile_description/share/mobile_description//examples/cmd_joint_vel_mobile.cpp
[7.216s] -- Up-to-date symlink: /home/r2/mobile/install/mobile_description/share/mobile_description//examples/cmd_vel_mobile.cpp
[7.216s] -- Up-to-date symlink: /home/r2/mobile/install/mobile_description/share/mobile_description//examples/odom_pub.cpp
[7.216s] -- Up-to-date symlink: /home/r2/mobile/install/mobile_description/share/mobile_description//launch/display.launch.xml
[7.216s] -- Up-to-date symlink: /home/r2/mobile/install/mobile_description/share/mobile_description//launch/mobile_example_torque.launch.py
[7.216s] -- Up-to-date symlink: /home/r2/mobile/install/mobile_description/share/mobile_description//launch/mobile_example_velocity.launch.py
[7.216s] -- Up-to-date symlink: /home/r2/mobile/install/mobile_description/share/mobile_description//meshes/base_link.STL
[7.216s] -- Up-to-date symlink: /home/r2/mobile/install/mobile_description/share/mobile_description//meshes/camera_link.STL
[7.217s] -- Up-to-date symlink: /home/r2/mobile/install/mobile_description/share/mobile_description//meshes/caster_base.STL
[7.217s] -- Up-to-date symlink: /home/r2/mobile/install/mobile_description/share/mobile_description//meshes/caster_wheel_joint.STL
[7.217s] -- Up-to-date symlink: /home/r2/mobile/install/mobile_description/share/mobile_description//meshes/jetson_link.STL
[7.217s] -- Up-to-date symlink: /home/r2/mobile/install/mobile_description/share/mobile_description//meshes/left_wheel.STL
[7.217s] -- Up-to-date symlink: /home/r2/mobile/install/mobile_description/share/mobile_description//meshes/lidar_link.STL
[7.217s] -- Up-to-date symlink: /home/r2/mobile/install/mobile_description/share/mobile_description//meshes/right_wheel.STL
[7.217s] -- Up-to-date symlink: /home/r2/mobile/install/mobile_description/share/mobile_description//rviz/rviz_config.rviz
[7.217s] -- Up-to-date symlink: /home/r2/mobile/install/mobile_description/share/mobile_description//urdf/camera.xacro
[7.218s] -- Up-to-date symlink: /home/r2/mobile/install/mobile_description/share/mobile_description//urdf/common_mobile.xacro
[7.218s] -- Up-to-date symlink: /home/r2/mobile/install/mobile_description/share/mobile_description//urdf/imu.xacro
[7.218s] -- Up-to-date symlink: /home/r2/mobile/install/mobile_description/share/mobile_description//urdf/lidar.xacro
[7.218s] -- Up-to-date symlink: /home/r2/mobile/install/mobile_description/share/mobile_description//urdf/mobile.urdf.xacro
[7.218s] -- Up-to-date symlink: /home/r2/mobile/install/mobile_description/share/mobile_description//urdf/mobile.xacro
[7.218s] -- Up-to-date symlink: /home/r2/mobile/install/mobile_description/share/mobile_description//urdf/mobile_gazebo.xacro
[7.218s] -- Up-to-date symlink: /home/r2/mobile/install/mobile_description/share/mobile_description//urdf/mobile_torque.urdf.xacro
[7.218s] -- Up-to-date symlink: /home/r2/mobile/install/mobile_description/share/mobile_description//urdf/mobile_torque.xacro
[7.218s] -- Up-to-date symlink: /home/r2/mobile/install/mobile_description/share/mobile_description//urdf/mobile_velocity.urdf.xacro
[7.218s] -- Up-to-date symlink: /home/r2/mobile/install/mobile_description/share/mobile_description//urdf/mobile_velocity.xacro
[7.219s] -- Up-to-date symlink: /home/r2/mobile/install/mobile_description/lib/mobile_description/cmd_vel_mobile_controller
[7.219s] -- Up-to-date symlink: /home/r2/mobile/install/mobile_description/lib/mobile_description/cmd_joint_vel
[7.219s] -- Up-to-date symlink: /home/r2/mobile/install/mobile_description/lib/mobile_description/cmd_joint_torque
[7.219s] -- Up-to-date symlink: /home/r2/mobile/install/mobile_description/share/ament_index/resource_index/package_run_dependencies/mobile_description
[7.219s] -- Up-to-date symlink: /home/r2/mobile/install/mobile_description/share/ament_index/resource_index/parent_prefix_path/mobile_description
[7.219s] -- Up-to-date symlink: /home/r2/mobile/install/mobile_description/share/mobile_description/environment/ament_prefix_path.sh
[7.219s] -- Up-to-date symlink: /home/r2/mobile/install/mobile_description/share/mobile_description/environment/ament_prefix_path.dsv
[7.220s] -- Up-to-date symlink: /home/r2/mobile/install/mobile_description/share/mobile_description/environment/path.sh
[7.220s] -- Up-to-date symlink: /home/r2/mobile/install/mobile_description/share/mobile_description/environment/path.dsv
[7.220s] -- Up-to-date symlink: /home/r2/mobile/install/mobile_description/share/mobile_description/local_setup.bash
[7.220s] -- Up-to-date symlink: /home/r2/mobile/install/mobile_description/share/mobile_description/local_setup.sh
[7.220s] -- Up-to-date symlink: /home/r2/mobile/install/mobile_description/share/mobile_description/local_setup.zsh
[7.220s] -- Up-to-date symlink: /home/r2/mobile/install/mobile_description/share/mobile_description/local_setup.dsv
[7.220s] -- Symlinking: /home/r2/mobile/install/mobile_description/share/mobile_description/package.dsv
[7.226s] -- Up-to-date symlink: /home/r2/mobile/install/mobile_description/share/ament_index/resource_index/packages/mobile_description
[7.226s] -- Up-to-date symlink: /home/r2/mobile/install/mobile_description/share/mobile_description/cmake/mobile_descriptionConfig.cmake
[7.226s] -- Up-to-date symlink: /home/r2/mobile/install/mobile_description/share/mobile_description/cmake/mobile_descriptionConfig-version.cmake
[7.226s] -- Up-to-date symlink: /home/r2/mobile/install/mobile_description/share/mobile_description/package.xml
[7.227s] Invoked command in '/home/r2/mobile/build/mobile_description' returned '0': CMAKE_PREFIX_PATH=${CMAKE_PREFIX_PATH}:/home/r2/mobile/install/my_py_controllers:/opt/ros/humble /usr/bin/cmake --install /home/r2/mobile/build/mobile_description
