[0.311s] DEBUG:colcon:Command line arguments: ['/usr/bin/colcon', 'build']
[0.311s] DEBUG:colcon:Parsed command line arguments: Namespace(log_base=None, log_level=None, verb_name='build', build_base='build', install_base='install', merge_install=False, symlink_install=False, test_result_base=None, continue_on_error=False, executor='parallel', parallel_workers=6, event_handlers=None, ignore_user_meta=False, metas=['./colcon.meta'], base_paths=['.'], packages_ignore=None, packages_ignore_regex=None, paths=None, packages_up_to=None, packages_up_to_regex=None, packages_above=None, packages_above_and_dependencies=None, packages_above_depth=None, packages_select_by_dep=None, packages_skip_by_dep=None, packages_skip_up_to=None, packages_select_build_failed=False, packages_skip_build_finished=False, packages_select_test_failures=False, packages_skip_test_passed=False, packages_select=None, packages_skip=None, packages_select_regex=None, packages_skip_regex=None, packages_start=None, packages_end=None, allow_overriding=[], cmake_args=None, cmake_target=None, cmake_target_skip_unavailable=False, cmake_clean_cache=False, cmake_clean_first=False, cmake_force_configure=False, ament_cmake_args=None, catkin_cmake_args=None, catkin_skip_building_tests=False, verb_parser=<colcon_defaults.argument_parser.defaults.DefaultArgumentsDecorator object at 0x7f1c670a3820>, verb_extension=<colcon_core.verb.build.BuildVerb object at 0x7f1c671f9e70>, main=<bound method BuildVerb.main of <colcon_core.verb.build.BuildVerb object at 0x7f1c671f9e70>>)
[0.341s] Level 1:colcon.colcon_core.package_discovery:discover_packages(colcon_meta) check parameters
[0.341s] Level 1:colcon.colcon_core.package_discovery:discover_packages(recursive) check parameters
[0.341s] Level 1:colcon.colcon_core.package_discovery:discover_packages(ignore) check parameters
[0.341s] Level 1:colcon.colcon_core.package_discovery:discover_packages(path) check parameters
[0.341s] Level 1:colcon.colcon_core.package_discovery:discover_packages(colcon_meta) discover
[0.341s] Level 1:colcon.colcon_core.package_discovery:discover_packages(recursive) discover
[0.341s] INFO:colcon.colcon_core.package_discovery:Crawling recursively for packages in '/home/r2/mobile'
[0.341s] Level 1:colcon.colcon_core.package_identification:_identify(.) by extensions ['ignore', 'ignore_ament_install']
[0.342s] Level 1:colcon.colcon_core.package_identification:_identify(.) by extension 'ignore'
[0.342s] Level 1:colcon.colcon_core.package_identification:_identify(.) by extension 'ignore_ament_install'
[0.342s] Level 1:colcon.colcon_core.package_identification:_identify(.) by extensions ['colcon_pkg']
[0.342s] Level 1:colcon.colcon_core.package_identification:_identify(.) by extension 'colcon_pkg'
[0.342s] Level 1:colcon.colcon_core.package_identification:_identify(.) by extensions ['colcon_meta']
[0.342s] Level 1:colcon.colcon_core.package_identification:_identify(.) by extension 'colcon_meta'
[0.342s] Level 1:colcon.colcon_core.package_identification:_identify(.) by extensions ['ros']
[0.342s] Level 1:colcon.colcon_core.package_identification:_identify(.) by extension 'ros'
[0.352s] Level 1:colcon.colcon_core.package_identification:_identify(.) by extensions ['cmake', 'python']
[0.352s] Level 1:colcon.colcon_core.package_identification:_identify(.) by extension 'cmake'
[0.352s] Level 1:colcon.colcon_core.package_identification:_identify(.) by extension 'python'
[0.352s] Level 1:colcon.colcon_core.package_identification:_identify(.) by extensions ['python_setup_py']
[0.352s] Level 1:colcon.colcon_core.package_identification:_identify(.) by extension 'python_setup_py'
[0.352s] Level 1:colcon.colcon_core.package_identification:_identify(build) by extensions ['ignore', 'ignore_ament_install']
[0.352s] Level 1:colcon.colcon_core.package_identification:_identify(build) by extension 'ignore'
[0.352s] Level 1:colcon.colcon_core.package_identification:_identify(build) ignored
[0.352s] Level 1:colcon.colcon_core.package_identification:_identify(install) by extensions ['ignore', 'ignore_ament_install']
[0.353s] Level 1:colcon.colcon_core.package_identification:_identify(install) by extension 'ignore'
[0.353s] Level 1:colcon.colcon_core.package_identification:_identify(install) ignored
[0.353s] Level 1:colcon.colcon_core.package_identification:_identify(log) by extensions ['ignore', 'ignore_ament_install']
[0.353s] Level 1:colcon.colcon_core.package_identification:_identify(log) by extension 'ignore'
[0.353s] Level 1:colcon.colcon_core.package_identification:_identify(log) ignored
[0.353s] Level 1:colcon.colcon_core.package_identification:_identify(src) by extensions ['ignore', 'ignore_ament_install']
[0.353s] Level 1:colcon.colcon_core.package_identification:_identify(src) by extension 'ignore'
[0.353s] Level 1:colcon.colcon_core.package_identification:_identify(src) by extension 'ignore_ament_install'
[0.353s] Level 1:colcon.colcon_core.package_identification:_identify(src) by extensions ['colcon_pkg']
[0.353s] Level 1:colcon.colcon_core.package_identification:_identify(src) by extension 'colcon_pkg'
[0.353s] Level 1:colcon.colcon_core.package_identification:_identify(src) by extensions ['colcon_meta']
[0.353s] Level 1:colcon.colcon_core.package_identification:_identify(src) by extension 'colcon_meta'
[0.353s] Level 1:colcon.colcon_core.package_identification:_identify(src) by extensions ['ros']
[0.353s] Level 1:colcon.colcon_core.package_identification:_identify(src) by extension 'ros'
[0.353s] Level 1:colcon.colcon_core.package_identification:_identify(src) by extensions ['cmake', 'python']
[0.353s] Level 1:colcon.colcon_core.package_identification:_identify(src) by extension 'cmake'
[0.353s] Level 1:colcon.colcon_core.package_identification:_identify(src) by extension 'python'
[0.353s] Level 1:colcon.colcon_core.package_identification:_identify(src) by extensions ['python_setup_py']
[0.353s] Level 1:colcon.colcon_core.package_identification:_identify(src) by extension 'python_setup_py'
[0.354s] Level 1:colcon.colcon_core.package_identification:_identify(src/mobile_description) by extensions ['ignore', 'ignore_ament_install']
[0.354s] Level 1:colcon.colcon_core.package_identification:_identify(src/mobile_description) by extension 'ignore'
[0.354s] Level 1:colcon.colcon_core.package_identification:_identify(src/mobile_description) by extension 'ignore_ament_install'
[0.354s] Level 1:colcon.colcon_core.package_identification:_identify(src/mobile_description) by extensions ['colcon_pkg']
[0.354s] Level 1:colcon.colcon_core.package_identification:_identify(src/mobile_description) by extension 'colcon_pkg'
[0.354s] Level 1:colcon.colcon_core.package_identification:_identify(src/mobile_description) by extensions ['colcon_meta']
[0.354s] Level 1:colcon.colcon_core.package_identification:_identify(src/mobile_description) by extension 'colcon_meta'
[0.354s] Level 1:colcon.colcon_core.package_identification:_identify(src/mobile_description) by extensions ['ros']
[0.354s] Level 1:colcon.colcon_core.package_identification:_identify(src/mobile_description) by extension 'ros'
[0.356s] DEBUG:colcon.colcon_core.package_identification:Package 'src/mobile_description' with type 'ros.ament_cmake' and name 'mobile_description'
[0.357s] Level 1:colcon.colcon_core.package_identification:_identify(src/my_py_controllers) by extensions ['ignore', 'ignore_ament_install']
[0.357s] Level 1:colcon.colcon_core.package_identification:_identify(src/my_py_controllers) by extension 'ignore'
[0.357s] Level 1:colcon.colcon_core.package_identification:_identify(src/my_py_controllers) by extension 'ignore_ament_install'
[0.357s] Level 1:colcon.colcon_core.package_identification:_identify(src/my_py_controllers) by extensions ['colcon_pkg']
[0.357s] Level 1:colcon.colcon_core.package_identification:_identify(src/my_py_controllers) by extension 'colcon_pkg'
[0.357s] Level 1:colcon.colcon_core.package_identification:_identify(src/my_py_controllers) by extensions ['colcon_meta']
[0.357s] Level 1:colcon.colcon_core.package_identification:_identify(src/my_py_controllers) by extension 'colcon_meta'
[0.357s] Level 1:colcon.colcon_core.package_identification:_identify(src/my_py_controllers) by extensions ['ros']
[0.357s] Level 1:colcon.colcon_core.package_identification:_identify(src/my_py_controllers) by extension 'ros'
[0.358s] DEBUG:colcon.colcon_core.package_identification:Package 'src/my_py_controllers' with type 'ros.ament_python' and name 'my_py_controllers'
[0.358s] Level 1:colcon.colcon_core.package_discovery:discover_packages(recursive) using defaults
[0.358s] Level 1:colcon.colcon_core.package_discovery:discover_packages(ignore) discover
[0.358s] Level 1:colcon.colcon_core.package_discovery:discover_packages(ignore) using defaults
[0.358s] Level 1:colcon.colcon_core.package_discovery:discover_packages(path) discover
[0.358s] Level 1:colcon.colcon_core.package_discovery:discover_packages(path) using defaults
[0.380s] Level 1:colcon.colcon_core.package_discovery:discover_packages(prefix_path) check parameters
[0.380s] Level 1:colcon.colcon_core.package_discovery:discover_packages(prefix_path) discover
[0.382s] DEBUG:colcon.colcon_installed_package_information.package_discovery:Found 2 installed packages in /home/r2/mobile/install
[0.384s] DEBUG:colcon.colcon_installed_package_information.package_discovery:Found 322 installed packages in /opt/ros/humble
[0.386s] Level 1:colcon.colcon_core.package_discovery:discover_packages(prefix_path) using defaults
[0.450s] Level 5:colcon.colcon_core.verb:set package 'mobile_description' build argument 'cmake_args' from command line to 'None'
[0.450s] Level 5:colcon.colcon_core.verb:set package 'mobile_description' build argument 'cmake_target' from command line to 'None'
[0.450s] Level 5:colcon.colcon_core.verb:set package 'mobile_description' build argument 'cmake_target_skip_unavailable' from command line to 'False'
[0.450s] Level 5:colcon.colcon_core.verb:set package 'mobile_description' build argument 'cmake_clean_cache' from command line to 'False'
[0.450s] Level 5:colcon.colcon_core.verb:set package 'mobile_description' build argument 'cmake_clean_first' from command line to 'False'
[0.450s] Level 5:colcon.colcon_core.verb:set package 'mobile_description' build argument 'cmake_force_configure' from command line to 'False'
[0.450s] Level 5:colcon.colcon_core.verb:set package 'mobile_description' build argument 'ament_cmake_args' from command line to 'None'
[0.451s] Level 5:colcon.colcon_core.verb:set package 'mobile_description' build argument 'catkin_cmake_args' from command line to 'None'
[0.451s] Level 5:colcon.colcon_core.verb:set package 'mobile_description' build argument 'catkin_skip_building_tests' from command line to 'False'
[0.451s] DEBUG:colcon.colcon_core.verb:Building package 'mobile_description' with the following arguments: {'ament_cmake_args': None, 'build_base': '/home/r2/mobile/build/mobile_description', 'catkin_cmake_args': None, 'catkin_skip_building_tests': False, 'cmake_args': None, 'cmake_clean_cache': False, 'cmake_clean_first': False, 'cmake_force_configure': False, 'cmake_target': None, 'cmake_target_skip_unavailable': False, 'install_base': '/home/r2/mobile/install/mobile_description', 'merge_install': False, 'path': '/home/r2/mobile/src/mobile_description', 'symlink_install': False, 'test_result_base': None}
[0.452s] Level 5:colcon.colcon_core.verb:set package 'my_py_controllers' build argument 'cmake_args' from command line to 'None'
[0.452s] Level 5:colcon.colcon_core.verb:set package 'my_py_controllers' build argument 'cmake_target' from command line to 'None'
[0.452s] Level 5:colcon.colcon_core.verb:set package 'my_py_controllers' build argument 'cmake_target_skip_unavailable' from command line to 'False'
[0.452s] Level 5:colcon.colcon_core.verb:set package 'my_py_controllers' build argument 'cmake_clean_cache' from command line to 'False'
[0.452s] Level 5:colcon.colcon_core.verb:set package 'my_py_controllers' build argument 'cmake_clean_first' from command line to 'False'
[0.452s] Level 5:colcon.colcon_core.verb:set package 'my_py_controllers' build argument 'cmake_force_configure' from command line to 'False'
[0.452s] Level 5:colcon.colcon_core.verb:set package 'my_py_controllers' build argument 'ament_cmake_args' from command line to 'None'
[0.452s] Level 5:colcon.colcon_core.verb:set package 'my_py_controllers' build argument 'catkin_cmake_args' from command line to 'None'
[0.452s] Level 5:colcon.colcon_core.verb:set package 'my_py_controllers' build argument 'catkin_skip_building_tests' from command line to 'False'
[0.452s] DEBUG:colcon.colcon_core.verb:Building package 'my_py_controllers' with the following arguments: {'ament_cmake_args': None, 'build_base': '/home/r2/mobile/build/my_py_controllers', 'catkin_cmake_args': None, 'catkin_skip_building_tests': False, 'cmake_args': None, 'cmake_clean_cache': False, 'cmake_clean_first': False, 'cmake_force_configure': False, 'cmake_target': None, 'cmake_target_skip_unavailable': False, 'install_base': '/home/r2/mobile/install/my_py_controllers', 'merge_install': False, 'path': '/home/r2/mobile/src/my_py_controllers', 'symlink_install': False, 'test_result_base': None}
[0.452s] INFO:colcon.colcon_core.executor:Executing jobs using 'parallel' executor
[0.456s] DEBUG:colcon.colcon_parallel_executor.executor.parallel:run_until_complete
[0.456s] INFO:colcon.colcon_ros.task.ament_cmake.build:Building ROS package in '/home/r2/mobile/src/mobile_description' with build type 'ament_cmake'
[0.456s] INFO:colcon.colcon_cmake.task.cmake.build:Building CMake package in '/home/r2/mobile/src/mobile_description'
[0.460s] INFO:colcon.colcon_core.plugin_system:Skipping extension 'colcon_core.shell.bat': Not used on non-Windows systems
[0.460s] INFO:colcon.colcon_core.shell:Skip shell extension 'powershell' for command environment: Not usable outside of PowerShell
[0.460s] DEBUG:colcon.colcon_core.shell:Skip shell extension 'dsv' for command environment
[0.464s] INFO:colcon.colcon_ros.task.ament_python.build:Building ROS package in '/home/r2/mobile/src/my_py_controllers' with build type 'ament_python'
[0.464s] Level 1:colcon.colcon_core.shell:create_environment_hook('my_py_controllers', 'ament_prefix_path')
[0.466s] INFO:colcon.colcon_core.shell:Creating environment hook '/home/r2/mobile/install/my_py_controllers/share/my_py_controllers/hook/ament_prefix_path.ps1'
[0.467s] INFO:colcon.colcon_core.shell:Creating environment descriptor '/home/r2/mobile/install/my_py_controllers/share/my_py_controllers/hook/ament_prefix_path.dsv'
[0.467s] INFO:colcon.colcon_core.shell:Creating environment hook '/home/r2/mobile/install/my_py_controllers/share/my_py_controllers/hook/ament_prefix_path.sh'
[0.469s] INFO:colcon.colcon_core.shell:Skip shell extension 'powershell' for command environment: Not usable outside of PowerShell
[0.469s] DEBUG:colcon.colcon_core.shell:Skip shell extension 'dsv' for command environment
[0.478s] DEBUG:colcon.colcon_core.event_handler.log_command:Invoking command in '/home/r2/mobile/build/mobile_description': CMAKE_PREFIX_PATH=${CMAKE_PREFIX_PATH}:/home/r2/mobile/install/my_py_controllers:/opt/ros/humble /usr/bin/cmake --build /home/r2/mobile/build/mobile_description -- -j6 -l6
[0.704s] INFO:colcon.colcon_core.task.python.build:Building Python package in '/home/r2/mobile/src/my_py_controllers'
[0.705s] INFO:colcon.colcon_core.shell:Skip shell extension 'powershell' for command environment: Not usable outside of PowerShell
[0.705s] DEBUG:colcon.colcon_core.shell:Skip shell extension 'dsv' for command environment
[1.017s] DEBUG:colcon.colcon_core.event_handler.log_command:Invoking command in '/home/r2/mobile/build/my_py_controllers': PYTHONPATH=/home/r2/mobile/build/my_py_controllers/prefix_override:/home/r2/mobile/install/my_py_controllers/lib/python3.10/site-packages:${PYTHONPATH} /usr/bin/python3 setup.py develop --uninstall --editable --build-directory /home/r2/mobile/build/my_py_controllers/build
[1.400s] DEBUG:colcon.colcon_core.event_handler.log_command:Invoked command in '/home/r2/mobile/build/my_py_controllers' returned '0': PYTHONPATH=/home/r2/mobile/build/my_py_controllers/prefix_override:/home/r2/mobile/install/my_py_controllers/lib/python3.10/site-packages:${PYTHONPATH} /usr/bin/python3 setup.py develop --uninstall --editable --build-directory /home/r2/mobile/build/my_py_controllers/build
[1.402s] DEBUG:colcon.colcon_core.event_handler.log_command:Invoking command in '/home/r2/mobile/src/my_py_controllers': PYTHONPATH=/home/r2/mobile/build/my_py_controllers/prefix_override:/home/r2/mobile/install/my_py_controllers/lib/python3.10/site-packages:${PYTHONPATH} /usr/bin/python3 setup.py egg_info --egg-base ../../build/my_py_controllers build --build-base /home/r2/mobile/build/my_py_controllers/build install --record /home/r2/mobile/build/my_py_controllers/install.log --single-version-externally-managed
[1.610s] DEBUG:colcon.colcon_core.event_handler.log_command:Invoked command in '/home/r2/mobile/src/my_py_controllers' returned '0': PYTHONPATH=/home/r2/mobile/build/my_py_controllers/prefix_override:/home/r2/mobile/install/my_py_controllers/lib/python3.10/site-packages:${PYTHONPATH} /usr/bin/python3 setup.py egg_info --egg-base ../../build/my_py_controllers build --build-base /home/r2/mobile/build/my_py_controllers/build install --record /home/r2/mobile/build/my_py_controllers/install.log --single-version-externally-managed
[1.614s] Level 1:colcon.colcon_core.environment:checking '/home/r2/mobile/install/my_py_controllers' for CMake module files
[1.615s] Level 1:colcon.colcon_core.environment:checking '/home/r2/mobile/install/my_py_controllers' for CMake config files
[1.615s] Level 1:colcon.colcon_core.environment:checking '/home/r2/mobile/install/my_py_controllers/lib'
[1.615s] Level 1:colcon.colcon_core.environment:checking '/home/r2/mobile/install/my_py_controllers/bin'
[1.615s] Level 1:colcon.colcon_core.environment:checking '/home/r2/mobile/install/my_py_controllers/lib/pkgconfig/my_py_controllers.pc'
[1.616s] Level 1:colcon.colcon_core.environment:checking '/home/r2/mobile/install/my_py_controllers/lib/python3.10/site-packages'
[1.616s] Level 1:colcon.colcon_core.shell:create_environment_hook('my_py_controllers', 'pythonpath')
[1.616s] INFO:colcon.colcon_core.shell:Creating environment hook '/home/r2/mobile/install/my_py_controllers/share/my_py_controllers/hook/pythonpath.ps1'
[1.617s] INFO:colcon.colcon_core.shell:Creating environment descriptor '/home/r2/mobile/install/my_py_controllers/share/my_py_controllers/hook/pythonpath.dsv'
[1.617s] INFO:colcon.colcon_core.shell:Creating environment hook '/home/r2/mobile/install/my_py_controllers/share/my_py_controllers/hook/pythonpath.sh'
[1.618s] Level 1:colcon.colcon_core.environment:checking '/home/r2/mobile/install/my_py_controllers/bin'
[1.618s] Level 1:colcon.colcon_core.environment:create_environment_scripts_only(my_py_controllers)
[1.619s] INFO:colcon.colcon_core.shell:Creating package script '/home/r2/mobile/install/my_py_controllers/share/my_py_controllers/package.ps1'
[1.620s] INFO:colcon.colcon_core.shell:Creating package descriptor '/home/r2/mobile/install/my_py_controllers/share/my_py_controllers/package.dsv'
[1.621s] INFO:colcon.colcon_core.shell:Creating package script '/home/r2/mobile/install/my_py_controllers/share/my_py_controllers/package.sh'
[1.622s] INFO:colcon.colcon_core.shell:Creating package script '/home/r2/mobile/install/my_py_controllers/share/my_py_controllers/package.bash'
[1.623s] INFO:colcon.colcon_core.shell:Creating package script '/home/r2/mobile/install/my_py_controllers/share/my_py_controllers/package.zsh'
[1.623s] Level 1:colcon.colcon_core.environment:create_file_with_runtime_dependencies(/home/r2/mobile/install/my_py_controllers/share/colcon-core/packages/my_py_controllers)
[11.797s] DEBUG:colcon.colcon_core.event_handler.log_command:Invoked command in '/home/r2/mobile/build/mobile_description' returned '0': CMAKE_PREFIX_PATH=${CMAKE_PREFIX_PATH}:/home/r2/mobile/install/my_py_controllers:/opt/ros/humble /usr/bin/cmake --build /home/r2/mobile/build/mobile_description -- -j6 -l6
[11.830s] DEBUG:colcon.colcon_core.event_handler.log_command:Invoking command in '/home/r2/mobile/build/mobile_description': CMAKE_PREFIX_PATH=${CMAKE_PREFIX_PATH}:/home/r2/mobile/install/my_py_controllers:/opt/ros/humble /usr/bin/cmake --install /home/r2/mobile/build/mobile_description
[11.859s] Level 1:colcon.colcon_core.environment:create_environment_scripts_only(mobile_description)
[11.859s] DEBUG:colcon.colcon_core.event_handler.log_command:Invoked command in '/home/r2/mobile/build/mobile_description' returned '0': CMAKE_PREFIX_PATH=${CMAKE_PREFIX_PATH}:/home/r2/mobile/install/my_py_controllers:/opt/ros/humble /usr/bin/cmake --install /home/r2/mobile/build/mobile_description
[11.862s] Level 1:colcon.colcon_core.environment:checking '/home/r2/mobile/install/mobile_description' for CMake module files
[11.862s] Level 1:colcon.colcon_core.environment:checking '/home/r2/mobile/install/mobile_description' for CMake config files
[11.863s] Level 1:colcon.colcon_core.shell:create_environment_hook('mobile_description', 'cmake_prefix_path')
[11.864s] INFO:colcon.colcon_core.shell:Creating environment hook '/home/r2/mobile/install/mobile_description/share/mobile_description/hook/cmake_prefix_path.ps1'
[11.864s] INFO:colcon.colcon_core.shell:Creating environment descriptor '/home/r2/mobile/install/mobile_description/share/mobile_description/hook/cmake_prefix_path.dsv'
[11.865s] INFO:colcon.colcon_core.shell:Creating environment hook '/home/r2/mobile/install/mobile_description/share/mobile_description/hook/cmake_prefix_path.sh'
[11.865s] Level 1:colcon.colcon_core.environment:checking '/home/r2/mobile/install/mobile_description/lib'
[11.865s] Level 1:colcon.colcon_core.environment:checking '/home/r2/mobile/install/mobile_description/bin'
[11.865s] Level 1:colcon.colcon_core.environment:checking '/home/r2/mobile/install/mobile_description/lib/pkgconfig/mobile_description.pc'
[11.866s] Level 1:colcon.colcon_core.environment:checking '/home/r2/mobile/install/mobile_description/lib/python3.10/site-packages'
[11.866s] Level 1:colcon.colcon_core.environment:checking '/home/r2/mobile/install/mobile_description/bin'
[11.867s] INFO:colcon.colcon_core.shell:Creating package script '/home/r2/mobile/install/mobile_description/share/mobile_description/package.ps1'
[11.868s] INFO:colcon.colcon_core.shell:Creating package descriptor '/home/r2/mobile/install/mobile_description/share/mobile_description/package.dsv'
[11.868s] INFO:colcon.colcon_core.shell:Creating package script '/home/r2/mobile/install/mobile_description/share/mobile_description/package.sh'
[11.869s] INFO:colcon.colcon_core.shell:Creating package script '/home/r2/mobile/install/mobile_description/share/mobile_description/package.bash'
[11.869s] INFO:colcon.colcon_core.shell:Creating package script '/home/r2/mobile/install/mobile_description/share/mobile_description/package.zsh'
[11.869s] Level 1:colcon.colcon_core.environment:create_file_with_runtime_dependencies(/home/r2/mobile/install/mobile_description/share/colcon-core/packages/mobile_description)
[11.894s] Level 1:colcon.colcon_core.environment:create_environment_scripts_only(mobile_description)
[11.896s] Level 1:colcon.colcon_core.environment:checking '/home/r2/mobile/install/mobile_description' for CMake module files
[11.896s] Level 1:colcon.colcon_core.environment:checking '/home/r2/mobile/install/mobile_description' for CMake config files
[11.897s] Level 1:colcon.colcon_core.shell:create_environment_hook('mobile_description', 'cmake_prefix_path')
[11.897s] INFO:colcon.colcon_core.shell:Creating environment hook '/home/r2/mobile/install/mobile_description/share/mobile_description/hook/cmake_prefix_path.ps1'
[11.898s] INFO:colcon.colcon_core.shell:Creating environment descriptor '/home/r2/mobile/install/mobile_description/share/mobile_description/hook/cmake_prefix_path.dsv'
[11.898s] INFO:colcon.colcon_core.shell:Creating environment hook '/home/r2/mobile/install/mobile_description/share/mobile_description/hook/cmake_prefix_path.sh'
[11.899s] Level 1:colcon.colcon_core.environment:checking '/home/r2/mobile/install/mobile_description/lib'
[11.899s] Level 1:colcon.colcon_core.environment:checking '/home/r2/mobile/install/mobile_description/bin'
[11.899s] Level 1:colcon.colcon_core.environment:checking '/home/r2/mobile/install/mobile_description/lib/pkgconfig/mobile_description.pc'
[11.899s] Level 1:colcon.colcon_core.environment:checking '/home/r2/mobile/install/mobile_description/lib/python3.10/site-packages'
[11.899s] Level 1:colcon.colcon_core.environment:checking '/home/r2/mobile/install/mobile_description/bin'
[11.901s] INFO:colcon.colcon_core.shell:Creating package script '/home/r2/mobile/install/mobile_description/share/mobile_description/package.ps1'
[11.901s] INFO:colcon.colcon_core.shell:Creating package descriptor '/home/r2/mobile/install/mobile_description/share/mobile_description/package.dsv'
[11.902s] INFO:colcon.colcon_core.shell:Creating package script '/home/r2/mobile/install/mobile_description/share/mobile_description/package.sh'
[11.902s] INFO:colcon.colcon_core.shell:Creating package script '/home/r2/mobile/install/mobile_description/share/mobile_description/package.bash'
[11.903s] INFO:colcon.colcon_core.shell:Creating package script '/home/r2/mobile/install/mobile_description/share/mobile_description/package.zsh'
[11.903s] Level 1:colcon.colcon_core.environment:create_file_with_runtime_dependencies(/home/r2/mobile/install/mobile_description/share/colcon-core/packages/mobile_description)
[11.904s] DEBUG:colcon.colcon_parallel_executor.executor.parallel:closing loop
[11.904s] DEBUG:colcon.colcon_parallel_executor.executor.parallel:loop closed
[11.904s] DEBUG:colcon.colcon_parallel_executor.executor.parallel:run_until_complete finished with '0'
[11.904s] DEBUG:colcon.colcon_core.event_reactor:joining thread
[11.910s] INFO:colcon.colcon_core.plugin_system:Skipping extension 'colcon_notification.desktop_notification.terminal_notifier': Not used on non-Darwin systems
[11.910s] INFO:colcon.colcon_core.plugin_system:Skipping extension 'colcon_notification.desktop_notification.win32': Not used on non-Windows systems
[11.910s] INFO:colcon.colcon_notification.desktop_notification:Sending desktop notification using 'notify2'
[11.923s] DEBUG:colcon.colcon_core.event_reactor:joined thread
[11.925s] INFO:colcon.colcon_core.shell:Creating prefix script '/home/r2/mobile/install/local_setup.ps1'
[11.926s] INFO:colcon.colcon_core.shell:Creating prefix util module '/home/r2/mobile/install/_local_setup_util_ps1.py'
[11.928s] INFO:colcon.colcon_core.shell:Creating prefix chain script '/home/r2/mobile/install/setup.ps1'
[11.929s] INFO:colcon.colcon_core.shell:Creating prefix script '/home/r2/mobile/install/local_setup.sh'
[11.930s] INFO:colcon.colcon_core.shell:Creating prefix util module '/home/r2/mobile/install/_local_setup_util_sh.py'
[11.930s] INFO:colcon.colcon_core.shell:Creating prefix chain script '/home/r2/mobile/install/setup.sh'
[11.932s] INFO:colcon.colcon_core.shell:Creating prefix script '/home/r2/mobile/install/local_setup.bash'
[11.933s] INFO:colcon.colcon_core.shell:Creating prefix chain script '/home/r2/mobile/install/setup.bash'
[11.935s] INFO:colcon.colcon_core.shell:Creating prefix script '/home/r2/mobile/install/local_setup.zsh'
[11.935s] INFO:colcon.colcon_core.shell:Creating prefix chain script '/home/r2/mobile/install/setup.zsh'
