[0.023s] Invoking command in '/home/r2/mobile/build/mobile_description': CMAKE_PREFIX_PATH=${CMAKE_PREFIX_PATH}:/home/r2/mobile/install/my_py_controllers:/opt/ros/humble /usr/bin/cmake --build /home/r2/mobile/build/mobile_description -- -j6 -l6
[0.059s] [35m[1mConsolidate compiler generated dependencies of target cmd_joint_vel[0m
[0.069s] [ 50%] Built target cmd_vel_mobile_controller
[0.071s] [ 75%] [32mBuilding CXX object CMakeFiles/cmd_joint_vel.dir/examples/cmd_joint_vel_mobile.cpp.o[0m
[2.307s] [01m[K/home/r2/mobile/src/mobile_description/examples/cmd_joint_vel_mobile.cpp:[m[K In member function ‘[01m[Kvoid MyCmdJointVel::odom_estimation(double, double&, double&, double&, double, double, double, double)[m[K’:
[2.307s] [01m[K/home/r2/mobile/src/mobile_description/examples/cmd_joint_vel_mobile.cpp:130:20:[m[K [01;35m[Kwarning: [m[Kunused variable ‘[01m[Kdtheta[m[K’ [[01;35m[K]8;;https://gcc.gnu.org/onlinedocs/gcc/Warning-Options.html#index-Wunused-variable-Wunused-variable]8;;[m[K]
[2.308s]   130 |             double [01;35m[Kdtheta[m[K=sdiff/b;
[2.308s]       |                    [01;35m[K^~~~~~[m[K
[10.527s] [100%] [32m[1mLinking CXX executable cmd_joint_vel[0m
[11.013s] [100%] Built target cmd_joint_vel
[11.021s] Invoked command in '/home/r2/mobile/build/mobile_description' returned '0': CMAKE_PREFIX_PATH=${CMAKE_PREFIX_PATH}:/home/r2/mobile/install/my_py_controllers:/opt/ros/humble /usr/bin/cmake --build /home/r2/mobile/build/mobile_description -- -j6 -l6
[11.049s] Invoking command in '/home/r2/mobile/build/mobile_description': CMAKE_PREFIX_PATH=${CMAKE_PREFIX_PATH}:/home/r2/mobile/install/my_py_controllers:/opt/ros/humble /usr/bin/cmake --install /home/r2/mobile/build/mobile_description
[11.054s] -- Install configuration: ""
[11.054s] -- Execute custom install script
[11.055s] -- Up-to-date symlink: /home/r2/mobile/install/mobile_description/share/mobile_description//config/ekf.yaml
[11.055s] -- Symlinking: /home/r2/mobile/install/mobile_description/share/mobile_description//config/mobile_torque_controller.yaml
[11.061s] -- Up-to-date symlink: /home/r2/mobile/install/mobile_description/share/mobile_description//config/mobile_velocity_controller.yaml
[11.061s] -- Symlinking: /home/r2/mobile/install/mobile_description/share/mobile_description//examples/cmd_joint_torque_mobile.cpp
[11.068s] -- Up-to-date symlink: /home/r2/mobile/install/mobile_description/share/mobile_description//examples/cmd_joint_vel_mobile.cpp
[11.068s] -- Up-to-date symlink: /home/r2/mobile/install/mobile_description/share/mobile_description//examples/cmd_vel_mobile.cpp
[11.068s] -- Up-to-date symlink: /home/r2/mobile/install/mobile_description/share/mobile_description//examples/odom_pub.cpp
[11.068s] -- Up-to-date symlink: /home/r2/mobile/install/mobile_description/share/mobile_description//launch/display.launch.xml
[11.068s] -- Symlinking: /home/r2/mobile/install/mobile_description/share/mobile_description//launch/mobile_example_torque.launch.py
[11.074s] -- Up-to-date symlink: /home/r2/mobile/install/mobile_description/share/mobile_description//launch/mobile_example_velocity.launch.py
[11.074s] -- Up-to-date symlink: /home/r2/mobile/install/mobile_description/share/mobile_description//meshes/base_link.STL
[11.074s] -- Up-to-date symlink: /home/r2/mobile/install/mobile_description/share/mobile_description//meshes/camera_link.STL
[11.074s] -- Up-to-date symlink: /home/r2/mobile/install/mobile_description/share/mobile_description//meshes/caster_base.STL
[11.074s] -- Up-to-date symlink: /home/r2/mobile/install/mobile_description/share/mobile_description//meshes/caster_wheel_joint.STL
[11.075s] -- Up-to-date symlink: /home/r2/mobile/install/mobile_description/share/mobile_description//meshes/jetson_link.STL
[11.075s] -- Up-to-date symlink: /home/r2/mobile/install/mobile_description/share/mobile_description//meshes/left_wheel.STL
[11.075s] -- Up-to-date symlink: /home/r2/mobile/install/mobile_description/share/mobile_description//meshes/lidar_link.STL
[11.075s] -- Up-to-date symlink: /home/r2/mobile/install/mobile_description/share/mobile_description//meshes/right_wheel.STL
[11.075s] -- Up-to-date symlink: /home/r2/mobile/install/mobile_description/share/mobile_description//rviz/rviz_config.rviz
[11.075s] -- Up-to-date symlink: /home/r2/mobile/install/mobile_description/share/mobile_description//urdf/camera.xacro
[11.076s] -- Up-to-date symlink: /home/r2/mobile/install/mobile_description/share/mobile_description//urdf/common_mobile.xacro
[11.076s] -- Up-to-date symlink: /home/r2/mobile/install/mobile_description/share/mobile_description//urdf/imu.xacro
[11.076s] -- Up-to-date symlink: /home/r2/mobile/install/mobile_description/share/mobile_description//urdf/lidar.xacro
[11.076s] -- Up-to-date symlink: /home/r2/mobile/install/mobile_description/share/mobile_description//urdf/mobile.urdf.xacro
[11.076s] -- Up-to-date symlink: /home/r2/mobile/install/mobile_description/share/mobile_description//urdf/mobile.xacro
[11.076s] -- Up-to-date symlink: /home/r2/mobile/install/mobile_description/share/mobile_description//urdf/mobile_gazebo.xacro
[11.077s] -- Symlinking: /home/r2/mobile/install/mobile_description/share/mobile_description//urdf/mobile_torque.urdf.xacro
[11.082s] -- Symlinking: /home/r2/mobile/install/mobile_description/share/mobile_description//urdf/mobile_torque.xacro
[11.088s] -- Up-to-date symlink: /home/r2/mobile/install/mobile_description/share/mobile_description//urdf/mobile_velocity.urdf.xacro
[11.088s] -- Up-to-date symlink: /home/r2/mobile/install/mobile_description/share/mobile_description//urdf/mobile_velocity.xacro
[11.088s] -- Up-to-date symlink: /home/r2/mobile/install/mobile_description/lib/mobile_description/cmd_vel_mobile_controller
[11.088s] -- Up-to-date symlink: /home/r2/mobile/install/mobile_description/lib/mobile_description/cmd_joint_vel
[11.088s] -- Up-to-date symlink: /home/r2/mobile/install/mobile_description/share/ament_index/resource_index/package_run_dependencies/mobile_description
[11.089s] -- Up-to-date symlink: /home/r2/mobile/install/mobile_description/share/ament_index/resource_index/parent_prefix_path/mobile_description
[11.089s] -- Up-to-date symlink: /home/r2/mobile/install/mobile_description/share/mobile_description/environment/ament_prefix_path.sh
[11.089s] -- Up-to-date symlink: /home/r2/mobile/install/mobile_description/share/mobile_description/environment/ament_prefix_path.dsv
[11.089s] -- Up-to-date symlink: /home/r2/mobile/install/mobile_description/share/mobile_description/environment/path.sh
[11.089s] -- Up-to-date symlink: /home/r2/mobile/install/mobile_description/share/mobile_description/environment/path.dsv
[11.090s] -- Up-to-date symlink: /home/r2/mobile/install/mobile_description/share/mobile_description/local_setup.bash
[11.090s] -- Up-to-date symlink: /home/r2/mobile/install/mobile_description/share/mobile_description/local_setup.sh
[11.090s] -- Up-to-date symlink: /home/r2/mobile/install/mobile_description/share/mobile_description/local_setup.zsh
[11.090s] -- Up-to-date symlink: /home/r2/mobile/install/mobile_description/share/mobile_description/local_setup.dsv
[11.090s] -- Symlinking: /home/r2/mobile/install/mobile_description/share/mobile_description/package.dsv
[11.096s] -- Up-to-date symlink: /home/r2/mobile/install/mobile_description/share/ament_index/resource_index/packages/mobile_description
[11.096s] -- Up-to-date symlink: /home/r2/mobile/install/mobile_description/share/mobile_description/cmake/mobile_descriptionConfig.cmake
[11.096s] -- Up-to-date symlink: /home/r2/mobile/install/mobile_description/share/mobile_description/cmake/mobile_descriptionConfig-version.cmake
[11.096s] -- Up-to-date symlink: /home/r2/mobile/install/mobile_description/share/mobile_description/package.xml
[11.098s] Invoked command in '/home/r2/mobile/build/mobile_description' returned '0': CMAKE_PREFIX_PATH=${CMAKE_PREFIX_PATH}:/home/r2/mobile/install/my_py_controllers:/opt/ros/humble /usr/bin/cmake --install /home/r2/mobile/build/mobile_description
