[0.489s] Invoking command in '/home/r2/mobile/build/my_py_controllers': PYTHONPATH=/home/r2/mobile/build/my_py_controllers/prefix_override:/home/r2/mobile/install/my_py_controllers/lib/python3.10/site-packages:${PYTHONPATH} /usr/bin/python3 setup.py develop --uninstall --editable --build-directory /home/r2/mobile/build/my_py_controllers/build
[0.715s] running develop
[0.716s] /usr/lib/python3/dist-packages/setuptools/command/easy_install.py:158: EasyInstallDeprecationWarning: easy_install command is deprecated. Use build and pip and other standards-based tools.
[0.716s]   warnings.warn(
[0.717s] /usr/lib/python3/dist-packages/setuptools/command/install.py:34: SetuptoolsDeprecationWarning: setup.py install is deprecated. Use build and pip and other standards-based tools.
[0.717s]   warnings.warn(
[0.915s] Invoked command in '/home/r2/mobile/build/my_py_controllers' returned '0': PYTHONPATH=/home/r2/mobile/build/my_py_controllers/prefix_override:/home/r2/mobile/install/my_py_controllers/lib/python3.10/site-packages:${PYTHONPATH} /usr/bin/python3 setup.py develop --uninstall --editable --build-directory /home/r2/mobile/build/my_py_controllers/build
[0.916s] Invoking command in '/home/r2/mobile/src/my_py_controllers': PYTHONPATH=/home/r2/mobile/build/my_py_controllers/prefix_override:/home/r2/mobile/install/my_py_controllers/lib/python3.10/site-packages:${PYTHONPATH} /usr/bin/python3 setup.py egg_info --egg-base ../../build/my_py_controllers build --build-base /home/r2/mobile/build/my_py_controllers/build install --record /home/r2/mobile/build/my_py_controllers/install.log --single-version-externally-managed
[1.097s] running egg_info
[1.097s] writing ../../build/my_py_controllers/my_py_controllers.egg-info/PKG-INFO
[1.097s] writing dependency_links to ../../build/my_py_controllers/my_py_controllers.egg-info/dependency_links.txt
[1.098s] writing entry points to ../../build/my_py_controllers/my_py_controllers.egg-info/entry_points.txt
[1.098s] writing requirements to ../../build/my_py_controllers/my_py_controllers.egg-info/requires.txt
[1.098s] writing top-level names to ../../build/my_py_controllers/my_py_controllers.egg-info/top_level.txt
[1.099s] reading manifest file '../../build/my_py_controllers/my_py_controllers.egg-info/SOURCES.txt'
[1.100s] writing manifest file '../../build/my_py_controllers/my_py_controllers.egg-info/SOURCES.txt'
[1.101s] running build
[1.101s] running build_py
[1.101s] running install
[1.101s] /usr/lib/python3/dist-packages/setuptools/command/install.py:34: SetuptoolsDeprecationWarning: setup.py install is deprecated. Use build and pip and other standards-based tools.
[1.101s]   warnings.warn(
[1.101s] running install_lib
[1.102s] running install_data
[1.103s] running install_egg_info
[1.104s] removing '/home/r2/mobile/install/my_py_controllers/lib/python3.10/site-packages/my_py_controllers-0.0.0-py3.10.egg-info' (and everything under it)
[1.106s] Copying ../../build/my_py_controllers/my_py_controllers.egg-info to /home/r2/mobile/install/my_py_controllers/lib/python3.10/site-packages/my_py_controllers-0.0.0-py3.10.egg-info
[1.109s] running install_scripts
[1.128s] Installing cmd_vel_mobile_controller script to /home/r2/mobile/install/my_py_controllers/lib/my_py_controllers
[1.128s] writing list of installed files to '/home/r2/mobile/build/my_py_controllers/install.log'
[1.150s] Invoked command in '/home/r2/mobile/src/my_py_controllers' returned '0': PYTHONPATH=/home/r2/mobile/build/my_py_controllers/prefix_override:/home/r2/mobile/install/my_py_controllers/lib/python3.10/site-packages:${PYTHONPATH} /usr/bin/python3 setup.py egg_info --egg-base ../../build/my_py_controllers build --build-base /home/r2/mobile/build/my_py_controllers/build install --record /home/r2/mobile/build/my_py_controllers/install.log --single-version-externally-managed
