[0.474s] Invoking command in '/home/r2/mobile/build/my_py_controllers': PYTHONPATH=/home/r2/mobile/build/my_py_controllers/prefix_override:/home/r2/mobile/install/my_py_controllers/lib/python3.10/site-packages:${PYTHONPATH} /usr/bin/python3 setup.py develop --editable --build-directory /home/r2/mobile/build/my_py_controllers/build --no-deps install_data
[0.693s] running develop
[0.693s] /usr/lib/python3/dist-packages/setuptools/command/easy_install.py:158: EasyInstallDeprecationWarning: easy_install command is deprecated. Use build and pip and other standards-based tools.
[0.694s]   warnings.warn(
[0.694s] /usr/lib/python3/dist-packages/setuptools/command/install.py:34: SetuptoolsDeprecationWarning: setup.py install is deprecated. Use build and pip and other standards-based tools.
[0.695s]   warnings.warn(
[0.830s] running egg_info
[0.831s] writing my_py_controllers.egg-info/PKG-INFO
[0.831s] writing dependency_links to my_py_controllers.egg-info/dependency_links.txt
[0.831s] writing entry points to my_py_controllers.egg-info/entry_points.txt
[0.831s] writing requirements to my_py_controllers.egg-info/requires.txt
[0.832s] writing top-level names to my_py_controllers.egg-info/top_level.txt
[0.833s] reading manifest file 'my_py_controllers.egg-info/SOURCES.txt'
[0.834s] writing manifest file 'my_py_controllers.egg-info/SOURCES.txt'
[0.835s] running build_ext
[0.835s] Creating /home/r2/mobile/install/my_py_controllers/lib/python3.10/site-packages/my-py-controllers.egg-link (link to .)
[0.836s] Installing cmd_vel_mobile_controller script to /home/r2/mobile/install/my_py_controllers/lib/my_py_controllers
[0.836s] 
[0.836s] Installed /home/r2/mobile/build/my_py_controllers
[0.837s] running install_data
[0.862s] Invoked command in '/home/r2/mobile/build/my_py_controllers' returned '0': PYTHONPATH=/home/r2/mobile/build/my_py_controllers/prefix_override:/home/r2/mobile/install/my_py_controllers/lib/python3.10/site-packages:${PYTHONPATH} /usr/bin/python3 setup.py develop --editable --build-directory /home/r2/mobile/build/my_py_controllers/build --no-deps install_data
