-- Found ament_cmake: 1.3.5 (/opt/ros/humble/share/ament_cmake/cmake)
-- Found rclcpp: 16.0.5 (/opt/ros/humble/share/rclcpp/cmake)
-- Found rosidl_generator_c: 3.1.5 (/opt/ros/humble/share/rosidl_generator_c/cmake)
-- Found rosidl_adapter: 3.1.5 (/opt/ros/humble/share/rosidl_adapter/cmake)
-- Found rosidl_generator_cpp: 3.1.5 (/opt/ros/humble/share/rosidl_generator_cpp/cmake)
-- Using all available rosidl_typesupport_c: rosidl_typesupport_fastrtps_c;rosidl_typesupport_introspection_c
-- Using all available rosidl_typesupport_cpp: rosidl_typesupport_fastrtps_cpp;rosidl_typesupport_introspection_cpp
-- Found rmw_implementation_cmake: 6.1.1 (/opt/ros/humble/share/rmw_implementation_cmake/cmake)
-- Found rmw_fastrtps_cpp: 6.2.3 (/opt/ros/humble/share/rmw_fastrtps_cpp/cmake)
-- Found OpenSSL: /usr/lib/x86_64-linux-gnu/libcrypto.so (found version "3.0.2")  
-- Found FastRTPS: /opt/ros/humble/include  
-- Using RMW implementation 'rmw_fastrtps_cpp' as default
-- Looking for pthread.h
-- Looking for pthread.h - found
-- Performing Test CMAKE_HAVE_LIBC_PTHREAD
-- Performing Test CMAKE_HAVE_LIBC_PTHREAD - Success
-- Found Threads: TRUE  
-- Found nav_msgs: 4.2.3 (/opt/ros/humble/share/nav_msgs/cmake)
-- Configuring done
-- Generating done
-- Build files have been written to: /home/r2/mobile/build/mobile_description
[ 50%] [32mBuilding CXX object CMakeFiles/cmd_vel_mobile_controller.dir/examples/cmd_vel_mobile.cpp.o[0m
[100%] [32m[1mLinking CXX executable cmd_vel_mobile_controller[0m
[100%] Built target cmd_vel_mobile_controller
-- Install configuration: ""
-- Up-to-date: /home/r2/mobile/install/mobile_description/share/mobile_description//config
-- Installing: /home/r2/mobile/install/mobile_description/share/mobile_description//examples
-- Installing: /home/r2/mobile/install/mobile_description/share/mobile_description//examples/cmd_vel_mobile.cpp
-- Up-to-date: /home/r2/mobile/install/mobile_description/share/mobile_description//launch
-- Up-to-date: /home/r2/mobile/install/mobile_description/share/mobile_description//launch/display.launch.xml
-- Up-to-date: /home/r2/mobile/install/mobile_description/share/mobile_description//meshes
-- Up-to-date: /home/r2/mobile/install/mobile_description/share/mobile_description//meshes/jetson_link.STL
-- Up-to-date: /home/r2/mobile/install/mobile_description/share/mobile_description//meshes/caster_base.STL
-- Up-to-date: /home/r2/mobile/install/mobile_description/share/mobile_description//meshes/base_link.STL
-- Up-to-date: /home/r2/mobile/install/mobile_description/share/mobile_description//meshes/right_wheel.STL
-- Up-to-date: /home/r2/mobile/install/mobile_description/share/mobile_description//meshes/lidar_link.STL
-- Up-to-date: /home/r2/mobile/install/mobile_description/share/mobile_description//meshes/left_wheel.STL
-- Up-to-date: /home/r2/mobile/install/mobile_description/share/mobile_description//meshes/caster_wheel_joint.STL
-- Up-to-date: /home/r2/mobile/install/mobile_description/share/mobile_description//rviz
-- Up-to-date: /home/r2/mobile/install/mobile_description/share/mobile_description//rviz/rviz_config.rviz
-- Up-to-date: /home/r2/mobile/install/mobile_description/share/mobile_description//urdf
-- Up-to-date: /home/r2/mobile/install/mobile_description/share/mobile_description//urdf/mobile_gazebo.xacro
-- Up-to-date: /home/r2/mobile/install/mobile_description/share/mobile_description//urdf/mobile.urdf.xacro
-- Up-to-date: /home/r2/mobile/install/mobile_description/share/mobile_description//urdf/common_mobile.xacro
-- Up-to-date: /home/r2/mobile/install/mobile_description/share/mobile_description//urdf/camera.xacro
-- Installing: /home/r2/mobile/install/mobile_description/share/mobile_description//urdf/mobile.xacro
-- Up-to-date: /home/r2/mobile/install/mobile_description/share/mobile_description//urdf/lidar.xacro
-- Installing: /home/r2/mobile/install/mobile_description/lib/S{PROJECT_NAME}/cmd_vel_mobile_controller
-- Set runtime path of "/home/r2/mobile/install/mobile_description/lib/S{PROJECT_NAME}/cmd_vel_mobile_controller" to ""
-- Up-to-date: /home/r2/mobile/install/mobile_description/share/ament_index/resource_index/package_run_dependencies/mobile_description
-- Up-to-date: /home/r2/mobile/install/mobile_description/share/ament_index/resource_index/parent_prefix_path/mobile_description
-- Up-to-date: /home/r2/mobile/install/mobile_description/share/mobile_description/environment/ament_prefix_path.sh
-- Installing: /home/r2/mobile/install/mobile_description/share/mobile_description/environment/ament_prefix_path.dsv
-- Up-to-date: /home/r2/mobile/install/mobile_description/share/mobile_description/environment/path.sh
-- Installing: /home/r2/mobile/install/mobile_description/share/mobile_description/environment/path.dsv
-- Up-to-date: /home/r2/mobile/install/mobile_description/share/mobile_description/local_setup.bash
-- Up-to-date: /home/r2/mobile/install/mobile_description/share/mobile_description/local_setup.sh
-- Up-to-date: /home/r2/mobile/install/mobile_description/share/mobile_description/local_setup.zsh
-- Installing: /home/r2/mobile/install/mobile_description/share/mobile_description/local_setup.dsv
-- Installing: /home/r2/mobile/install/mobile_description/share/mobile_description/package.dsv
-- Up-to-date: /home/r2/mobile/install/mobile_description/share/ament_index/resource_index/packages/mobile_description
-- Up-to-date: /home/r2/mobile/install/mobile_description/share/mobile_description/cmake/mobile_descriptionConfig.cmake
-- Up-to-date: /home/r2/mobile/install/mobile_description/share/mobile_description/cmake/mobile_descriptionConfig-version.cmake
-- Up-to-date: /home/r2/mobile/install/mobile_description/share/mobile_description/package.xml
