[0.012s] Invoking command in '/home/r2/mobile/build/mobile_description': CMAKE_PREFIX_PATH=${CMAKE_PREFIX_PATH}:/opt/ros/humble /usr/bin/cmake --build /home/r2/mobile/build/mobile_description -- -j6 -l6
[0.028s] -- Found ament_cmake: 1.3.5 (/opt/ros/humble/share/ament_cmake/cmake)
[0.135s] -- Found rclcpp: 16.0.5 (/opt/ros/humble/share/rclcpp/cmake)
[0.191s] -- Found rosidl_generator_c: 3.1.5 (/opt/ros/humble/share/rosidl_generator_c/cmake)
[0.197s] -- Found rosidl_adapter: 3.1.5 (/opt/ros/humble/share/rosidl_adapter/cmake)
[0.208s] -- Found rosidl_generator_cpp: 3.1.5 (/opt/ros/humble/share/rosidl_generator_cpp/cmake)
[0.228s] -- Using all available rosidl_typesupport_c: rosidl_typesupport_fastrtps_c;rosidl_typesupport_introspection_c
[0.252s] -- Using all available rosidl_typesupport_cpp: rosidl_typesupport_fastrtps_cpp;rosidl_typesupport_introspection_cpp
[0.327s] -- Found rmw_implementation_cmake: 6.1.1 (/opt/ros/humble/share/rmw_implementation_cmake/cmake)
[0.331s] -- Found rmw_fastrtps_cpp: 6.2.3 (/opt/ros/humble/share/rmw_fastrtps_cpp/cmake)
[0.416s] -- Found OpenSSL: /usr/lib/x86_64-linux-gnu/libcrypto.so (found version "3.0.2")  
[0.437s] -- Found FastRTPS: /opt/ros/humble/include  
[0.468s] -- Using RMW implementation 'rmw_fastrtps_cpp' as default
[0.480s] -- Looking for pthread.h
[0.569s] -- Looking for pthread.h - found
[0.570s] -- Performing Test CMAKE_HAVE_LIBC_PTHREAD
[0.620s] -- Performing Test CMAKE_HAVE_LIBC_PTHREAD - Success
[0.621s] -- Found Threads: TRUE  
[0.769s] -- Found nav_msgs: 4.2.3 (/opt/ros/humble/share/nav_msgs/cmake)
[0.915s] -- Configuring done
[0.924s] -- Generating done
[0.925s] -- Build files have been written to: /home/r2/mobile/build/mobile_description
[0.947s] [ 50%] [32mBuilding CXX object CMakeFiles/cmd_vel_mobile_controller.dir/examples/cmd_vel_mobile.cpp.o[0m
[7.627s] [100%] [32m[1mLinking CXX executable cmd_vel_mobile_controller[0m
[7.939s] [100%] Built target cmd_vel_mobile_controller
[7.945s] Invoked command in '/home/r2/mobile/build/mobile_description' returned '0': CMAKE_PREFIX_PATH=${CMAKE_PREFIX_PATH}:/opt/ros/humble /usr/bin/cmake --build /home/r2/mobile/build/mobile_description -- -j6 -l6
[7.963s] Invoking command in '/home/r2/mobile/build/mobile_description': CMAKE_PREFIX_PATH=${CMAKE_PREFIX_PATH}:/opt/ros/humble /usr/bin/cmake --install /home/r2/mobile/build/mobile_description
[7.967s] -- Install configuration: ""
[7.968s] -- Up-to-date: /home/r2/mobile/install/mobile_description/share/mobile_description//config
[7.968s] -- Installing: /home/r2/mobile/install/mobile_description/share/mobile_description//examples
[7.968s] -- Installing: /home/r2/mobile/install/mobile_description/share/mobile_description//examples/cmd_vel_mobile.cpp
[7.968s] -- Up-to-date: /home/r2/mobile/install/mobile_description/share/mobile_description//launch
[7.968s] -- Up-to-date: /home/r2/mobile/install/mobile_description/share/mobile_description//launch/display.launch.xml
[7.968s] -- Up-to-date: /home/r2/mobile/install/mobile_description/share/mobile_description//meshes
[7.968s] -- Up-to-date: /home/r2/mobile/install/mobile_description/share/mobile_description//meshes/jetson_link.STL
[7.968s] -- Up-to-date: /home/r2/mobile/install/mobile_description/share/mobile_description//meshes/caster_base.STL
[7.968s] -- Up-to-date: /home/r2/mobile/install/mobile_description/share/mobile_description//meshes/base_link.STL
[7.968s] -- Up-to-date: /home/r2/mobile/install/mobile_description/share/mobile_description//meshes/right_wheel.STL
[7.968s] -- Up-to-date: /home/r2/mobile/install/mobile_description/share/mobile_description//meshes/lidar_link.STL
[7.969s] -- Up-to-date: /home/r2/mobile/install/mobile_description/share/mobile_description//meshes/left_wheel.STL
[7.969s] -- Up-to-date: /home/r2/mobile/install/mobile_description/share/mobile_description//meshes/caster_wheel_joint.STL
[7.969s] -- Up-to-date: /home/r2/mobile/install/mobile_description/share/mobile_description//rviz
[7.969s] -- Up-to-date: /home/r2/mobile/install/mobile_description/share/mobile_description//rviz/rviz_config.rviz
[7.969s] -- Up-to-date: /home/r2/mobile/install/mobile_description/share/mobile_description//urdf
[7.969s] -- Up-to-date: /home/r2/mobile/install/mobile_description/share/mobile_description//urdf/mobile_gazebo.xacro
[7.969s] -- Up-to-date: /home/r2/mobile/install/mobile_description/share/mobile_description//urdf/mobile.urdf.xacro
[7.969s] -- Up-to-date: /home/r2/mobile/install/mobile_description/share/mobile_description//urdf/common_mobile.xacro
[7.969s] -- Up-to-date: /home/r2/mobile/install/mobile_description/share/mobile_description//urdf/camera.xacro
[7.969s] -- Installing: /home/r2/mobile/install/mobile_description/share/mobile_description//urdf/mobile.xacro
[7.969s] -- Up-to-date: /home/r2/mobile/install/mobile_description/share/mobile_description//urdf/lidar.xacro
[7.969s] -- Installing: /home/r2/mobile/install/mobile_description/lib/S{PROJECT_NAME}/cmd_vel_mobile_controller
[7.971s] -- Set runtime path of "/home/r2/mobile/install/mobile_description/lib/S{PROJECT_NAME}/cmd_vel_mobile_controller" to ""
[7.971s] -- Up-to-date: /home/r2/mobile/install/mobile_description/share/ament_index/resource_index/package_run_dependencies/mobile_description
[7.971s] -- Up-to-date: /home/r2/mobile/install/mobile_description/share/ament_index/resource_index/parent_prefix_path/mobile_description
[7.971s] -- Up-to-date: /home/r2/mobile/install/mobile_description/share/mobile_description/environment/ament_prefix_path.sh
[7.971s] -- Installing: /home/r2/mobile/install/mobile_description/share/mobile_description/environment/ament_prefix_path.dsv
[7.971s] -- Up-to-date: /home/r2/mobile/install/mobile_description/share/mobile_description/environment/path.sh
[7.971s] -- Installing: /home/r2/mobile/install/mobile_description/share/mobile_description/environment/path.dsv
[7.972s] -- Up-to-date: /home/r2/mobile/install/mobile_description/share/mobile_description/local_setup.bash
[7.972s] -- Up-to-date: /home/r2/mobile/install/mobile_description/share/mobile_description/local_setup.sh
[7.972s] -- Up-to-date: /home/r2/mobile/install/mobile_description/share/mobile_description/local_setup.zsh
[7.972s] -- Installing: /home/r2/mobile/install/mobile_description/share/mobile_description/local_setup.dsv
[7.972s] -- Installing: /home/r2/mobile/install/mobile_description/share/mobile_description/package.dsv
[7.972s] -- Up-to-date: /home/r2/mobile/install/mobile_description/share/ament_index/resource_index/packages/mobile_description
[7.972s] -- Up-to-date: /home/r2/mobile/install/mobile_description/share/mobile_description/cmake/mobile_descriptionConfig.cmake
[7.972s] -- Up-to-date: /home/r2/mobile/install/mobile_description/share/mobile_description/cmake/mobile_descriptionConfig-version.cmake
[7.972s] -- Up-to-date: /home/r2/mobile/install/mobile_description/share/mobile_description/package.xml
[7.974s] Invoked command in '/home/r2/mobile/build/mobile_description' returned '0': CMAKE_PREFIX_PATH=${CMAKE_PREFIX_PATH}:/opt/ros/humble /usr/bin/cmake --install /home/r2/mobile/build/mobile_description
