-- Install configuration: ""
-- Up-to-date: /home/r2/mobile/install/mobile_description/share/mobile_description//config
-- Up-to-date: /home/r2/mobile/install/mobile_description/share/mobile_description//launch
-- Up-to-date: /home/r2/mobile/install/mobile_description/share/mobile_description//launch/display.launch.xml
-- Up-to-date: /home/r2/mobile/install/mobile_description/share/mobile_description//meshes
-- Up-to-date: /home/r2/mobile/install/mobile_description/share/mobile_description//meshes/jetson_link.STL
-- Up-to-date: /home/r2/mobile/install/mobile_description/share/mobile_description//meshes/caster_base.STL
-- Up-to-date: /home/r2/mobile/install/mobile_description/share/mobile_description//meshes/base_link.STL
-- Up-to-date: /home/r2/mobile/install/mobile_description/share/mobile_description//meshes/right_wheel.STL
-- Up-to-date: /home/r2/mobile/install/mobile_description/share/mobile_description//meshes/lidar_link.STL
-- Up-to-date: /home/r2/mobile/install/mobile_description/share/mobile_description//meshes/left_wheel.STL
-- Up-to-date: /home/r2/mobile/install/mobile_description/share/mobile_description//meshes/caster_wheel_joint.STL
-- Up-to-date: /home/r2/mobile/install/mobile_description/share/mobile_description//rviz
-- Up-to-date: /home/r2/mobile/install/mobile_description/share/mobile_description//urdf
-- Installing: /home/r2/mobile/install/mobile_description/share/mobile_description//urdf/mobile_gazebo.xacro
-- Up-to-date: /home/r2/mobile/install/mobile_description/share/mobile_description//urdf/mobile.urdf.xacro
-- Up-to-date: /home/r2/mobile/install/mobile_description/share/mobile_description//urdf/common_mobile.xacro
-- Up-to-date: /home/r2/mobile/install/mobile_description/share/mobile_description//urdf/mobile.xacro
-- Up-to-date: /home/r2/mobile/install/mobile_description/share/ament_index/resource_index/package_run_dependencies/mobile_description
-- Up-to-date: /home/r2/mobile/install/mobile_description/share/ament_index/resource_index/parent_prefix_path/mobile_description
-- Up-to-date: /home/r2/mobile/install/mobile_description/share/mobile_description/environment/ament_prefix_path.sh
-- Up-to-date: /home/r2/mobile/install/mobile_description/share/mobile_description/environment/ament_prefix_path.dsv
-- Up-to-date: /home/r2/mobile/install/mobile_description/share/mobile_description/environment/path.sh
-- Up-to-date: /home/r2/mobile/install/mobile_description/share/mobile_description/environment/path.dsv
-- Up-to-date: /home/r2/mobile/install/mobile_description/share/mobile_description/local_setup.bash
-- Up-to-date: /home/r2/mobile/install/mobile_description/share/mobile_description/local_setup.sh
-- Up-to-date: /home/r2/mobile/install/mobile_description/share/mobile_description/local_setup.zsh
-- Up-to-date: /home/r2/mobile/install/mobile_description/share/mobile_description/local_setup.dsv
-- Installing: /home/r2/mobile/install/mobile_description/share/mobile_description/package.dsv
-- Up-to-date: /home/r2/mobile/install/mobile_description/share/ament_index/resource_index/packages/mobile_description
-- Up-to-date: /home/r2/mobile/install/mobile_description/share/mobile_description/cmake/mobile_descriptionConfig.cmake
-- Up-to-date: /home/r2/mobile/install/mobile_description/share/mobile_description/cmake/mobile_descriptionConfig-version.cmake
-- Up-to-date: /home/r2/mobile/install/mobile_description/share/mobile_description/package.xml
