-- Found ament_cmake: 1.3.5 (/opt/ros/humble/share/ament_cmake/cmake)
-- Override CMake install command with custom implementation using symlinks instead of copying resources
-- Found rclcpp: 16.0.5 (/opt/ros/humble/share/rclcpp/cmake)
-- Found rosidl_generator_c: 3.1.5 (/opt/ros/humble/share/rosidl_generator_c/cmake)
-- Found rosidl_adapter: 3.1.5 (/opt/ros/humble/share/rosidl_adapter/cmake)
-- Found rosidl_generator_cpp: 3.1.5 (/opt/ros/humble/share/rosidl_generator_cpp/cmake)
-- Using all available rosidl_typesupport_c: rosidl_typesupport_fastrtps_c;rosidl_typesupport_introspection_c
-- Using all available rosidl_typesupport_cpp: rosidl_typesupport_fastrtps_cpp;rosidl_typesupport_introspection_cpp
-- Found rmw_implementation_cmake: 6.1.1 (/opt/ros/humble/share/rmw_implementation_cmake/cmake)
-- Found rmw_fastrtps_cpp: 6.2.3 (/opt/ros/humble/share/rmw_fastrtps_cpp/cmake)
-- Using RMW implementation 'rmw_fastrtps_cpp' as default
-- Found nav_msgs: 4.2.3 (/opt/ros/humble/share/nav_msgs/cmake)
-- Configuring done
-- Generating done
-- Build files have been written to: /home/r2/mobile/build/mobile_description
[35m[1mConsolidate compiler generated dependencies of target cmd_vel_mobile_controller[0m
[ 50%] [32m[1mLinking CXX executable cmd_vel_mobile_controller[0m
[100%] Built target cmd_vel_mobile_controller
-- Install configuration: ""
-- Execute custom install script
-- Symlinking: /home/r2/mobile/install/mobile_description/share/mobile_description//examples/cmd_vel_mobile.cpp
-- Symlinking: /home/r2/mobile/install/mobile_description/share/mobile_description//launch/display.launch.xml
-- Symlinking: /home/r2/mobile/install/mobile_description/share/mobile_description//meshes/base_link.STL
-- Symlinking: /home/r2/mobile/install/mobile_description/share/mobile_description//meshes/camera_link.STL
-- Symlinking: /home/r2/mobile/install/mobile_description/share/mobile_description//meshes/caster_base.STL
-- Symlinking: /home/r2/mobile/install/mobile_description/share/mobile_description//meshes/caster_wheel_joint.STL
-- Symlinking: /home/r2/mobile/install/mobile_description/share/mobile_description//meshes/jetson_link.STL
-- Symlinking: /home/r2/mobile/install/mobile_description/share/mobile_description//meshes/left_wheel.STL
-- Symlinking: /home/r2/mobile/install/mobile_description/share/mobile_description//meshes/lidar_link.STL
-- Symlinking: /home/r2/mobile/install/mobile_description/share/mobile_description//meshes/right_wheel.STL
-- Symlinking: /home/r2/mobile/install/mobile_description/share/mobile_description//rviz/rviz_config.rviz
-- Symlinking: /home/r2/mobile/install/mobile_description/share/mobile_description//urdf/camera.xacro
-- Symlinking: /home/r2/mobile/install/mobile_description/share/mobile_description//urdf/common_mobile.xacro
-- Symlinking: /home/r2/mobile/install/mobile_description/share/mobile_description//urdf/imu.xacro
-- Symlinking: /home/r2/mobile/install/mobile_description/share/mobile_description//urdf/lidar.xacro
-- Symlinking: /home/r2/mobile/install/mobile_description/share/mobile_description//urdf/mobile.urdf.xacro
-- Symlinking: /home/r2/mobile/install/mobile_description/share/mobile_description//urdf/mobile.xacro
-- Symlinking: /home/r2/mobile/install/mobile_description/share/mobile_description//urdf/mobile_gazebo.xacro
-- Symlinking: /home/r2/mobile/install/mobile_description/lib/mobile_description/cmd_vel_mobile_controller
-- Symlinking: /home/r2/mobile/install/mobile_description/share/ament_index/resource_index/package_run_dependencies/mobile_description
-- Symlinking: /home/r2/mobile/install/mobile_description/share/ament_index/resource_index/parent_prefix_path/mobile_description
-- Symlinking: /home/r2/mobile/install/mobile_description/share/mobile_description/environment/ament_prefix_path.sh
-- Symlinking: /home/r2/mobile/install/mobile_description/share/mobile_description/environment/ament_prefix_path.dsv
-- Symlinking: /home/r2/mobile/install/mobile_description/share/mobile_description/environment/path.sh
-- Symlinking: /home/r2/mobile/install/mobile_description/share/mobile_description/environment/path.dsv
-- Symlinking: /home/r2/mobile/install/mobile_description/share/mobile_description/local_setup.bash
-- Symlinking: /home/r2/mobile/install/mobile_description/share/mobile_description/local_setup.sh
-- Symlinking: /home/r2/mobile/install/mobile_description/share/mobile_description/local_setup.zsh
-- Symlinking: /home/r2/mobile/install/mobile_description/share/mobile_description/local_setup.dsv
-- Symlinking: /home/r2/mobile/install/mobile_description/share/mobile_description/package.dsv
-- Symlinking: /home/r2/mobile/install/mobile_description/share/ament_index/resource_index/packages/mobile_description
-- Symlinking: /home/r2/mobile/install/mobile_description/share/mobile_description/cmake/mobile_descriptionConfig.cmake
-- Symlinking: /home/r2/mobile/install/mobile_description/share/mobile_description/cmake/mobile_descriptionConfig-version.cmake
-- Symlinking: /home/r2/mobile/install/mobile_description/share/mobile_description/package.xml
