[0.021s] Invoking command in '/home/r2/mobile/build/mobile_description': CMAKE_PREFIX_PATH=${CMAKE_PREFIX_PATH}:/opt/ros/humble /usr/bin/cmake /home/r2/mobile/src/mobile_description -DAMENT_CMAKE_SYMLINK_INSTALL=1 -DCMAKE_INSTALL_PREFIX=/home/r2/mobile/install/mobile_description
[0.040s] -- Found ament_cmake: 1.3.5 (/opt/ros/humble/share/ament_cmake/cmake)
[0.192s] -- Override CMake install command with custom implementation using symlinks instead of copying resources
[0.219s] -- Found rclcpp: 16.0.5 (/opt/ros/humble/share/rclcpp/cmake)
[0.275s] -- Found rosidl_generator_c: 3.1.5 (/opt/ros/humble/share/rosidl_generator_c/cmake)
[0.283s] -- Found rosidl_adapter: 3.1.5 (/opt/ros/humble/share/rosidl_adapter/cmake)
[0.292s] -- Found rosidl_generator_cpp: 3.1.5 (/opt/ros/humble/share/rosidl_generator_cpp/cmake)
[0.316s] -- Using all available rosidl_typesupport_c: rosidl_typesupport_fastrtps_c;rosidl_typesupport_introspection_c
[0.339s] -- Using all available rosidl_typesupport_cpp: rosidl_typesupport_fastrtps_cpp;rosidl_typesupport_introspection_cpp
[0.424s] -- Found rmw_implementation_cmake: 6.1.1 (/opt/ros/humble/share/rmw_implementation_cmake/cmake)
[0.427s] -- Found rmw_fastrtps_cpp: 6.2.3 (/opt/ros/humble/share/rmw_fastrtps_cpp/cmake)
[0.558s] -- Using RMW implementation 'rmw_fastrtps_cpp' as default
[0.763s] -- Found nav_msgs: 4.2.3 (/opt/ros/humble/share/nav_msgs/cmake)
[1.036s] -- Configuring done
[1.050s] -- Generating done
[1.052s] -- Build files have been written to: /home/r2/mobile/build/mobile_description
[1.086s] Invoked command in '/home/r2/mobile/build/mobile_description' returned '0': CMAKE_PREFIX_PATH=${CMAKE_PREFIX_PATH}:/opt/ros/humble /usr/bin/cmake /home/r2/mobile/src/mobile_description -DAMENT_CMAKE_SYMLINK_INSTALL=1 -DCMAKE_INSTALL_PREFIX=/home/r2/mobile/install/mobile_description
[1.089s] Invoking command in '/home/r2/mobile/build/mobile_description': CMAKE_PREFIX_PATH=${CMAKE_PREFIX_PATH}:/opt/ros/humble /usr/bin/cmake --build /home/r2/mobile/build/mobile_description -- -j6 -l6
[1.120s] [35m[1mConsolidate compiler generated dependencies of target cmd_vel_mobile_controller[0m
[1.138s] [ 50%] [32m[1mLinking CXX executable cmd_vel_mobile_controller[0m
[1.644s] [100%] Built target cmd_vel_mobile_controller
[1.653s] Invoked command in '/home/r2/mobile/build/mobile_description' returned '0': CMAKE_PREFIX_PATH=${CMAKE_PREFIX_PATH}:/opt/ros/humble /usr/bin/cmake --build /home/r2/mobile/build/mobile_description -- -j6 -l6
[1.678s] Invoking command in '/home/r2/mobile/build/mobile_description': CMAKE_PREFIX_PATH=${CMAKE_PREFIX_PATH}:/opt/ros/humble /usr/bin/cmake --install /home/r2/mobile/build/mobile_description
[1.682s] -- Install configuration: ""
[1.682s] -- Execute custom install script
[1.683s] -- Symlinking: /home/r2/mobile/install/mobile_description/share/mobile_description//examples/cmd_vel_mobile.cpp
[1.688s] -- Symlinking: /home/r2/mobile/install/mobile_description/share/mobile_description//launch/display.launch.xml
[1.693s] -- Symlinking: /home/r2/mobile/install/mobile_description/share/mobile_description//meshes/base_link.STL
[1.700s] -- Symlinking: /home/r2/mobile/install/mobile_description/share/mobile_description//meshes/camera_link.STL
[1.707s] -- Symlinking: /home/r2/mobile/install/mobile_description/share/mobile_description//meshes/caster_base.STL
[1.713s] -- Symlinking: /home/r2/mobile/install/mobile_description/share/mobile_description//meshes/caster_wheel_joint.STL
[1.717s] -- Symlinking: /home/r2/mobile/install/mobile_description/share/mobile_description//meshes/jetson_link.STL
[1.722s] -- Symlinking: /home/r2/mobile/install/mobile_description/share/mobile_description//meshes/left_wheel.STL
[1.729s] -- Symlinking: /home/r2/mobile/install/mobile_description/share/mobile_description//meshes/lidar_link.STL
[1.736s] -- Symlinking: /home/r2/mobile/install/mobile_description/share/mobile_description//meshes/right_wheel.STL
[1.742s] -- Symlinking: /home/r2/mobile/install/mobile_description/share/mobile_description//rviz/rviz_config.rviz
[1.748s] -- Symlinking: /home/r2/mobile/install/mobile_description/share/mobile_description//urdf/camera.xacro
[1.754s] -- Symlinking: /home/r2/mobile/install/mobile_description/share/mobile_description//urdf/common_mobile.xacro
[1.759s] -- Symlinking: /home/r2/mobile/install/mobile_description/share/mobile_description//urdf/imu.xacro
[1.764s] -- Symlinking: /home/r2/mobile/install/mobile_description/share/mobile_description//urdf/lidar.xacro
[1.770s] -- Symlinking: /home/r2/mobile/install/mobile_description/share/mobile_description//urdf/mobile.urdf.xacro
[1.777s] -- Symlinking: /home/r2/mobile/install/mobile_description/share/mobile_description//urdf/mobile.xacro
[1.784s] -- Symlinking: /home/r2/mobile/install/mobile_description/share/mobile_description//urdf/mobile_gazebo.xacro
[1.789s] -- Symlinking: /home/r2/mobile/install/mobile_description/lib/mobile_description/cmd_vel_mobile_controller
[1.795s] -- Symlinking: /home/r2/mobile/install/mobile_description/share/ament_index/resource_index/package_run_dependencies/mobile_description
[1.803s] -- Symlinking: /home/r2/mobile/install/mobile_description/share/ament_index/resource_index/parent_prefix_path/mobile_description
[1.809s] -- Symlinking: /home/r2/mobile/install/mobile_description/share/mobile_description/environment/ament_prefix_path.sh
[1.815s] -- Symlinking: /home/r2/mobile/install/mobile_description/share/mobile_description/environment/ament_prefix_path.dsv
[1.821s] -- Symlinking: /home/r2/mobile/install/mobile_description/share/mobile_description/environment/path.sh
[1.827s] -- Symlinking: /home/r2/mobile/install/mobile_description/share/mobile_description/environment/path.dsv
[1.833s] -- Symlinking: /home/r2/mobile/install/mobile_description/share/mobile_description/local_setup.bash
[1.839s] -- Symlinking: /home/r2/mobile/install/mobile_description/share/mobile_description/local_setup.sh
[1.845s] -- Symlinking: /home/r2/mobile/install/mobile_description/share/mobile_description/local_setup.zsh
[1.850s] -- Symlinking: /home/r2/mobile/install/mobile_description/share/mobile_description/local_setup.dsv
[1.856s] -- Symlinking: /home/r2/mobile/install/mobile_description/share/mobile_description/package.dsv
[1.863s] -- Symlinking: /home/r2/mobile/install/mobile_description/share/ament_index/resource_index/packages/mobile_description
[1.870s] -- Symlinking: /home/r2/mobile/install/mobile_description/share/mobile_description/cmake/mobile_descriptionConfig.cmake
[1.875s] -- Symlinking: /home/r2/mobile/install/mobile_description/share/mobile_description/cmake/mobile_descriptionConfig-version.cmake
[1.881s] -- Symlinking: /home/r2/mobile/install/mobile_description/share/mobile_description/package.xml
[1.888s] Invoked command in '/home/r2/mobile/build/mobile_description' returned '0': CMAKE_PREFIX_PATH=${CMAKE_PREFIX_PATH}:/opt/ros/humble /usr/bin/cmake --install /home/r2/mobile/build/mobile_description
