[0.019s] Invoking command in '/home/r2/mobile/build/mobile_description': CMAKE_PREFIX_PATH=${CMAKE_PREFIX_PATH}:/home/r2/mobile/install/my_py_controllers:/opt/ros/humble /usr/bin/cmake --build /home/r2/mobile/build/mobile_description -- -j6 -l6
[0.036s] -- Found ament_cmake: 1.3.5 (/opt/ros/humble/share/ament_cmake/cmake)
[0.136s] -- Override CMake install command with custom implementation using symlinks instead of copying resources
[0.142s] -- Found rclcpp: 16.0.5 (/opt/ros/humble/share/rclcpp/cmake)
[0.165s] -- Found rosidl_generator_c: 3.1.5 (/opt/ros/humble/share/rosidl_generator_c/cmake)
[0.167s] -- Found rosidl_adapter: 3.1.5 (/opt/ros/humble/share/rosidl_adapter/cmake)
[0.173s] -- Found rosidl_generator_cpp: 3.1.5 (/opt/ros/humble/share/rosidl_generator_cpp/cmake)
[0.184s] -- Using all available rosidl_typesupport_c: rosidl_typesupport_fastrtps_c;rosidl_typesupport_introspection_c
[0.200s] -- Using all available rosidl_typesupport_cpp: rosidl_typesupport_fastrtps_cpp;rosidl_typesupport_introspection_cpp
[0.260s] -- Found rmw_implementation_cmake: 6.1.1 (/opt/ros/humble/share/rmw_implementation_cmake/cmake)
[0.262s] -- Found rmw_fastrtps_cpp: 6.2.3 (/opt/ros/humble/share/rmw_fastrtps_cpp/cmake)
[0.355s] -- Using RMW implementation 'rmw_fastrtps_cpp' as default
[0.467s] -- Found control_msgs: 4.4.0 (/opt/ros/humble/share/control_msgs/cmake)
[0.866s] -- Found nav_msgs: 4.2.3 (/opt/ros/humble/share/nav_msgs/cmake)
[0.975s] -- Configuring done
[0.984s] -- Generating done
[0.986s] -- Build files have been written to: /home/r2/mobile/build/mobile_description
[1.005s] [35m[1mConsolidate compiler generated dependencies of target cmd_vel_mobile_controller[0m
[1.016s] [100%] Built target cmd_vel_mobile_controller
[1.023s] Invoked command in '/home/r2/mobile/build/mobile_description' returned '0': CMAKE_PREFIX_PATH=${CMAKE_PREFIX_PATH}:/home/r2/mobile/install/my_py_controllers:/opt/ros/humble /usr/bin/cmake --build /home/r2/mobile/build/mobile_description -- -j6 -l6
[1.042s] Invoking command in '/home/r2/mobile/build/mobile_description': CMAKE_PREFIX_PATH=${CMAKE_PREFIX_PATH}:/home/r2/mobile/install/my_py_controllers:/opt/ros/humble /usr/bin/cmake --install /home/r2/mobile/build/mobile_description
[1.045s] -- Install configuration: ""
[1.045s] -- Execute custom install script
[1.046s] -- Up-to-date symlink: /home/r2/mobile/install/mobile_description/share/mobile_description//config/mobile_velocity_controller.yaml
[1.046s] -- Up-to-date symlink: /home/r2/mobile/install/mobile_description/share/mobile_description//examples/cmd_vel_mobile.cpp
[1.046s] -- Up-to-date symlink: /home/r2/mobile/install/mobile_description/share/mobile_description//launch/display.launch.xml
[1.046s] -- Up-to-date symlink: /home/r2/mobile/install/mobile_description/share/mobile_description//launch/mobile_example_velocity.launch.py
[1.046s] -- Up-to-date symlink: /home/r2/mobile/install/mobile_description/share/mobile_description//meshes/base_link.STL
[1.046s] -- Up-to-date symlink: /home/r2/mobile/install/mobile_description/share/mobile_description//meshes/camera_link.STL
[1.047s] -- Up-to-date symlink: /home/r2/mobile/install/mobile_description/share/mobile_description//meshes/caster_base.STL
[1.047s] -- Up-to-date symlink: /home/r2/mobile/install/mobile_description/share/mobile_description//meshes/caster_wheel_joint.STL
[1.047s] -- Up-to-date symlink: /home/r2/mobile/install/mobile_description/share/mobile_description//meshes/jetson_link.STL
[1.047s] -- Up-to-date symlink: /home/r2/mobile/install/mobile_description/share/mobile_description//meshes/left_wheel.STL
[1.047s] -- Up-to-date symlink: /home/r2/mobile/install/mobile_description/share/mobile_description//meshes/lidar_link.STL
[1.047s] -- Up-to-date symlink: /home/r2/mobile/install/mobile_description/share/mobile_description//meshes/right_wheel.STL
[1.048s] -- Up-to-date symlink: /home/r2/mobile/install/mobile_description/share/mobile_description//rviz/rviz_config.rviz
[1.048s] -- Up-to-date symlink: /home/r2/mobile/install/mobile_description/share/mobile_description//urdf/camera.xacro
[1.048s] -- Up-to-date symlink: /home/r2/mobile/install/mobile_description/share/mobile_description//urdf/common_mobile.xacro
[1.048s] -- Up-to-date symlink: /home/r2/mobile/install/mobile_description/share/mobile_description//urdf/imu.xacro
[1.048s] -- Up-to-date symlink: /home/r2/mobile/install/mobile_description/share/mobile_description//urdf/lidar.xacro
[1.048s] -- Up-to-date symlink: /home/r2/mobile/install/mobile_description/share/mobile_description//urdf/mobile.urdf.xacro
[1.048s] -- Up-to-date symlink: /home/r2/mobile/install/mobile_description/share/mobile_description//urdf/mobile.xacro
[1.048s] -- Up-to-date symlink: /home/r2/mobile/install/mobile_description/share/mobile_description//urdf/mobile_gazebo.xacro
[1.048s] -- Up-to-date symlink: /home/r2/mobile/install/mobile_description/share/mobile_description//urdf/mobile_velocity.urdf.xacro
[1.049s] -- Up-to-date symlink: /home/r2/mobile/install/mobile_description/share/mobile_description//urdf/mobile_velocity.xacro
[1.049s] -- Up-to-date symlink: /home/r2/mobile/install/mobile_description/lib/mobile_description/cmd_vel_mobile_controller
[1.049s] -- Up-to-date symlink: /home/r2/mobile/install/mobile_description/share/ament_index/resource_index/package_run_dependencies/mobile_description
[1.049s] -- Up-to-date symlink: /home/r2/mobile/install/mobile_description/share/ament_index/resource_index/parent_prefix_path/mobile_description
[1.049s] -- Up-to-date symlink: /home/r2/mobile/install/mobile_description/share/mobile_description/environment/ament_prefix_path.sh
[1.049s] -- Up-to-date symlink: /home/r2/mobile/install/mobile_description/share/mobile_description/environment/ament_prefix_path.dsv
[1.049s] -- Up-to-date symlink: /home/r2/mobile/install/mobile_description/share/mobile_description/environment/path.sh
[1.049s] -- Up-to-date symlink: /home/r2/mobile/install/mobile_description/share/mobile_description/environment/path.dsv
[1.050s] -- Up-to-date symlink: /home/r2/mobile/install/mobile_description/share/mobile_description/local_setup.bash
[1.050s] -- Up-to-date symlink: /home/r2/mobile/install/mobile_description/share/mobile_description/local_setup.sh
[1.050s] -- Up-to-date symlink: /home/r2/mobile/install/mobile_description/share/mobile_description/local_setup.zsh
[1.050s] -- Up-to-date symlink: /home/r2/mobile/install/mobile_description/share/mobile_description/local_setup.dsv
[1.050s] -- Symlinking: /home/r2/mobile/install/mobile_description/share/mobile_description/package.dsv
[1.054s] -- Up-to-date symlink: /home/r2/mobile/install/mobile_description/share/ament_index/resource_index/packages/mobile_description
[1.054s] -- Up-to-date symlink: /home/r2/mobile/install/mobile_description/share/mobile_description/cmake/mobile_descriptionConfig.cmake
[1.054s] -- Up-to-date symlink: /home/r2/mobile/install/mobile_description/share/mobile_description/cmake/mobile_descriptionConfig-version.cmake
[1.054s] -- Up-to-date symlink: /home/r2/mobile/install/mobile_description/share/mobile_description/package.xml
[1.056s] Invoked command in '/home/r2/mobile/build/mobile_description' returned '0': CMAKE_PREFIX_PATH=${CMAKE_PREFIX_PATH}:/home/r2/mobile/install/my_py_controllers:/opt/ros/humble /usr/bin/cmake --install /home/r2/mobile/build/mobile_description
