[0.375s] DEBUG:colcon:Command line arguments: ['/usr/bin/colcon', 'list', '-p', '--base-paths', '/home/r2/mobile']
[0.375s] DEBUG:colcon:Parsed command line arguments: Namespace(log_base=None, log_level=None, verb_name='list', build_base='build', ignore_user_meta=False, metas=['./colcon.meta'], base_paths=['/home/r2/mobile'], packages_ignore=None, packages_ignore_regex=None, paths=None, packages_up_to=None, packages_up_to_regex=None, packages_above=None, packages_above_and_dependencies=None, packages_above_depth=None, packages_select_by_dep=None, packages_skip_by_dep=None, packages_skip_up_to=None, packages_select_build_failed=False, packages_skip_build_finished=False, packages_select_test_failures=False, packages_skip_test_passed=False, packages_select=None, packages_skip=None, packages_select_regex=None, packages_skip_regex=None, packages_start=None, packages_end=None, allow_overriding=[], topological_order=False, names_only=False, paths_only=True, topological_graph=False, topological_graph_dot=False, topological_graph_density=False, topological_graph_legend=False, topological_graph_dot_cluster=False, topological_graph_dot_include_skipped=False, verb_parser=<colcon_defaults.argument_parser.defaults.DefaultArgumentsDecorator object at 0x7f74d5ad0430>, verb_extension=<colcon_package_information.verb.list.ListVerb object at 0x7f74d5a4ae60>, main=<bound method ListVerb.main of <colcon_package_information.verb.list.ListVerb object at 0x7f74d5a4ae60>>)
[0.400s] Level 1:colcon.colcon_core.package_discovery:discover_packages(colcon_meta) check parameters
[0.400s] Level 1:colcon.colcon_core.package_discovery:discover_packages(recursive) check parameters
[0.400s] Level 1:colcon.colcon_core.package_discovery:discover_packages(ignore) check parameters
[0.400s] Level 1:colcon.colcon_core.package_discovery:discover_packages(path) check parameters
[0.400s] Level 1:colcon.colcon_core.package_discovery:discover_packages(recursive) discover
[0.400s] INFO:colcon.colcon_core.package_discovery:Crawling recursively for packages in '/home/r2/mobile'
[0.400s] Level 1:colcon.colcon_core.package_identification:_identify(/home/r2/mobile) by extensions ['ignore', 'ignore_ament_install']
[0.400s] Level 1:colcon.colcon_core.package_identification:_identify(/home/r2/mobile) by extension 'ignore'
[0.400s] Level 1:colcon.colcon_core.package_identification:_identify(/home/r2/mobile) by extension 'ignore_ament_install'
[0.400s] Level 1:colcon.colcon_core.package_identification:_identify(/home/r2/mobile) by extensions ['colcon_pkg']
[0.401s] Level 1:colcon.colcon_core.package_identification:_identify(/home/r2/mobile) by extension 'colcon_pkg'
[0.401s] Level 1:colcon.colcon_core.package_identification:_identify(/home/r2/mobile) by extensions ['colcon_meta']
[0.401s] Level 1:colcon.colcon_core.package_identification:_identify(/home/r2/mobile) by extension 'colcon_meta'
[0.401s] Level 1:colcon.colcon_core.package_identification:_identify(/home/r2/mobile) by extensions ['ros']
[0.401s] Level 1:colcon.colcon_core.package_identification:_identify(/home/r2/mobile) by extension 'ros'
[0.461s] Level 1:colcon.colcon_core.package_identification:_identify(/home/r2/mobile) by extensions ['cmake', 'python']
[0.461s] Level 1:colcon.colcon_core.package_identification:_identify(/home/r2/mobile) by extension 'cmake'
[0.461s] Level 1:colcon.colcon_core.package_identification:_identify(/home/r2/mobile) by extension 'python'
[0.461s] Level 1:colcon.colcon_core.package_identification:_identify(/home/r2/mobile) by extensions ['python_setup_py']
[0.461s] Level 1:colcon.colcon_core.package_identification:_identify(/home/r2/mobile) by extension 'python_setup_py'
[0.462s] Level 1:colcon.colcon_core.package_identification:_identify(/home/r2/mobile/build) by extensions ['ignore', 'ignore_ament_install']
[0.462s] Level 1:colcon.colcon_core.package_identification:_identify(/home/r2/mobile/build) by extension 'ignore'
[0.462s] Level 1:colcon.colcon_core.package_identification:_identify(/home/r2/mobile/build) ignored
[0.462s] Level 1:colcon.colcon_core.package_identification:_identify(/home/r2/mobile/install) by extensions ['ignore', 'ignore_ament_install']
[0.462s] Level 1:colcon.colcon_core.package_identification:_identify(/home/r2/mobile/install) by extension 'ignore'
[0.462s] Level 1:colcon.colcon_core.package_identification:_identify(/home/r2/mobile/install) ignored
[0.462s] Level 1:colcon.colcon_core.package_identification:_identify(/home/r2/mobile/log) by extensions ['ignore', 'ignore_ament_install']
[0.462s] Level 1:colcon.colcon_core.package_identification:_identify(/home/r2/mobile/log) by extension 'ignore'
[0.462s] Level 1:colcon.colcon_core.package_identification:_identify(/home/r2/mobile/log) ignored
[0.462s] Level 1:colcon.colcon_core.package_identification:_identify(/home/r2/mobile/src) by extensions ['ignore', 'ignore_ament_install']
[0.462s] Level 1:colcon.colcon_core.package_identification:_identify(/home/r2/mobile/src) by extension 'ignore'
[0.463s] Level 1:colcon.colcon_core.package_identification:_identify(/home/r2/mobile/src) by extension 'ignore_ament_install'
[0.463s] Level 1:colcon.colcon_core.package_identification:_identify(/home/r2/mobile/src) by extensions ['colcon_pkg']
[0.463s] Level 1:colcon.colcon_core.package_identification:_identify(/home/r2/mobile/src) by extension 'colcon_pkg'
[0.463s] Level 1:colcon.colcon_core.package_identification:_identify(/home/r2/mobile/src) by extensions ['colcon_meta']
[0.463s] Level 1:colcon.colcon_core.package_identification:_identify(/home/r2/mobile/src) by extension 'colcon_meta'
[0.463s] Level 1:colcon.colcon_core.package_identification:_identify(/home/r2/mobile/src) by extensions ['ros']
[0.463s] Level 1:colcon.colcon_core.package_identification:_identify(/home/r2/mobile/src) by extension 'ros'
[0.463s] Level 1:colcon.colcon_core.package_identification:_identify(/home/r2/mobile/src) by extensions ['cmake', 'python']
[0.463s] Level 1:colcon.colcon_core.package_identification:_identify(/home/r2/mobile/src) by extension 'cmake'
[0.463s] Level 1:colcon.colcon_core.package_identification:_identify(/home/r2/mobile/src) by extension 'python'
[0.463s] Level 1:colcon.colcon_core.package_identification:_identify(/home/r2/mobile/src) by extensions ['python_setup_py']
[0.463s] Level 1:colcon.colcon_core.package_identification:_identify(/home/r2/mobile/src) by extension 'python_setup_py'
[0.463s] Level 1:colcon.colcon_core.package_identification:_identify(/home/r2/mobile/src/mobile_description) by extensions ['ignore', 'ignore_ament_install']
[0.463s] Level 1:colcon.colcon_core.package_identification:_identify(/home/r2/mobile/src/mobile_description) by extension 'ignore'
[0.463s] Level 1:colcon.colcon_core.package_identification:_identify(/home/r2/mobile/src/mobile_description) by extension 'ignore_ament_install'
[0.463s] Level 1:colcon.colcon_core.package_identification:_identify(/home/r2/mobile/src/mobile_description) by extensions ['colcon_pkg']
[0.463s] Level 1:colcon.colcon_core.package_identification:_identify(/home/r2/mobile/src/mobile_description) by extension 'colcon_pkg'
[0.463s] Level 1:colcon.colcon_core.package_identification:_identify(/home/r2/mobile/src/mobile_description) by extensions ['colcon_meta']
[0.463s] Level 1:colcon.colcon_core.package_identification:_identify(/home/r2/mobile/src/mobile_description) by extension 'colcon_meta'
[0.463s] Level 1:colcon.colcon_core.package_identification:_identify(/home/r2/mobile/src/mobile_description) by extensions ['ros']
[0.463s] Level 1:colcon.colcon_core.package_identification:_identify(/home/r2/mobile/src/mobile_description) by extension 'ros'
[0.466s] DEBUG:colcon.colcon_core.package_identification:Package '/home/r2/mobile/src/mobile_description' with type 'ros.ament_cmake' and name 'mobile_description'
[0.466s] Level 1:colcon.colcon_core.package_discovery:discover_packages(recursive) using defaults
