[0.019s] Invoking command in '/home/r2/mobile/build/mobile_description': CMAKE_PREFIX_PATH=${CMAKE_PREFIX_PATH}:/opt/ros/humble /usr/bin/cmake --build /home/r2/mobile/build/mobile_description -- -j6 -l6
[0.053s] [100%] Built target cmd_vel_mobile_controller
[0.252s] Invoked command in '/home/r2/mobile/build/mobile_description' returned '0': CMAKE_PREFIX_PATH=${CMAKE_PREFIX_PATH}:/opt/ros/humble /usr/bin/cmake --build /home/r2/mobile/build/mobile_description -- -j6 -l6
[0.273s] Invoking command in '/home/r2/mobile/build/mobile_description': CMAKE_PREFIX_PATH=${CMAKE_PREFIX_PATH}:/opt/ros/humble /usr/bin/cmake --install /home/r2/mobile/build/mobile_description
[0.277s] -- Install configuration: ""
[0.277s] -- Up-to-date: /home/r2/mobile/install/mobile_description/share/mobile_description//config
[0.277s] -- Up-to-date: /home/r2/mobile/install/mobile_description/share/mobile_description//examples
[0.277s] -- Up-to-date: /home/r2/mobile/install/mobile_description/share/mobile_description//examples/cmd_vel_mobile.cpp
[0.277s] -- Up-to-date: /home/r2/mobile/install/mobile_description/share/mobile_description//launch
[0.278s] -- Up-to-date: /home/r2/mobile/install/mobile_description/share/mobile_description//launch/display.launch.xml
[0.278s] -- Up-to-date: /home/r2/mobile/install/mobile_description/share/mobile_description//meshes
[0.278s] -- Up-to-date: /home/r2/mobile/install/mobile_description/share/mobile_description//meshes/jetson_link.STL
[0.278s] -- Up-to-date: /home/r2/mobile/install/mobile_description/share/mobile_description//meshes/caster_base.STL
[0.278s] -- Up-to-date: /home/r2/mobile/install/mobile_description/share/mobile_description//meshes/base_link.STL
[0.278s] -- Up-to-date: /home/r2/mobile/install/mobile_description/share/mobile_description//meshes/right_wheel.STL
[0.278s] -- Up-to-date: /home/r2/mobile/install/mobile_description/share/mobile_description//meshes/lidar_link.STL
[0.278s] -- Up-to-date: /home/r2/mobile/install/mobile_description/share/mobile_description//meshes/left_wheel.STL
[0.279s] -- Up-to-date: /home/r2/mobile/install/mobile_description/share/mobile_description//meshes/camera_link.STL
[0.279s] -- Up-to-date: /home/r2/mobile/install/mobile_description/share/mobile_description//meshes/caster_wheel_joint.STL
[0.279s] -- Up-to-date: /home/r2/mobile/install/mobile_description/share/mobile_description//rviz
[0.279s] -- Up-to-date: /home/r2/mobile/install/mobile_description/share/mobile_description//rviz/rviz_config.rviz
[0.280s] -- Up-to-date: /home/r2/mobile/install/mobile_description/share/mobile_description//urdf
[0.280s] -- Up-to-date: /home/r2/mobile/install/mobile_description/share/mobile_description//urdf/mobile_gazebo.xacro
[0.280s] -- Up-to-date: /home/r2/mobile/install/mobile_description/share/mobile_description//urdf/mobile.urdf.xacro
[0.280s] -- Up-to-date: /home/r2/mobile/install/mobile_description/share/mobile_description//urdf/common_mobile.xacro
[0.280s] -- Up-to-date: /home/r2/mobile/install/mobile_description/share/mobile_description//urdf/camera.xacro
[0.280s] -- Up-to-date: /home/r2/mobile/install/mobile_description/share/mobile_description//urdf/imu.xacro
[0.280s] -- Up-to-date: /home/r2/mobile/install/mobile_description/share/mobile_description//urdf/mobile.xacro
[0.280s] -- Up-to-date: /home/r2/mobile/install/mobile_description/share/mobile_description//urdf/lidar.xacro
[0.281s] -- Up-to-date: /home/r2/mobile/install/mobile_description/lib/mobile_description/cmd_vel_mobile_controller
[0.281s] -- Up-to-date: /home/r2/mobile/install/mobile_description/share/ament_index/resource_index/package_run_dependencies/mobile_description
[0.281s] -- Up-to-date: /home/r2/mobile/install/mobile_description/share/ament_index/resource_index/parent_prefix_path/mobile_description
[0.281s] -- Up-to-date: /home/r2/mobile/install/mobile_description/share/mobile_description/environment/ament_prefix_path.sh
[0.281s] -- Up-to-date: /home/r2/mobile/install/mobile_description/share/mobile_description/environment/ament_prefix_path.dsv
[0.281s] -- Up-to-date: /home/r2/mobile/install/mobile_description/share/mobile_description/environment/path.sh
[0.281s] -- Up-to-date: /home/r2/mobile/install/mobile_description/share/mobile_description/environment/path.dsv
[0.281s] -- Up-to-date: /home/r2/mobile/install/mobile_description/share/mobile_description/local_setup.bash
[0.282s] -- Up-to-date: /home/r2/mobile/install/mobile_description/share/mobile_description/local_setup.sh
[0.282s] -- Up-to-date: /home/r2/mobile/install/mobile_description/share/mobile_description/local_setup.zsh
[0.282s] -- Up-to-date: /home/r2/mobile/install/mobile_description/share/mobile_description/local_setup.dsv
[0.282s] -- Installing: /home/r2/mobile/install/mobile_description/share/mobile_description/package.dsv
[0.282s] -- Up-to-date: /home/r2/mobile/install/mobile_description/share/ament_index/resource_index/packages/mobile_description
[0.282s] -- Up-to-date: /home/r2/mobile/install/mobile_description/share/mobile_description/cmake/mobile_descriptionConfig.cmake
[0.282s] -- Up-to-date: /home/r2/mobile/install/mobile_description/share/mobile_description/cmake/mobile_descriptionConfig-version.cmake
[0.282s] -- Up-to-date: /home/r2/mobile/install/mobile_description/share/mobile_description/package.xml
[0.284s] Invoked command in '/home/r2/mobile/build/mobile_description' returned '0': CMAKE_PREFIX_PATH=${CMAKE_PREFIX_PATH}:/opt/ros/humble /usr/bin/cmake --install /home/r2/mobile/build/mobile_description
