[0.649s] Invoking command in '/home/r2/mobile/src/my_py_controllers': PYTHONPATH=/home/r2/mobile/build/my_py_controllers/prefix_override:/home/r2/mobile/install/my_py_controllers/lib/python3.10/site-packages:${PYTHONPATH} /usr/bin/python3 setup.py egg_info --egg-base ../../build/my_py_controllers build --build-base /home/r2/mobile/build/my_py_controllers/build install --record /home/r2/mobile/build/my_py_controllers/install.log --single-version-externally-managed
[0.819s] running egg_info
[0.820s] writing ../../build/my_py_controllers/my_py_controllers.egg-info/PKG-INFO
[0.822s] writing dependency_links to ../../build/my_py_controllers/my_py_controllers.egg-info/dependency_links.txt
[0.822s] writing entry points to ../../build/my_py_controllers/my_py_controllers.egg-info/entry_points.txt
[0.822s] writing requirements to ../../build/my_py_controllers/my_py_controllers.egg-info/requires.txt
[0.822s] writing top-level names to ../../build/my_py_controllers/my_py_controllers.egg-info/top_level.txt
[0.824s] reading manifest file '../../build/my_py_controllers/my_py_controllers.egg-info/SOURCES.txt'
[0.825s] writing manifest file '../../build/my_py_controllers/my_py_controllers.egg-info/SOURCES.txt'
[0.825s] running build
[0.825s] running build_py
[0.825s] copying my_py_controllers/cmd_vel_mobile.py -> /home/r2/mobile/build/my_py_controllers/build/lib/my_py_controllers
[0.826s] running install
[0.826s] /usr/lib/python3/dist-packages/setuptools/command/install.py:34: SetuptoolsDeprecationWarning: setup.py install is deprecated. Use build and pip and other standards-based tools.
[0.826s]   warnings.warn(
[0.826s] running install_lib
[0.827s] copying /home/r2/mobile/build/my_py_controllers/build/lib/my_py_controllers/cmd_vel_mobile.py -> /home/r2/mobile/install/my_py_controllers/lib/python3.10/site-packages/my_py_controllers
[0.828s] byte-compiling /home/r2/mobile/install/my_py_controllers/lib/python3.10/site-packages/my_py_controllers/cmd_vel_mobile.py to cmd_vel_mobile.cpython-310.pyc
[0.829s] running install_data
[0.829s] running install_egg_info
[0.831s] removing '/home/r2/mobile/install/my_py_controllers/lib/python3.10/site-packages/my_py_controllers-0.0.0-py3.10.egg-info' (and everything under it)
[0.831s] Copying ../../build/my_py_controllers/my_py_controllers.egg-info to /home/r2/mobile/install/my_py_controllers/lib/python3.10/site-packages/my_py_controllers-0.0.0-py3.10.egg-info
[0.832s] running install_scripts
[0.853s] Installing cmd_vel_mobile_controller script to /home/r2/mobile/install/my_py_controllers/lib/my_py_controllers
[0.853s] writing list of installed files to '/home/r2/mobile/build/my_py_controllers/install.log'
[0.886s] Invoked command in '/home/r2/mobile/src/my_py_controllers' returned '0': PYTHONPATH=/home/r2/mobile/build/my_py_controllers/prefix_override:/home/r2/mobile/install/my_py_controllers/lib/python3.10/site-packages:${PYTHONPATH} /usr/bin/python3 setup.py egg_info --egg-base ../../build/my_py_controllers build --build-base /home/r2/mobile/build/my_py_controllers/build install --record /home/r2/mobile/build/my_py_controllers/install.log --single-version-externally-managed
