[0.010s] Invoking command in '/home/r2/mobile/build/mobile_description': CMAKE_PREFIX_PATH=/opt/ros/humble /usr/bin/cmake /home/r2/mobile/src/mobile_description -DCMAKE_INSTALL_PREFIX=/home/r2/mobile/install/mobile_description
[0.102s] -- The C compiler identification is GNU 11.4.0
[0.176s] -- The CXX compiler identification is GNU 11.4.0
[0.184s] -- Detecting C compiler ABI info
[0.236s] -- Detecting C compiler ABI info - done
[0.244s] -- Check for working C compiler: /usr/bin/cc - skipped
[0.245s] -- Detecting C compile features
[0.245s] -- Detecting C compile features - done
[0.249s] -- Detecting CXX compiler ABI info
[0.304s] -- Detecting CXX compiler ABI info - done
[0.309s] -- Check for working CXX compiler: /usr/bin/c++ - skipped
[0.309s] -- Detecting CXX compile features
[0.309s] -- Detecting CXX compile features - done
[0.312s] -- Found ament_cmake: 1.3.5 (/opt/ros/humble/share/ament_cmake/cmake)
[0.433s] -- Found Python3: /usr/bin/python3.10 (found version "3.10.12") found components: Interpreter 
[0.509s] -- Found ament_lint_auto: 0.12.7 (/opt/ros/humble/share/ament_lint_auto/cmake)
[0.569s] -- Added test 'lint_cmake' to check CMake code style
[0.570s] -- Added test 'xmllint' to check XML markup files
[0.571s] -- Configuring done
[0.573s] -- Generating done
[0.574s] -- Build files have been written to: /home/r2/mobile/build/mobile_description
[0.578s] Invoked command in '/home/r2/mobile/build/mobile_description' returned '0': CMAKE_PREFIX_PATH=/opt/ros/humble /usr/bin/cmake /home/r2/mobile/src/mobile_description -DCMAKE_INSTALL_PREFIX=/home/r2/mobile/install/mobile_description
[0.580s] Invoking command in '/home/r2/mobile/build/mobile_description': CMAKE_PREFIX_PATH=/opt/ros/humble /usr/bin/cmake --build /home/r2/mobile/build/mobile_description -- -j2 -l2
[0.600s] Invoked command in '/home/r2/mobile/build/mobile_description' returned '0': CMAKE_PREFIX_PATH=/opt/ros/humble /usr/bin/cmake --build /home/r2/mobile/build/mobile_description -- -j2 -l2
[0.616s] Invoking command in '/home/r2/mobile/build/mobile_description': CMAKE_PREFIX_PATH=/opt/ros/humble /usr/bin/cmake --install /home/r2/mobile/build/mobile_description
[0.619s] -- Install configuration: ""
[0.620s] -- Installing: /home/r2/mobile/install/mobile_description/share/ament_index/resource_index/package_run_dependencies/mobile_description
[0.620s] -- Installing: /home/r2/mobile/install/mobile_description/share/ament_index/resource_index/parent_prefix_path/mobile_description
[0.620s] -- Installing: /home/r2/mobile/install/mobile_description/share/mobile_description/environment/ament_prefix_path.sh
[0.620s] -- Installing: /home/r2/mobile/install/mobile_description/share/mobile_description/environment/ament_prefix_path.dsv
[0.621s] -- Installing: /home/r2/mobile/install/mobile_description/share/mobile_description/environment/path.sh
[0.621s] -- Installing: /home/r2/mobile/install/mobile_description/share/mobile_description/environment/path.dsv
[0.621s] -- Installing: /home/r2/mobile/install/mobile_description/share/mobile_description/local_setup.bash
[0.621s] -- Installing: /home/r2/mobile/install/mobile_description/share/mobile_description/local_setup.sh
[0.622s] -- Installing: /home/r2/mobile/install/mobile_description/share/mobile_description/local_setup.zsh
[0.622s] -- Installing: /home/r2/mobile/install/mobile_description/share/mobile_description/local_setup.dsv
[0.622s] -- Installing: /home/r2/mobile/install/mobile_description/share/mobile_description/package.dsv
[0.622s] -- Installing: /home/r2/mobile/install/mobile_description/share/ament_index/resource_index/packages/mobile_description
[0.623s] -- Installing: /home/r2/mobile/install/mobile_description/share/mobile_description/cmake/mobile_descriptionConfig.cmake
[0.623s] -- Installing: /home/r2/mobile/install/mobile_description/share/mobile_description/cmake/mobile_descriptionConfig-version.cmake
[0.623s] -- Installing: /home/r2/mobile/install/mobile_description/share/mobile_description/package.xml
[0.624s] Invoked command in '/home/r2/mobile/build/mobile_description' returned '0': CMAKE_PREFIX_PATH=/opt/ros/humble /usr/bin/cmake --install /home/r2/mobile/build/mobile_description
