[0.322s] DEBUG:colcon:Command line arguments: ['/usr/bin/colcon', 'build', '--symlink-install']
[0.322s] DEBUG:colcon:Parsed command line arguments: Namespace(log_base=None, log_level=None, verb_name='build', build_base='build', install_base='install', merge_install=False, symlink_install=True, test_result_base=None, continue_on_error=False, executor='parallel', parallel_workers=6, event_handlers=None, ignore_user_meta=False, metas=['./colcon.meta'], base_paths=['.'], packages_ignore=None, packages_ignore_regex=None, paths=None, packages_up_to=None, packages_up_to_regex=None, packages_above=None, packages_above_and_dependencies=None, packages_above_depth=None, packages_select_by_dep=None, packages_skip_by_dep=None, packages_skip_up_to=None, packages_select_build_failed=False, packages_skip_build_finished=False, packages_select_test_failures=False, packages_skip_test_passed=False, packages_select=None, packages_skip=None, packages_select_regex=None, packages_skip_regex=None, packages_start=None, packages_end=None, allow_overriding=[], cmake_args=None, cmake_target=None, cmake_target_skip_unavailable=False, cmake_clean_cache=False, cmake_clean_first=False, cmake_force_configure=False, ament_cmake_args=None, catkin_cmake_args=None, catkin_skip_building_tests=False, verb_parser=<colcon_defaults.argument_parser.defaults.DefaultArgumentsDecorator object at 0x7f06d3a4b6a0>, verb_extension=<colcon_core.verb.build.BuildVerb object at 0x7f06d39a20e0>, main=<bound method BuildVerb.main of <colcon_core.verb.build.BuildVerb object at 0x7f06d39a20e0>>)
[0.364s] Level 1:colcon.colcon_core.package_discovery:discover_packages(colcon_meta) check parameters
[0.364s] Level 1:colcon.colcon_core.package_discovery:discover_packages(recursive) check parameters
[0.364s] Level 1:colcon.colcon_core.package_discovery:discover_packages(ignore) check parameters
[0.364s] Level 1:colcon.colcon_core.package_discovery:discover_packages(path) check parameters
[0.364s] Level 1:colcon.colcon_core.package_discovery:discover_packages(colcon_meta) discover
[0.364s] Level 1:colcon.colcon_core.package_discovery:discover_packages(recursive) discover
[0.364s] INFO:colcon.colcon_core.package_discovery:Crawling recursively for packages in '/home/r2/mobile'
[0.365s] Level 1:colcon.colcon_core.package_identification:_identify(.) by extensions ['ignore', 'ignore_ament_install']
[0.365s] Level 1:colcon.colcon_core.package_identification:_identify(.) by extension 'ignore'
[0.365s] Level 1:colcon.colcon_core.package_identification:_identify(.) by extension 'ignore_ament_install'
[0.365s] Level 1:colcon.colcon_core.package_identification:_identify(.) by extensions ['colcon_pkg']
[0.365s] Level 1:colcon.colcon_core.package_identification:_identify(.) by extension 'colcon_pkg'
[0.365s] Level 1:colcon.colcon_core.package_identification:_identify(.) by extensions ['colcon_meta']
[0.365s] Level 1:colcon.colcon_core.package_identification:_identify(.) by extension 'colcon_meta'
[0.365s] Level 1:colcon.colcon_core.package_identification:_identify(.) by extensions ['ros']
[0.365s] Level 1:colcon.colcon_core.package_identification:_identify(.) by extension 'ros'
[0.376s] Level 1:colcon.colcon_core.package_identification:_identify(.) by extensions ['cmake', 'python']
[0.376s] Level 1:colcon.colcon_core.package_identification:_identify(.) by extension 'cmake'
[0.376s] Level 1:colcon.colcon_core.package_identification:_identify(.) by extension 'python'
[0.376s] Level 1:colcon.colcon_core.package_identification:_identify(.) by extensions ['python_setup_py']
[0.376s] Level 1:colcon.colcon_core.package_identification:_identify(.) by extension 'python_setup_py'
[0.376s] Level 1:colcon.colcon_core.package_identification:_identify(build) by extensions ['ignore', 'ignore_ament_install']
[0.377s] Level 1:colcon.colcon_core.package_identification:_identify(build) by extension 'ignore'
[0.377s] Level 1:colcon.colcon_core.package_identification:_identify(build) ignored
[0.377s] Level 1:colcon.colcon_core.package_identification:_identify(install) by extensions ['ignore', 'ignore_ament_install']
[0.377s] Level 1:colcon.colcon_core.package_identification:_identify(install) by extension 'ignore'
[0.377s] Level 1:colcon.colcon_core.package_identification:_identify(install) ignored
[0.377s] Level 1:colcon.colcon_core.package_identification:_identify(log) by extensions ['ignore', 'ignore_ament_install']
[0.377s] Level 1:colcon.colcon_core.package_identification:_identify(log) by extension 'ignore'
[0.377s] Level 1:colcon.colcon_core.package_identification:_identify(log) ignored
[0.377s] Level 1:colcon.colcon_core.package_identification:_identify(src) by extensions ['ignore', 'ignore_ament_install']
[0.377s] Level 1:colcon.colcon_core.package_identification:_identify(src) by extension 'ignore'
[0.377s] Level 1:colcon.colcon_core.package_identification:_identify(src) by extension 'ignore_ament_install'
[0.377s] Level 1:colcon.colcon_core.package_identification:_identify(src) by extensions ['colcon_pkg']
[0.377s] Level 1:colcon.colcon_core.package_identification:_identify(src) by extension 'colcon_pkg'
[0.377s] Level 1:colcon.colcon_core.package_identification:_identify(src) by extensions ['colcon_meta']
[0.377s] Level 1:colcon.colcon_core.package_identification:_identify(src) by extension 'colcon_meta'
[0.377s] Level 1:colcon.colcon_core.package_identification:_identify(src) by extensions ['ros']
[0.377s] Level 1:colcon.colcon_core.package_identification:_identify(src) by extension 'ros'
[0.378s] Level 1:colcon.colcon_core.package_identification:_identify(src) by extensions ['cmake', 'python']
[0.378s] Level 1:colcon.colcon_core.package_identification:_identify(src) by extension 'cmake'
[0.378s] Level 1:colcon.colcon_core.package_identification:_identify(src) by extension 'python'
[0.378s] Level 1:colcon.colcon_core.package_identification:_identify(src) by extensions ['python_setup_py']
[0.378s] Level 1:colcon.colcon_core.package_identification:_identify(src) by extension 'python_setup_py'
[0.378s] Level 1:colcon.colcon_core.package_identification:_identify(src/mobile_description) by extensions ['ignore', 'ignore_ament_install']
[0.378s] Level 1:colcon.colcon_core.package_identification:_identify(src/mobile_description) by extension 'ignore'
[0.378s] Level 1:colcon.colcon_core.package_identification:_identify(src/mobile_description) by extension 'ignore_ament_install'
[0.378s] Level 1:colcon.colcon_core.package_identification:_identify(src/mobile_description) by extensions ['colcon_pkg']
[0.378s] Level 1:colcon.colcon_core.package_identification:_identify(src/mobile_description) by extension 'colcon_pkg'
[0.378s] Level 1:colcon.colcon_core.package_identification:_identify(src/mobile_description) by extensions ['colcon_meta']
[0.378s] Level 1:colcon.colcon_core.package_identification:_identify(src/mobile_description) by extension 'colcon_meta'
[0.378s] Level 1:colcon.colcon_core.package_identification:_identify(src/mobile_description) by extensions ['ros']
[0.378s] Level 1:colcon.colcon_core.package_identification:_identify(src/mobile_description) by extension 'ros'
[0.380s] DEBUG:colcon.colcon_core.package_identification:Package 'src/mobile_description' with type 'ros.ament_cmake' and name 'mobile_description'
[0.380s] Level 1:colcon.colcon_core.package_identification:_identify(src/my_py_controllers) by extensions ['ignore', 'ignore_ament_install']
[0.380s] Level 1:colcon.colcon_core.package_identification:_identify(src/my_py_controllers) by extension 'ignore'
[0.380s] Level 1:colcon.colcon_core.package_identification:_identify(src/my_py_controllers) by extension 'ignore_ament_install'
[0.380s] Level 1:colcon.colcon_core.package_identification:_identify(src/my_py_controllers) by extensions ['colcon_pkg']
[0.381s] Level 1:colcon.colcon_core.package_identification:_identify(src/my_py_controllers) by extension 'colcon_pkg'
[0.381s] Level 1:colcon.colcon_core.package_identification:_identify(src/my_py_controllers) by extensions ['colcon_meta']
[0.381s] Level 1:colcon.colcon_core.package_identification:_identify(src/my_py_controllers) by extension 'colcon_meta'
[0.381s] Level 1:colcon.colcon_core.package_identification:_identify(src/my_py_controllers) by extensions ['ros']
[0.381s] Level 1:colcon.colcon_core.package_identification:_identify(src/my_py_controllers) by extension 'ros'
[0.381s] DEBUG:colcon.colcon_core.package_identification:Package 'src/my_py_controllers' with type 'ros.ament_python' and name 'my_py_controllers'
[0.381s] Level 1:colcon.colcon_core.package_discovery:discover_packages(recursive) using defaults
[0.381s] Level 1:colcon.colcon_core.package_discovery:discover_packages(ignore) discover
[0.381s] Level 1:colcon.colcon_core.package_discovery:discover_packages(ignore) using defaults
[0.382s] Level 1:colcon.colcon_core.package_discovery:discover_packages(path) discover
[0.382s] Level 1:colcon.colcon_core.package_discovery:discover_packages(path) using defaults
[0.406s] Level 1:colcon.colcon_core.package_discovery:discover_packages(prefix_path) check parameters
[0.406s] Level 1:colcon.colcon_core.package_discovery:discover_packages(prefix_path) discover
[0.408s] DEBUG:colcon.colcon_installed_package_information.package_discovery:Found 2 installed packages in /home/r2/mobile/install
[0.410s] DEBUG:colcon.colcon_installed_package_information.package_discovery:Found 318 installed packages in /opt/ros/humble
[0.412s] Level 1:colcon.colcon_core.package_discovery:discover_packages(prefix_path) using defaults
[0.482s] Level 5:colcon.colcon_core.verb:set package 'mobile_description' build argument 'cmake_args' from command line to 'None'
[0.482s] Level 5:colcon.colcon_core.verb:set package 'mobile_description' build argument 'cmake_target' from command line to 'None'
[0.482s] Level 5:colcon.colcon_core.verb:set package 'mobile_description' build argument 'cmake_target_skip_unavailable' from command line to 'False'
[0.482s] Level 5:colcon.colcon_core.verb:set package 'mobile_description' build argument 'cmake_clean_cache' from command line to 'False'
[0.482s] Level 5:colcon.colcon_core.verb:set package 'mobile_description' build argument 'cmake_clean_first' from command line to 'False'
[0.482s] Level 5:colcon.colcon_core.verb:set package 'mobile_description' build argument 'cmake_force_configure' from command line to 'False'
[0.482s] Level 5:colcon.colcon_core.verb:set package 'mobile_description' build argument 'ament_cmake_args' from command line to 'None'
[0.482s] Level 5:colcon.colcon_core.verb:set package 'mobile_description' build argument 'catkin_cmake_args' from command line to 'None'
[0.482s] Level 5:colcon.colcon_core.verb:set package 'mobile_description' build argument 'catkin_skip_building_tests' from command line to 'False'
[0.482s] DEBUG:colcon.colcon_core.verb:Building package 'mobile_description' with the following arguments: {'ament_cmake_args': None, 'build_base': '/home/r2/mobile/build/mobile_description', 'catkin_cmake_args': None, 'catkin_skip_building_tests': False, 'cmake_args': None, 'cmake_clean_cache': False, 'cmake_clean_first': False, 'cmake_force_configure': False, 'cmake_target': None, 'cmake_target_skip_unavailable': False, 'install_base': '/home/r2/mobile/install/mobile_description', 'merge_install': False, 'path': '/home/r2/mobile/src/mobile_description', 'symlink_install': True, 'test_result_base': None}
[0.483s] Level 5:colcon.colcon_core.verb:set package 'my_py_controllers' build argument 'cmake_args' from command line to 'None'
[0.483s] Level 5:colcon.colcon_core.verb:set package 'my_py_controllers' build argument 'cmake_target' from command line to 'None'
[0.483s] Level 5:colcon.colcon_core.verb:set package 'my_py_controllers' build argument 'cmake_target_skip_unavailable' from command line to 'False'
[0.483s] Level 5:colcon.colcon_core.verb:set package 'my_py_controllers' build argument 'cmake_clean_cache' from command line to 'False'
[0.483s] Level 5:colcon.colcon_core.verb:set package 'my_py_controllers' build argument 'cmake_clean_first' from command line to 'False'
[0.483s] Level 5:colcon.colcon_core.verb:set package 'my_py_controllers' build argument 'cmake_force_configure' from command line to 'False'
[0.483s] Level 5:colcon.colcon_core.verb:set package 'my_py_controllers' build argument 'ament_cmake_args' from command line to 'None'
[0.483s] Level 5:colcon.colcon_core.verb:set package 'my_py_controllers' build argument 'catkin_cmake_args' from command line to 'None'
[0.483s] Level 5:colcon.colcon_core.verb:set package 'my_py_controllers' build argument 'catkin_skip_building_tests' from command line to 'False'
[0.483s] DEBUG:colcon.colcon_core.verb:Building package 'my_py_controllers' with the following arguments: {'ament_cmake_args': None, 'build_base': '/home/r2/mobile/build/my_py_controllers', 'catkin_cmake_args': None, 'catkin_skip_building_tests': False, 'cmake_args': None, 'cmake_clean_cache': False, 'cmake_clean_first': False, 'cmake_force_configure': False, 'cmake_target': None, 'cmake_target_skip_unavailable': False, 'install_base': '/home/r2/mobile/install/my_py_controllers', 'merge_install': False, 'path': '/home/r2/mobile/src/my_py_controllers', 'symlink_install': True, 'test_result_base': None}
[0.484s] INFO:colcon.colcon_core.executor:Executing jobs using 'parallel' executor
[0.488s] DEBUG:colcon.colcon_parallel_executor.executor.parallel:run_until_complete
[0.488s] INFO:colcon.colcon_ros.task.ament_cmake.build:Building ROS package in '/home/r2/mobile/src/mobile_description' with build type 'ament_cmake'
[0.488s] INFO:colcon.colcon_cmake.task.cmake.build:Building CMake package in '/home/r2/mobile/src/mobile_description'
[0.492s] INFO:colcon.colcon_core.plugin_system:Skipping extension 'colcon_core.shell.bat': Not used on non-Windows systems
[0.493s] INFO:colcon.colcon_core.shell:Skip shell extension 'powershell' for command environment: Not usable outside of PowerShell
[0.493s] DEBUG:colcon.colcon_core.shell:Skip shell extension 'dsv' for command environment
[0.497s] INFO:colcon.colcon_ros.task.ament_python.build:Building ROS package in '/home/r2/mobile/src/my_py_controllers' with build type 'ament_python'
[0.497s] Level 1:colcon.colcon_core.shell:create_environment_hook('my_py_controllers', 'ament_prefix_path')
[0.498s] INFO:colcon.colcon_core.shell:Creating environment hook '/home/r2/mobile/install/my_py_controllers/share/my_py_controllers/hook/ament_prefix_path.ps1'
[0.499s] INFO:colcon.colcon_core.shell:Creating environment descriptor '/home/r2/mobile/install/my_py_controllers/share/my_py_controllers/hook/ament_prefix_path.dsv'
[0.500s] INFO:colcon.colcon_core.shell:Creating environment hook '/home/r2/mobile/install/my_py_controllers/share/my_py_controllers/hook/ament_prefix_path.sh'
[0.501s] INFO:colcon.colcon_core.shell:Skip shell extension 'powershell' for command environment: Not usable outside of PowerShell
[0.501s] DEBUG:colcon.colcon_core.shell:Skip shell extension 'dsv' for command environment
[0.511s] DEBUG:colcon.colcon_core.event_handler.log_command:Invoking command in '/home/r2/mobile/build/mobile_description': CMAKE_PREFIX_PATH=${CMAKE_PREFIX_PATH}:/opt/ros/humble /usr/bin/cmake /home/r2/mobile/src/mobile_description -DAMENT_CMAKE_SYMLINK_INSTALL=1 -DCMAKE_INSTALL_PREFIX=/home/r2/mobile/install/mobile_description
[0.733s] INFO:colcon.colcon_core.task.python.build:Building Python package in '/home/r2/mobile/src/my_py_controllers'
[0.735s] INFO:colcon.colcon_core.shell:Skip shell extension 'powershell' for command environment: Not usable outside of PowerShell
[0.735s] DEBUG:colcon.colcon_core.shell:Skip shell extension 'dsv' for command environment
[1.089s] DEBUG:colcon.colcon_core.task.python.build:While undoing a previous installation files outside the Python library path are being ignored: /home/r2/mobile/install/my_py_controllers/share/ament_index/resource_index/packages/my_py_controllers
[1.090s] DEBUG:colcon.colcon_core.task.python.build:While undoing a previous installation files outside the Python library path are being ignored: /home/r2/mobile/install/my_py_controllers/share/my_py_controllers/package.xml
[1.090s] DEBUG:colcon.colcon_core.task.python.build:While undoing a previous installation files outside the Python library path are being ignored: /home/r2/mobile/install/my_py_controllers/lib/my_py_controllers/cmd_vel_mobile_controller
[1.092s] DEBUG:colcon.colcon_core.event_handler.log_command:Invoking command in '/home/r2/mobile/build/my_py_controllers': PYTHONPATH=/home/r2/mobile/build/my_py_controllers/prefix_override:/home/r2/mobile/install/my_py_controllers/lib/python3.10/site-packages:${PYTHONPATH} /usr/bin/python3 setup.py develop --editable --build-directory /home/r2/mobile/build/my_py_controllers/build --no-deps install_data
[1.551s] Level 1:colcon.colcon_core.shell:create_environment_hook('my_py_controllers', 'pythonpath_develop')
[1.552s] INFO:colcon.colcon_core.shell:Creating environment hook '/home/r2/mobile/build/my_py_controllers/share/my_py_controllers/hook/pythonpath_develop.ps1'
[1.553s] DEBUG:colcon.colcon_core.event_handler.log_command:Invoked command in '/home/r2/mobile/build/my_py_controllers' returned '0': PYTHONPATH=/home/r2/mobile/build/my_py_controllers/prefix_override:/home/r2/mobile/install/my_py_controllers/lib/python3.10/site-packages:${PYTHONPATH} /usr/bin/python3 setup.py develop --editable --build-directory /home/r2/mobile/build/my_py_controllers/build --no-deps install_data
[1.554s] INFO:colcon.colcon_core.shell:Creating environment descriptor '/home/r2/mobile/build/my_py_controllers/share/my_py_controllers/hook/pythonpath_develop.dsv'
[1.554s] INFO:colcon.colcon_core.shell:Creating environment hook '/home/r2/mobile/build/my_py_controllers/share/my_py_controllers/hook/pythonpath_develop.sh'
[1.561s] Level 1:colcon.colcon_core.environment:checking '/home/r2/mobile/install/my_py_controllers' for CMake module files
[1.561s] Level 1:colcon.colcon_core.environment:checking '/home/r2/mobile/install/my_py_controllers' for CMake config files
[1.561s] Level 1:colcon.colcon_core.environment:checking '/home/r2/mobile/install/my_py_controllers/lib'
[1.562s] Level 1:colcon.colcon_core.environment:checking '/home/r2/mobile/install/my_py_controllers/bin'
[1.562s] Level 1:colcon.colcon_core.environment:checking '/home/r2/mobile/install/my_py_controllers/lib/pkgconfig/my_py_controllers.pc'
[1.562s] Level 1:colcon.colcon_core.environment:checking '/home/r2/mobile/install/my_py_controllers/lib/python3.10/site-packages'
[1.562s] Level 1:colcon.colcon_core.shell:create_environment_hook('my_py_controllers', 'pythonpath')
[1.563s] INFO:colcon.colcon_core.shell:Creating environment hook '/home/r2/mobile/install/my_py_controllers/share/my_py_controllers/hook/pythonpath.ps1'
[1.564s] INFO:colcon.colcon_core.shell:Creating environment descriptor '/home/r2/mobile/install/my_py_controllers/share/my_py_controllers/hook/pythonpath.dsv'
[1.564s] INFO:colcon.colcon_core.shell:Creating environment hook '/home/r2/mobile/install/my_py_controllers/share/my_py_controllers/hook/pythonpath.sh'
[1.565s] Level 1:colcon.colcon_core.environment:checking '/home/r2/mobile/install/my_py_controllers/bin'
[1.565s] Level 1:colcon.colcon_core.environment:create_environment_scripts_only(my_py_controllers)
[1.568s] INFO:colcon.colcon_core.shell:Creating package script '/home/r2/mobile/install/my_py_controllers/share/my_py_controllers/package.ps1'
[1.570s] INFO:colcon.colcon_core.shell:Creating package descriptor '/home/r2/mobile/install/my_py_controllers/share/my_py_controllers/package.dsv'
[1.570s] INFO:colcon.colcon_core.shell:Creating package script '/home/r2/mobile/install/my_py_controllers/share/my_py_controllers/package.sh'
[1.571s] INFO:colcon.colcon_core.shell:Creating package script '/home/r2/mobile/install/my_py_controllers/share/my_py_controllers/package.bash'
[1.572s] INFO:colcon.colcon_core.shell:Creating package script '/home/r2/mobile/install/my_py_controllers/share/my_py_controllers/package.zsh'
[1.573s] Level 1:colcon.colcon_core.environment:create_file_with_runtime_dependencies(/home/r2/mobile/install/my_py_controllers/share/colcon-core/packages/my_py_controllers)
[1.576s] DEBUG:colcon.colcon_core.event_handler.log_command:Invoked command in '/home/r2/mobile/build/mobile_description' returned '0': CMAKE_PREFIX_PATH=${CMAKE_PREFIX_PATH}:/opt/ros/humble /usr/bin/cmake /home/r2/mobile/src/mobile_description -DAMENT_CMAKE_SYMLINK_INSTALL=1 -DCMAKE_INSTALL_PREFIX=/home/r2/mobile/install/mobile_description
[1.578s] DEBUG:colcon.colcon_core.event_handler.log_command:Invoking command in '/home/r2/mobile/build/mobile_description': CMAKE_PREFIX_PATH=${CMAKE_PREFIX_PATH}:/opt/ros/humble /usr/bin/cmake --build /home/r2/mobile/build/mobile_description -- -j6 -l6
[2.142s] DEBUG:colcon.colcon_core.event_handler.log_command:Invoked command in '/home/r2/mobile/build/mobile_description' returned '0': CMAKE_PREFIX_PATH=${CMAKE_PREFIX_PATH}:/opt/ros/humble /usr/bin/cmake --build /home/r2/mobile/build/mobile_description -- -j6 -l6
[2.167s] DEBUG:colcon.colcon_core.event_handler.log_command:Invoking command in '/home/r2/mobile/build/mobile_description': CMAKE_PREFIX_PATH=${CMAKE_PREFIX_PATH}:/opt/ros/humble /usr/bin/cmake --install /home/r2/mobile/build/mobile_description
[2.376s] Level 1:colcon.colcon_core.environment:create_environment_scripts_only(mobile_description)
[2.377s] DEBUG:colcon.colcon_core.event_handler.log_command:Invoked command in '/home/r2/mobile/build/mobile_description' returned '0': CMAKE_PREFIX_PATH=${CMAKE_PREFIX_PATH}:/opt/ros/humble /usr/bin/cmake --install /home/r2/mobile/build/mobile_description
[2.379s] Level 1:colcon.colcon_core.environment:checking '/home/r2/mobile/install/mobile_description' for CMake module files
[2.380s] Level 1:colcon.colcon_core.environment:checking '/home/r2/mobile/install/mobile_description' for CMake config files
[2.380s] Level 1:colcon.colcon_core.shell:create_environment_hook('mobile_description', 'cmake_prefix_path')
[2.382s] INFO:colcon.colcon_core.shell:Creating environment hook '/home/r2/mobile/install/mobile_description/share/mobile_description/hook/cmake_prefix_path.ps1'
[2.383s] INFO:colcon.colcon_core.shell:Creating environment descriptor '/home/r2/mobile/install/mobile_description/share/mobile_description/hook/cmake_prefix_path.dsv'
[2.383s] INFO:colcon.colcon_core.shell:Creating environment hook '/home/r2/mobile/install/mobile_description/share/mobile_description/hook/cmake_prefix_path.sh'
[2.384s] Level 1:colcon.colcon_core.environment:checking '/home/r2/mobile/install/mobile_description/lib'
[2.384s] Level 1:colcon.colcon_core.environment:checking '/home/r2/mobile/install/mobile_description/bin'
[2.384s] Level 1:colcon.colcon_core.environment:checking '/home/r2/mobile/install/mobile_description/lib/pkgconfig/mobile_description.pc'
[2.384s] Level 1:colcon.colcon_core.environment:checking '/home/r2/mobile/install/mobile_description/lib/python3.10/site-packages'
[2.384s] Level 1:colcon.colcon_core.environment:checking '/home/r2/mobile/install/mobile_description/bin'
[2.386s] INFO:colcon.colcon_core.shell:Creating package script '/home/r2/mobile/install/mobile_description/share/mobile_description/package.ps1'
[2.386s] INFO:colcon.colcon_core.shell:Creating package descriptor '/home/r2/mobile/install/mobile_description/share/mobile_description/package.dsv'
[2.386s] INFO:colcon.colcon_core.shell:Creating package script '/home/r2/mobile/install/mobile_description/share/mobile_description/package.sh'
[2.387s] INFO:colcon.colcon_core.shell:Creating package script '/home/r2/mobile/install/mobile_description/share/mobile_description/package.bash'
[2.387s] INFO:colcon.colcon_core.shell:Creating package script '/home/r2/mobile/install/mobile_description/share/mobile_description/package.zsh'
[2.388s] Level 1:colcon.colcon_core.environment:create_file_with_runtime_dependencies(/home/r2/mobile/install/mobile_description/share/colcon-core/packages/mobile_description)
[2.406s] Level 1:colcon.colcon_core.environment:create_environment_scripts_only(mobile_description)
[2.407s] Level 1:colcon.colcon_core.environment:checking '/home/r2/mobile/install/mobile_description' for CMake module files
[2.408s] Level 1:colcon.colcon_core.environment:checking '/home/r2/mobile/install/mobile_description' for CMake config files
[2.408s] Level 1:colcon.colcon_core.shell:create_environment_hook('mobile_description', 'cmake_prefix_path')
[2.409s] INFO:colcon.colcon_core.shell:Creating environment hook '/home/r2/mobile/install/mobile_description/share/mobile_description/hook/cmake_prefix_path.ps1'
[2.409s] INFO:colcon.colcon_core.shell:Creating environment descriptor '/home/r2/mobile/install/mobile_description/share/mobile_description/hook/cmake_prefix_path.dsv'
[2.410s] INFO:colcon.colcon_core.shell:Creating environment hook '/home/r2/mobile/install/mobile_description/share/mobile_description/hook/cmake_prefix_path.sh'
[2.410s] Level 1:colcon.colcon_core.environment:checking '/home/r2/mobile/install/mobile_description/lib'
[2.410s] Level 1:colcon.colcon_core.environment:checking '/home/r2/mobile/install/mobile_description/bin'
[2.410s] Level 1:colcon.colcon_core.environment:checking '/home/r2/mobile/install/mobile_description/lib/pkgconfig/mobile_description.pc'
[2.410s] Level 1:colcon.colcon_core.environment:checking '/home/r2/mobile/install/mobile_description/lib/python3.10/site-packages'
[2.411s] Level 1:colcon.colcon_core.environment:checking '/home/r2/mobile/install/mobile_description/bin'
[2.413s] INFO:colcon.colcon_core.shell:Creating package script '/home/r2/mobile/install/mobile_description/share/mobile_description/package.ps1'
[2.413s] INFO:colcon.colcon_core.shell:Creating package descriptor '/home/r2/mobile/install/mobile_description/share/mobile_description/package.dsv'
[2.414s] INFO:colcon.colcon_core.shell:Creating package script '/home/r2/mobile/install/mobile_description/share/mobile_description/package.sh'
[2.414s] INFO:colcon.colcon_core.shell:Creating package script '/home/r2/mobile/install/mobile_description/share/mobile_description/package.bash'
[2.415s] INFO:colcon.colcon_core.shell:Creating package script '/home/r2/mobile/install/mobile_description/share/mobile_description/package.zsh'
[2.415s] Level 1:colcon.colcon_core.environment:create_file_with_runtime_dependencies(/home/r2/mobile/install/mobile_description/share/colcon-core/packages/mobile_description)
[2.415s] DEBUG:colcon.colcon_parallel_executor.executor.parallel:closing loop
[2.416s] DEBUG:colcon.colcon_parallel_executor.executor.parallel:loop closed
[2.416s] DEBUG:colcon.colcon_parallel_executor.executor.parallel:run_until_complete finished with '0'
[2.416s] DEBUG:colcon.colcon_core.event_reactor:joining thread
[2.422s] INFO:colcon.colcon_core.plugin_system:Skipping extension 'colcon_notification.desktop_notification.terminal_notifier': Not used on non-Darwin systems
[2.422s] INFO:colcon.colcon_core.plugin_system:Skipping extension 'colcon_notification.desktop_notification.win32': Not used on non-Windows systems
[2.422s] INFO:colcon.colcon_notification.desktop_notification:Sending desktop notification using 'notify2'
[2.436s] DEBUG:colcon.colcon_core.event_reactor:joined thread
[2.437s] INFO:colcon.colcon_core.shell:Creating prefix script '/home/r2/mobile/install/local_setup.ps1'
[2.438s] INFO:colcon.colcon_core.shell:Creating prefix util module '/home/r2/mobile/install/_local_setup_util_ps1.py'
[2.440s] INFO:colcon.colcon_core.shell:Creating prefix chain script '/home/r2/mobile/install/setup.ps1'
[2.441s] INFO:colcon.colcon_core.shell:Creating prefix script '/home/r2/mobile/install/local_setup.sh'
[2.442s] INFO:colcon.colcon_core.shell:Creating prefix util module '/home/r2/mobile/install/_local_setup_util_sh.py'
[2.443s] INFO:colcon.colcon_core.shell:Creating prefix chain script '/home/r2/mobile/install/setup.sh'
[2.444s] INFO:colcon.colcon_core.shell:Creating prefix script '/home/r2/mobile/install/local_setup.bash'
[2.445s] INFO:colcon.colcon_core.shell:Creating prefix chain script '/home/r2/mobile/install/setup.bash'
[2.447s] INFO:colcon.colcon_core.shell:Creating prefix script '/home/r2/mobile/install/local_setup.zsh'
[2.447s] INFO:colcon.colcon_core.shell:Creating prefix chain script '/home/r2/mobile/install/setup.zsh'
