[0.535s] Invoking command in '/home/r2/mobile/build/my_py_controllers': PYTHONPATH=/home/r2/mobile/build/my_py_controllers/prefix_override:/home/r2/mobile/install/my_py_controllers/lib/python3.10/site-packages:${PYTHONPATH} /usr/bin/python3 setup.py develop --uninstall --editable --build-directory /home/r2/mobile/build/my_py_controllers/build
[0.762s] running develop
[0.762s] /usr/lib/python3/dist-packages/setuptools/command/easy_install.py:158: EasyInstallDeprecationWarning: easy_install command is deprecated. Use build and pip and other standards-based tools.
[0.762s]   warnings.warn(
[0.763s] /usr/lib/python3/dist-packages/setuptools/command/install.py:34: SetuptoolsDeprecationWarning: setup.py install is deprecated. Use build and pip and other standards-based tools.
[0.763s]   warnings.warn(
[0.901s] Removing /home/r2/mobile/install/my_py_controllers/lib/python3.10/site-packages/my-py-controllers.egg-link (link to .)
[0.926s] Invoked command in '/home/r2/mobile/build/my_py_controllers' returned '0': PYTHONPATH=/home/r2/mobile/build/my_py_controllers/prefix_override:/home/r2/mobile/install/my_py_controllers/lib/python3.10/site-packages:${PYTHONPATH} /usr/bin/python3 setup.py develop --uninstall --editable --build-directory /home/r2/mobile/build/my_py_controllers/build
[0.927s] Invoking command in '/home/r2/mobile/src/my_py_controllers': PYTHONPATH=/home/r2/mobile/build/my_py_controllers/prefix_override:/home/r2/mobile/install/my_py_controllers/lib/python3.10/site-packages:${PYTHONPATH} /usr/bin/python3 setup.py egg_info --egg-base ../../build/my_py_controllers build --build-base /home/r2/mobile/build/my_py_controllers/build install --record /home/r2/mobile/build/my_py_controllers/install.log --single-version-externally-managed
[1.067s] running egg_info
[1.067s] writing ../../build/my_py_controllers/my_py_controllers.egg-info/PKG-INFO
[1.068s] writing dependency_links to ../../build/my_py_controllers/my_py_controllers.egg-info/dependency_links.txt
[1.068s] writing entry points to ../../build/my_py_controllers/my_py_controllers.egg-info/entry_points.txt
[1.068s] writing requirements to ../../build/my_py_controllers/my_py_controllers.egg-info/requires.txt
[1.068s] writing top-level names to ../../build/my_py_controllers/my_py_controllers.egg-info/top_level.txt
[1.070s] reading manifest file '../../build/my_py_controllers/my_py_controllers.egg-info/SOURCES.txt'
[1.071s] writing manifest file '../../build/my_py_controllers/my_py_controllers.egg-info/SOURCES.txt'
[1.071s] running build
[1.071s] running build_py
[1.071s] copying my_py_controllers/cmd_vel_mobile.py -> /home/r2/mobile/build/my_py_controllers/build/lib/my_py_controllers
[1.071s] running install
[1.071s] /usr/lib/python3/dist-packages/setuptools/command/install.py:34: SetuptoolsDeprecationWarning: setup.py install is deprecated. Use build and pip and other standards-based tools.
[1.071s]   warnings.warn(
[1.072s] running install_lib
[1.072s] creating /home/r2/mobile/install/my_py_controllers/lib/python3.10/site-packages/my_py_controllers
[1.072s] copying /home/r2/mobile/build/my_py_controllers/build/lib/my_py_controllers/__init__.py -> /home/r2/mobile/install/my_py_controllers/lib/python3.10/site-packages/my_py_controllers
[1.072s] copying /home/r2/mobile/build/my_py_controllers/build/lib/my_py_controllers/cmd_vel_mobile.py -> /home/r2/mobile/install/my_py_controllers/lib/python3.10/site-packages/my_py_controllers
[1.073s] byte-compiling /home/r2/mobile/install/my_py_controllers/lib/python3.10/site-packages/my_py_controllers/__init__.py to __init__.cpython-310.pyc
[1.073s] byte-compiling /home/r2/mobile/install/my_py_controllers/lib/python3.10/site-packages/my_py_controllers/cmd_vel_mobile.py to cmd_vel_mobile.cpython-310.pyc
[1.073s] running install_data
[1.074s] running install_egg_info
[1.075s] Copying ../../build/my_py_controllers/my_py_controllers.egg-info to /home/r2/mobile/install/my_py_controllers/lib/python3.10/site-packages/my_py_controllers-0.0.0-py3.10.egg-info
[1.076s] running install_scripts
[1.094s] Installing cmd_vel_mobile_controller script to /home/r2/mobile/install/my_py_controllers/lib/my_py_controllers
[1.094s] writing list of installed files to '/home/r2/mobile/build/my_py_controllers/install.log'
[1.117s] Invoked command in '/home/r2/mobile/src/my_py_controllers' returned '0': PYTHONPATH=/home/r2/mobile/build/my_py_controllers/prefix_override:/home/r2/mobile/install/my_py_controllers/lib/python3.10/site-packages:${PYTHONPATH} /usr/bin/python3 setup.py egg_info --egg-base ../../build/my_py_controllers build --build-base /home/r2/mobile/build/my_py_controllers/build install --record /home/r2/mobile/build/my_py_controllers/install.log --single-version-externally-managed
