[0.020s] Invoking command in '/home/r2/mobile/build/mobile_description': CMAKE_PREFIX_PATH=${CMAKE_PREFIX_PATH}:/home/r2/mobile/install/my_py_controllers:/opt/ros/humble /usr/bin/cmake --build /home/r2/mobile/build/mobile_description -- -j6 -l6
[0.047s] -- Found ament_cmake: 1.3.5 (/opt/ros/humble/share/ament_cmake/cmake)
[0.164s] -- Override CMake install command with custom implementation using symlinks instead of copying resources
[0.185s] -- Found rclcpp: 16.0.5 (/opt/ros/humble/share/rclcpp/cmake)
[0.230s] -- Found rosidl_generator_c: 3.1.5 (/opt/ros/humble/share/rosidl_generator_c/cmake)
[0.234s] -- Found rosidl_adapter: 3.1.5 (/opt/ros/humble/share/rosidl_adapter/cmake)
[0.246s] -- Found rosidl_generator_cpp: 3.1.5 (/opt/ros/humble/share/rosidl_generator_cpp/cmake)
[0.262s] -- Using all available rosidl_typesupport_c: rosidl_typesupport_fastrtps_c;rosidl_typesupport_introspection_c
[0.284s] -- Using all available rosidl_typesupport_cpp: rosidl_typesupport_fastrtps_cpp;rosidl_typesupport_introspection_cpp
[0.353s] -- Found rmw_implementation_cmake: 6.1.1 (/opt/ros/humble/share/rmw_implementation_cmake/cmake)
[0.356s] -- Found rmw_fastrtps_cpp: 6.2.3 (/opt/ros/humble/share/rmw_fastrtps_cpp/cmake)
[0.466s] -- Using RMW implementation 'rmw_fastrtps_cpp' as default
[0.619s] -- Found nav_msgs: 4.2.3 (/opt/ros/humble/share/nav_msgs/cmake)
[0.788s] -- Configuring done
[0.802s] -- Generating done
[0.804s] -- Build files have been written to: /home/r2/mobile/build/mobile_description
[0.822s] [35m[1mConsolidate compiler generated dependencies of target cmd_vel_mobile_controller[0m
[0.833s] [100%] Built target cmd_vel_mobile_controller
[0.840s] Invoked command in '/home/r2/mobile/build/mobile_description' returned '0': CMAKE_PREFIX_PATH=${CMAKE_PREFIX_PATH}:/home/r2/mobile/install/my_py_controllers:/opt/ros/humble /usr/bin/cmake --build /home/r2/mobile/build/mobile_description -- -j6 -l6
[0.859s] Invoking command in '/home/r2/mobile/build/mobile_description': CMAKE_PREFIX_PATH=${CMAKE_PREFIX_PATH}:/home/r2/mobile/install/my_py_controllers:/opt/ros/humble /usr/bin/cmake --install /home/r2/mobile/build/mobile_description
[0.862s] -- Install configuration: ""
[0.863s] -- Execute custom install script
[0.863s] -- Up-to-date symlink: /home/r2/mobile/install/mobile_description/share/mobile_description//config/mobile_velocity_controller.yaml
[0.863s] -- Up-to-date symlink: /home/r2/mobile/install/mobile_description/share/mobile_description//examples/cmd_vel_mobile.cpp
[0.864s] -- Up-to-date symlink: /home/r2/mobile/install/mobile_description/share/mobile_description//launch/display.launch.xml
[0.864s] -- Up-to-date symlink: /home/r2/mobile/install/mobile_description/share/mobile_description//launch/mobile_example_velocity.launch.py
[0.864s] -- Up-to-date symlink: /home/r2/mobile/install/mobile_description/share/mobile_description//meshes/base_link.STL
[0.864s] -- Up-to-date symlink: /home/r2/mobile/install/mobile_description/share/mobile_description//meshes/camera_link.STL
[0.864s] -- Up-to-date symlink: /home/r2/mobile/install/mobile_description/share/mobile_description//meshes/caster_base.STL
[0.864s] -- Up-to-date symlink: /home/r2/mobile/install/mobile_description/share/mobile_description//meshes/caster_wheel_joint.STL
[0.864s] -- Up-to-date symlink: /home/r2/mobile/install/mobile_description/share/mobile_description//meshes/jetson_link.STL
[0.864s] -- Up-to-date symlink: /home/r2/mobile/install/mobile_description/share/mobile_description//meshes/left_wheel.STL
[0.865s] -- Up-to-date symlink: /home/r2/mobile/install/mobile_description/share/mobile_description//meshes/lidar_link.STL
[0.865s] -- Up-to-date symlink: /home/r2/mobile/install/mobile_description/share/mobile_description//meshes/right_wheel.STL
[0.865s] -- Up-to-date symlink: /home/r2/mobile/install/mobile_description/share/mobile_description//rviz/rviz_config.rviz
[0.865s] -- Up-to-date symlink: /home/r2/mobile/install/mobile_description/share/mobile_description//urdf/camera.xacro
[0.865s] -- Up-to-date symlink: /home/r2/mobile/install/mobile_description/share/mobile_description//urdf/common_mobile.xacro
[0.865s] -- Up-to-date symlink: /home/r2/mobile/install/mobile_description/share/mobile_description//urdf/imu.xacro
[0.866s] -- Up-to-date symlink: /home/r2/mobile/install/mobile_description/share/mobile_description//urdf/lidar.xacro
[0.866s] -- Up-to-date symlink: /home/r2/mobile/install/mobile_description/share/mobile_description//urdf/mobile.urdf.xacro
[0.866s] -- Up-to-date symlink: /home/r2/mobile/install/mobile_description/share/mobile_description//urdf/mobile.xacro
[0.866s] -- Up-to-date symlink: /home/r2/mobile/install/mobile_description/share/mobile_description//urdf/mobile_gazebo.xacro
[0.866s] -- Up-to-date symlink: /home/r2/mobile/install/mobile_description/share/mobile_description//urdf/mobile_velocity.urdf.xacro
[0.866s] -- Up-to-date symlink: /home/r2/mobile/install/mobile_description/share/mobile_description//urdf/mobile_velocity.xacro
[0.867s] -- Up-to-date symlink: /home/r2/mobile/install/mobile_description/lib/mobile_description/cmd_vel_mobile_controller
[0.867s] -- Up-to-date symlink: /home/r2/mobile/install/mobile_description/share/ament_index/resource_index/package_run_dependencies/mobile_description
[0.867s] -- Up-to-date symlink: /home/r2/mobile/install/mobile_description/share/ament_index/resource_index/parent_prefix_path/mobile_description
[0.867s] -- Up-to-date symlink: /home/r2/mobile/install/mobile_description/share/mobile_description/environment/ament_prefix_path.sh
[0.867s] -- Up-to-date symlink: /home/r2/mobile/install/mobile_description/share/mobile_description/environment/ament_prefix_path.dsv
[0.867s] -- Up-to-date symlink: /home/r2/mobile/install/mobile_description/share/mobile_description/environment/path.sh
[0.868s] -- Up-to-date symlink: /home/r2/mobile/install/mobile_description/share/mobile_description/environment/path.dsv
[0.868s] -- Up-to-date symlink: /home/r2/mobile/install/mobile_description/share/mobile_description/local_setup.bash
[0.868s] -- Up-to-date symlink: /home/r2/mobile/install/mobile_description/share/mobile_description/local_setup.sh
[0.868s] -- Up-to-date symlink: /home/r2/mobile/install/mobile_description/share/mobile_description/local_setup.zsh
[0.868s] -- Up-to-date symlink: /home/r2/mobile/install/mobile_description/share/mobile_description/local_setup.dsv
[0.868s] -- Symlinking: /home/r2/mobile/install/mobile_description/share/mobile_description/package.dsv
[0.872s] -- Up-to-date symlink: /home/r2/mobile/install/mobile_description/share/ament_index/resource_index/packages/mobile_description
[0.872s] -- Up-to-date symlink: /home/r2/mobile/install/mobile_description/share/mobile_description/cmake/mobile_descriptionConfig.cmake
[0.873s] -- Up-to-date symlink: /home/r2/mobile/install/mobile_description/share/mobile_description/cmake/mobile_descriptionConfig-version.cmake
[0.873s] -- Up-to-date symlink: /home/r2/mobile/install/mobile_description/share/mobile_description/package.xml
[0.874s] Invoked command in '/home/r2/mobile/build/mobile_description' returned '0': CMAKE_PREFIX_PATH=${CMAKE_PREFIX_PATH}:/home/r2/mobile/install/my_py_controllers:/opt/ros/humble /usr/bin/cmake --install /home/r2/mobile/build/mobile_description
