[0.021s] Invoking command in '/home/r2/mobile/build/mobile_description': CMAKE_PREFIX_PATH=${CMAKE_PREFIX_PATH}:/home/r2/mobile/install/my_py_controllers:/opt/ros/humble /usr/bin/cmake --build /home/r2/mobile/build/mobile_description -- -j6 -l6
[0.061s] [ 25%] [32mBuilding CXX object CMakeFiles/cmd_joint_vel.dir/examples/cmd_joint_vel_mobile.cpp.o[0m
[0.062s] [ 75%] Built target cmd_vel_mobile_controller
[6.742s] [100%] [32m[1mLinking CXX executable cmd_joint_vel[0m
[7.096s] [100%] Built target cmd_joint_vel
[7.104s] Invoked command in '/home/r2/mobile/build/mobile_description' returned '0': CMAKE_PREFIX_PATH=${CMAKE_PREFIX_PATH}:/home/r2/mobile/install/my_py_controllers:/opt/ros/humble /usr/bin/cmake --build /home/r2/mobile/build/mobile_description -- -j6 -l6
[7.128s] Invoking command in '/home/r2/mobile/build/mobile_description': CMAKE_PREFIX_PATH=${CMAKE_PREFIX_PATH}:/home/r2/mobile/install/my_py_controllers:/opt/ros/humble /usr/bin/cmake --install /home/r2/mobile/build/mobile_description
[7.133s] -- Install configuration: ""
[7.133s] -- Execute custom install script
[7.133s] -- Up-to-date symlink: /home/r2/mobile/install/mobile_description/share/mobile_description//config/ekf.yaml
[7.134s] -- Up-to-date symlink: /home/r2/mobile/install/mobile_description/share/mobile_description//config/mobile_velocity_controller.yaml
[7.134s] -- Up-to-date symlink: /home/r2/mobile/install/mobile_description/share/mobile_description//examples/cmd_joint_vel_mobile.cpp
[7.134s] -- Up-to-date symlink: /home/r2/mobile/install/mobile_description/share/mobile_description//examples/cmd_vel_mobile.cpp
[7.134s] -- Up-to-date symlink: /home/r2/mobile/install/mobile_description/share/mobile_description//examples/odom_pub.cpp
[7.134s] -- Up-to-date symlink: /home/r2/mobile/install/mobile_description/share/mobile_description//launch/display.launch.xml
[7.135s] -- Up-to-date symlink: /home/r2/mobile/install/mobile_description/share/mobile_description//launch/mobile_example_velocity.launch.py
[7.135s] -- Up-to-date symlink: /home/r2/mobile/install/mobile_description/share/mobile_description//meshes/base_link.STL
[7.135s] -- Up-to-date symlink: /home/r2/mobile/install/mobile_description/share/mobile_description//meshes/camera_link.STL
[7.135s] -- Up-to-date symlink: /home/r2/mobile/install/mobile_description/share/mobile_description//meshes/caster_base.STL
[7.135s] -- Up-to-date symlink: /home/r2/mobile/install/mobile_description/share/mobile_description//meshes/caster_wheel_joint.STL
[7.136s] -- Up-to-date symlink: /home/r2/mobile/install/mobile_description/share/mobile_description//meshes/jetson_link.STL
[7.136s] -- Up-to-date symlink: /home/r2/mobile/install/mobile_description/share/mobile_description//meshes/left_wheel.STL
[7.136s] -- Up-to-date symlink: /home/r2/mobile/install/mobile_description/share/mobile_description//meshes/lidar_link.STL
[7.136s] -- Up-to-date symlink: /home/r2/mobile/install/mobile_description/share/mobile_description//meshes/right_wheel.STL
[7.136s] -- Up-to-date symlink: /home/r2/mobile/install/mobile_description/share/mobile_description//rviz/rviz_config.rviz
[7.136s] -- Up-to-date symlink: /home/r2/mobile/install/mobile_description/share/mobile_description//urdf/camera.xacro
[7.137s] -- Up-to-date symlink: /home/r2/mobile/install/mobile_description/share/mobile_description//urdf/common_mobile.xacro
[7.137s] -- Up-to-date symlink: /home/r2/mobile/install/mobile_description/share/mobile_description//urdf/imu.xacro
[7.137s] -- Up-to-date symlink: /home/r2/mobile/install/mobile_description/share/mobile_description//urdf/lidar.xacro
[7.137s] -- Up-to-date symlink: /home/r2/mobile/install/mobile_description/share/mobile_description//urdf/mobile.urdf.xacro
[7.137s] -- Up-to-date symlink: /home/r2/mobile/install/mobile_description/share/mobile_description//urdf/mobile.xacro
[7.138s] -- Up-to-date symlink: /home/r2/mobile/install/mobile_description/share/mobile_description//urdf/mobile_gazebo.xacro
[7.138s] -- Up-to-date symlink: /home/r2/mobile/install/mobile_description/share/mobile_description//urdf/mobile_velocity.urdf.xacro
[7.138s] -- Up-to-date symlink: /home/r2/mobile/install/mobile_description/share/mobile_description//urdf/mobile_velocity.xacro
[7.138s] -- Up-to-date symlink: /home/r2/mobile/install/mobile_description/lib/mobile_description/cmd_vel_mobile_controller
[7.138s] -- Up-to-date symlink: /home/r2/mobile/install/mobile_description/lib/mobile_description/cmd_joint_vel
[7.138s] -- Up-to-date symlink: /home/r2/mobile/install/mobile_description/share/ament_index/resource_index/package_run_dependencies/mobile_description
[7.138s] -- Up-to-date symlink: /home/r2/mobile/install/mobile_description/share/ament_index/resource_index/parent_prefix_path/mobile_description
[7.139s] -- Up-to-date symlink: /home/r2/mobile/install/mobile_description/share/mobile_description/environment/ament_prefix_path.sh
[7.139s] -- Up-to-date symlink: /home/r2/mobile/install/mobile_description/share/mobile_description/environment/ament_prefix_path.dsv
[7.139s] -- Up-to-date symlink: /home/r2/mobile/install/mobile_description/share/mobile_description/environment/path.sh
[7.139s] -- Up-to-date symlink: /home/r2/mobile/install/mobile_description/share/mobile_description/environment/path.dsv
[7.139s] -- Up-to-date symlink: /home/r2/mobile/install/mobile_description/share/mobile_description/local_setup.bash
[7.139s] -- Up-to-date symlink: /home/r2/mobile/install/mobile_description/share/mobile_description/local_setup.sh
[7.139s] -- Up-to-date symlink: /home/r2/mobile/install/mobile_description/share/mobile_description/local_setup.zsh
[7.139s] -- Up-to-date symlink: /home/r2/mobile/install/mobile_description/share/mobile_description/local_setup.dsv
[7.139s] -- Symlinking: /home/r2/mobile/install/mobile_description/share/mobile_description/package.dsv
[7.143s] -- Up-to-date symlink: /home/r2/mobile/install/mobile_description/share/ament_index/resource_index/packages/mobile_description
[7.143s] -- Up-to-date symlink: /home/r2/mobile/install/mobile_description/share/mobile_description/cmake/mobile_descriptionConfig.cmake
[7.143s] -- Up-to-date symlink: /home/r2/mobile/install/mobile_description/share/mobile_description/cmake/mobile_descriptionConfig-version.cmake
[7.143s] -- Up-to-date symlink: /home/r2/mobile/install/mobile_description/share/mobile_description/package.xml
[7.145s] Invoked command in '/home/r2/mobile/build/mobile_description' returned '0': CMAKE_PREFIX_PATH=${CMAKE_PREFIX_PATH}:/home/r2/mobile/install/my_py_controllers:/opt/ros/humble /usr/bin/cmake --install /home/r2/mobile/build/mobile_description
