[0.585s] Invoking command in '/home/r2/mobile/build/my_py_controllers': PYTHONPATH=/home/r2/mobile/build/my_py_controllers/prefix_override:/home/r2/mobile/install/my_py_controllers/lib/python3.10/site-packages:${PYTHONPATH} /usr/bin/python3 setup.py develop --uninstall --editable --build-directory /home/r2/mobile/build/my_py_controllers/build
[0.844s] running develop
[0.844s] /usr/lib/python3/dist-packages/setuptools/command/easy_install.py:158: EasyInstallDeprecationWarning: easy_install command is deprecated. Use build and pip and other standards-based tools.
[0.844s]   warnings.warn(
[0.845s] /usr/lib/python3/dist-packages/setuptools/command/install.py:34: SetuptoolsDeprecationWarning: setup.py install is deprecated. Use build and pip and other standards-based tools.
[0.845s]   warnings.warn(
[1.026s] Invoked command in '/home/r2/mobile/build/my_py_controllers' returned '0': PYTHONPATH=/home/r2/mobile/build/my_py_controllers/prefix_override:/home/r2/mobile/install/my_py_controllers/lib/python3.10/site-packages:${PYTHONPATH} /usr/bin/python3 setup.py develop --uninstall --editable --build-directory /home/r2/mobile/build/my_py_controllers/build
[1.029s] Invoking command in '/home/r2/mobile/src/my_py_controllers': PYTHONPATH=/home/r2/mobile/build/my_py_controllers/prefix_override:/home/r2/mobile/install/my_py_controllers/lib/python3.10/site-packages:${PYTHONPATH} /usr/bin/python3 setup.py egg_info --egg-base ../../build/my_py_controllers build --build-base /home/r2/mobile/build/my_py_controllers/build install --record /home/r2/mobile/build/my_py_controllers/install.log --single-version-externally-managed
[1.199s] running egg_info
[1.200s] writing ../../build/my_py_controllers/my_py_controllers.egg-info/PKG-INFO
[1.201s] writing dependency_links to ../../build/my_py_controllers/my_py_controllers.egg-info/dependency_links.txt
[1.201s] writing entry points to ../../build/my_py_controllers/my_py_controllers.egg-info/entry_points.txt
[1.201s] writing requirements to ../../build/my_py_controllers/my_py_controllers.egg-info/requires.txt
[1.201s] writing top-level names to ../../build/my_py_controllers/my_py_controllers.egg-info/top_level.txt
[1.203s] reading manifest file '../../build/my_py_controllers/my_py_controllers.egg-info/SOURCES.txt'
[1.204s] writing manifest file '../../build/my_py_controllers/my_py_controllers.egg-info/SOURCES.txt'
[1.204s] running build
[1.204s] running build_py
[1.205s] running install
[1.205s] /usr/lib/python3/dist-packages/setuptools/command/install.py:34: SetuptoolsDeprecationWarning: setup.py install is deprecated. Use build and pip and other standards-based tools.
[1.205s]   warnings.warn(
[1.206s] running install_lib
[1.207s] running install_data
[1.208s] running install_egg_info
[1.209s] removing '/home/r2/mobile/install/my_py_controllers/lib/python3.10/site-packages/my_py_controllers-0.0.0-py3.10.egg-info' (and everything under it)
[1.209s] Copying ../../build/my_py_controllers/my_py_controllers.egg-info to /home/r2/mobile/install/my_py_controllers/lib/python3.10/site-packages/my_py_controllers-0.0.0-py3.10.egg-info
[1.210s] running install_scripts
[1.231s] Installing cmd_vel_mobile_controller script to /home/r2/mobile/install/my_py_controllers/lib/my_py_controllers
[1.231s] writing list of installed files to '/home/r2/mobile/build/my_py_controllers/install.log'
[1.259s] Invoked command in '/home/r2/mobile/src/my_py_controllers' returned '0': PYTHONPATH=/home/r2/mobile/build/my_py_controllers/prefix_override:/home/r2/mobile/install/my_py_controllers/lib/python3.10/site-packages:${PYTHONPATH} /usr/bin/python3 setup.py egg_info --egg-base ../../build/my_py_controllers build --build-base /home/r2/mobile/build/my_py_controllers/build install --record /home/r2/mobile/build/my_py_controllers/install.log --single-version-externally-managed
