[0.013s] Invoking command in '/home/r2/mobile/build/mobile_description': CMAKE_PREFIX_PATH=${CMAKE_PREFIX_PATH}:/opt/ros/humble /usr/bin/cmake --build /home/r2/mobile/build/mobile_description -- -j6 -l6
[0.030s] -- Found ament_cmake: 1.3.5 (/opt/ros/humble/share/ament_cmake/cmake)
[0.132s] -- Found rclcpp: 16.0.5 (/opt/ros/humble/share/rclcpp/cmake)
[0.158s] -- Found rosidl_generator_c: 3.1.5 (/opt/ros/humble/share/rosidl_generator_c/cmake)
[0.160s] -- Found rosidl_adapter: 3.1.5 (/opt/ros/humble/share/rosidl_adapter/cmake)
[0.166s] -- Found rosidl_generator_cpp: 3.1.5 (/opt/ros/humble/share/rosidl_generator_cpp/cmake)
[0.177s] -- Using all available rosidl_typesupport_c: rosidl_typesupport_fastrtps_c;rosidl_typesupport_introspection_c
[0.192s] -- Using all available rosidl_typesupport_cpp: rosidl_typesupport_fastrtps_cpp;rosidl_typesupport_introspection_cpp
[0.251s] -- Found rmw_implementation_cmake: 6.1.1 (/opt/ros/humble/share/rmw_implementation_cmake/cmake)
[0.252s] -- Found rmw_fastrtps_cpp: 6.2.3 (/opt/ros/humble/share/rmw_fastrtps_cpp/cmake)
[0.343s] -- Using RMW implementation 'rmw_fastrtps_cpp' as default
[0.504s] -- Found nav_msgs: 4.2.3 (/opt/ros/humble/share/nav_msgs/cmake)
[0.683s] -- Configuring done
[0.691s] -- Generating done
[0.693s] -- Build files have been written to: /home/r2/mobile/build/mobile_description
[0.712s] [35m[1mConsolidate compiler generated dependencies of target cmd_vel_mobile_controller[0m
[0.723s] [100%] Built target cmd_vel_mobile_controller
[0.729s] Invoked command in '/home/r2/mobile/build/mobile_description' returned '0': CMAKE_PREFIX_PATH=${CMAKE_PREFIX_PATH}:/opt/ros/humble /usr/bin/cmake --build /home/r2/mobile/build/mobile_description -- -j6 -l6
[0.747s] Invoking command in '/home/r2/mobile/build/mobile_description': CMAKE_PREFIX_PATH=${CMAKE_PREFIX_PATH}:/opt/ros/humble /usr/bin/cmake --install /home/r2/mobile/build/mobile_description
[0.750s] -- Install configuration: ""
[0.751s] -- Up-to-date: /home/r2/mobile/install/mobile_description/share/mobile_description//config
[0.751s] -- Up-to-date: /home/r2/mobile/install/mobile_description/share/mobile_description//examples
[0.751s] -- Up-to-date: /home/r2/mobile/install/mobile_description/share/mobile_description//examples/cmd_vel_mobile.cpp
[0.751s] -- Up-to-date: /home/r2/mobile/install/mobile_description/share/mobile_description//launch
[0.751s] -- Up-to-date: /home/r2/mobile/install/mobile_description/share/mobile_description//launch/display.launch.xml
[0.751s] -- Up-to-date: /home/r2/mobile/install/mobile_description/share/mobile_description//meshes
[0.751s] -- Up-to-date: /home/r2/mobile/install/mobile_description/share/mobile_description//meshes/jetson_link.STL
[0.751s] -- Up-to-date: /home/r2/mobile/install/mobile_description/share/mobile_description//meshes/caster_base.STL
[0.751s] -- Up-to-date: /home/r2/mobile/install/mobile_description/share/mobile_description//meshes/base_link.STL
[0.751s] -- Up-to-date: /home/r2/mobile/install/mobile_description/share/mobile_description//meshes/right_wheel.STL
[0.751s] -- Up-to-date: /home/r2/mobile/install/mobile_description/share/mobile_description//meshes/lidar_link.STL
[0.751s] -- Up-to-date: /home/r2/mobile/install/mobile_description/share/mobile_description//meshes/left_wheel.STL
[0.751s] -- Up-to-date: /home/r2/mobile/install/mobile_description/share/mobile_description//meshes/caster_wheel_joint.STL
[0.751s] -- Up-to-date: /home/r2/mobile/install/mobile_description/share/mobile_description//rviz
[0.751s] -- Up-to-date: /home/r2/mobile/install/mobile_description/share/mobile_description//rviz/rviz_config.rviz
[0.752s] -- Up-to-date: /home/r2/mobile/install/mobile_description/share/mobile_description//urdf
[0.752s] -- Up-to-date: /home/r2/mobile/install/mobile_description/share/mobile_description//urdf/mobile_gazebo.xacro
[0.752s] -- Up-to-date: /home/r2/mobile/install/mobile_description/share/mobile_description//urdf/mobile.urdf.xacro
[0.752s] -- Up-to-date: /home/r2/mobile/install/mobile_description/share/mobile_description//urdf/common_mobile.xacro
[0.752s] -- Up-to-date: /home/r2/mobile/install/mobile_description/share/mobile_description//urdf/camera.xacro
[0.752s] -- Up-to-date: /home/r2/mobile/install/mobile_description/share/mobile_description//urdf/mobile.xacro
[0.752s] -- Up-to-date: /home/r2/mobile/install/mobile_description/share/mobile_description//urdf/lidar.xacro
[0.752s] -- Installing: /home/r2/mobile/install/mobile_description/lib/mobile_description/cmd_vel_mobile_controller
[0.753s] -- Set runtime path of "/home/r2/mobile/install/mobile_description/lib/mobile_description/cmd_vel_mobile_controller" to ""
[0.754s] -- Up-to-date: /home/r2/mobile/install/mobile_description/share/ament_index/resource_index/package_run_dependencies/mobile_description
[0.754s] -- Up-to-date: /home/r2/mobile/install/mobile_description/share/ament_index/resource_index/parent_prefix_path/mobile_description
[0.754s] -- Up-to-date: /home/r2/mobile/install/mobile_description/share/mobile_description/environment/ament_prefix_path.sh
[0.754s] -- Installing: /home/r2/mobile/install/mobile_description/share/mobile_description/environment/ament_prefix_path.dsv
[0.754s] -- Up-to-date: /home/r2/mobile/install/mobile_description/share/mobile_description/environment/path.sh
[0.754s] -- Installing: /home/r2/mobile/install/mobile_description/share/mobile_description/environment/path.dsv
[0.754s] -- Up-to-date: /home/r2/mobile/install/mobile_description/share/mobile_description/local_setup.bash
[0.754s] -- Up-to-date: /home/r2/mobile/install/mobile_description/share/mobile_description/local_setup.sh
[0.755s] -- Up-to-date: /home/r2/mobile/install/mobile_description/share/mobile_description/local_setup.zsh
[0.755s] -- Installing: /home/r2/mobile/install/mobile_description/share/mobile_description/local_setup.dsv
[0.755s] -- Installing: /home/r2/mobile/install/mobile_description/share/mobile_description/package.dsv
[0.755s] -- Up-to-date: /home/r2/mobile/install/mobile_description/share/ament_index/resource_index/packages/mobile_description
[0.755s] -- Up-to-date: /home/r2/mobile/install/mobile_description/share/mobile_description/cmake/mobile_descriptionConfig.cmake
[0.755s] -- Up-to-date: /home/r2/mobile/install/mobile_description/share/mobile_description/cmake/mobile_descriptionConfig-version.cmake
[0.755s] -- Up-to-date: /home/r2/mobile/install/mobile_description/share/mobile_description/package.xml
[0.757s] Invoked command in '/home/r2/mobile/build/mobile_description' returned '0': CMAKE_PREFIX_PATH=${CMAKE_PREFIX_PATH}:/opt/ros/humble /usr/bin/cmake --install /home/r2/mobile/build/mobile_description
