running egg_info
creating ../../build/my_py_controllers/my_py_controllers.egg-info
writing ../../build/my_py_controllers/my_py_controllers.egg-info/PKG-INFO
writing dependency_links to ../../build/my_py_controllers/my_py_controllers.egg-info/dependency_links.txt
writing entry points to ../../build/my_py_controllers/my_py_controllers.egg-info/entry_points.txt
writing requirements to ../../build/my_py_controllers/my_py_controllers.egg-info/requires.txt
writing top-level names to ../../build/my_py_controllers/my_py_controllers.egg-info/top_level.txt
writing manifest file '../../build/my_py_controllers/my_py_controllers.egg-info/SOURCES.txt'
reading manifest file '../../build/my_py_controllers/my_py_controllers.egg-info/SOURCES.txt'
writing manifest file '../../build/my_py_controllers/my_py_controllers.egg-info/SOURCES.txt'
running build
running build_py
creating /home/r2/mobile/build/my_py_controllers/build
creating /home/r2/mobile/build/my_py_controllers/build/lib
creating /home/r2/mobile/build/my_py_controllers/build/lib/my_py_controllers
copying my_py_controllers/__init__.py -> /home/r2/mobile/build/my_py_controllers/build/lib/my_py_controllers
copying my_py_controllers/cmd_vel_mobile.py -> /home/r2/mobile/build/my_py_controllers/build/lib/my_py_controllers
running install
/usr/lib/python3/dist-packages/setuptools/command/install.py:34: SetuptoolsDeprecationWarning: setup.py install is deprecated. Use build and pip and other standards-based tools.
  warnings.warn(
running install_lib
creating /home/r2/mobile/install/my_py_controllers/lib/python3.10/site-packages/my_py_controllers
copying /home/r2/mobile/build/my_py_controllers/build/lib/my_py_controllers/__init__.py -> /home/r2/mobile/install/my_py_controllers/lib/python3.10/site-packages/my_py_controllers
copying /home/r2/mobile/build/my_py_controllers/build/lib/my_py_controllers/cmd_vel_mobile.py -> /home/r2/mobile/install/my_py_controllers/lib/python3.10/site-packages/my_py_controllers
byte-compiling /home/r2/mobile/install/my_py_controllers/lib/python3.10/site-packages/my_py_controllers/__init__.py to __init__.cpython-310.pyc
byte-compiling /home/r2/mobile/install/my_py_controllers/lib/python3.10/site-packages/my_py_controllers/cmd_vel_mobile.py to cmd_vel_mobile.cpython-310.pyc
running install_data
creating /home/r2/mobile/install/my_py_controllers/share/ament_index
creating /home/r2/mobile/install/my_py_controllers/share/ament_index/resource_index
creating /home/r2/mobile/install/my_py_controllers/share/ament_index/resource_index/packages
copying resource/my_py_controllers -> /home/r2/mobile/install/my_py_controllers/share/ament_index/resource_index/packages
copying package.xml -> /home/r2/mobile/install/my_py_controllers/share/my_py_controllers
running install_egg_info
Copying ../../build/my_py_controllers/my_py_controllers.egg-info to /home/r2/mobile/install/my_py_controllers/lib/python3.10/site-packages/my_py_controllers-0.0.0-py3.10.egg-info
running install_scripts
Installing cmd_vel_mobile_controller script to /home/r2/mobile/install/my_py_controllers/lib/my_py_controllers
writing list of installed files to '/home/r2/mobile/build/my_py_controllers/install.log'
